#
# There is insufficient memory for the Java Runtime Environment to continue.
# Native memory allocation (mmap) failed to map 39845888 bytes for Failed to commit area from 0x000000008bc00000 to 0x000000008e200000 of length 39845888.
# Possible reasons:
#   The system is out of physical RAM or swap space
#   The process is running with CompressedOops enabled, and the Java Heap may be blocking the growth of the native heap
# Possible solutions:
#   Reduce memory load on the system
#   Increase physical memory or swap space
#   Check if swap backing store is full
#   Decrease Java heap size (-Xmx/-Xms)
#   Decrease number of Java threads
#   Decrease Java thread stack sizes (-Xss)
#   Set larger code cache with -XX:ReservedCodeCacheSize=
#   JVM is running with Unscaled Compressed Oops mode in which the Java heap is
#     placed in the first 4GB address space. The Java Heap base address is the
#     maximum limit for the native heap growth. Please use -XX:HeapBaseMinAddress
#     to set the Java Heap base and to place the Java Heap above 4GB virtual address.
# This output file may be truncated or incomplete.
#
#  Out of Memory Error (t:/workspace/open/src/hotspot/os/windows/os_windows.cpp:3264), pid=12292, tid=5848
#
# JRE version: Java(TM) SE Runtime Environment (12.0.2+10) (build 12.0.2+10)
# Java VM: Java HotSpot(TM) 64-Bit Server VM (12.0.2+10, mixed mode, sharing, tiered, compressed oops, g1 gc, windows-amd64)
# No core dump will be written. Minidumps are not enabled by default on client versions of Windows
#

---------------  S U M M A R Y ------------

Command Line: --add-opens=java.base/java.util=ALL-UNNAMED --add-opens=java.base/java.lang=ALL-UNNAMED --add-opens=java.base/java.lang.invoke=ALL-UNNAMED --add-opens=java.prefs/java.util.prefs=ALL-UNNAMED --add-opens=java.base/java.nio.charset=ALL-UNNAMED --add-opens=java.base/java.net=ALL-UNNAMED --add-opens=java.base/java.util.concurrent.atomic=ALL-UNNAMED -Xmx2048m -Dfile.encoding=UTF-8 -Duser.country=TR -Duser.language=tr -Duser.variant org.gradle.launcher.daemon.bootstrap.GradleDaemon 8.0

Host: AMD Ryzen 7 2700U with Radeon Vega Mobile Gfx  , 8 cores, 6G,  Windows 10 , 64 bit Build 19041 (10.0.19041.3636)
Time: Tue Nov 21 14:51:19 2023 Türkiye Standart Saati elapsed time: 19 seconds (0d 0h 0m 19s)

---------------  T H R E A D  ---------------

Current thread (0x000001b442ccb800):  VMThread "VM Thread" [stack: 0x000000331d000000,0x000000331d100000] [id=5848]

Stack: [0x000000331d000000,0x000000331d100000]
[error occurred during error reporting (printing stack bounds), id 0xc0000005, EXCEPTION_ACCESS_VIOLATION (0xc0000005) at pc=0x000001b42c390bad]

Native frames: (J=compiled Java code, j=interpreted, Vv=VM code, C=native code)
V  [jvm.dll+0x63aa2a]
V  [jvm.dll+0x78ce1e]
V  [jvm.dll+0x78e4c1]
V  [jvm.dll+0x78ea75]
V  [jvm.dll+0x78ea2b]
V  [jvm.dll+0x63a134]
V  [jvm.dll+0x63a4f8]
C  [ntdll.dll+0xa23af]
C  [ntdll.dll+0x514b4]
C  [ntdll.dll+0xa0ebe]
C  0x000001b42c390bad

VM_Operation (0x000000331e4f71d0): G1CollectForAllocation, mode: safepoint, requested by thread 0x000001b444329800


---------------  P R O C E S S  ---------------

Threads class SMR info:
_java_thread_list=0x000001b4475d5200, length=125, elements={
0x000001b423f87000, 0x000001b442ccf800, 0x000001b442cd3000, 0x000001b442cf0800,
0x000001b442cf4000, 0x000001b442cf5800, 0x000001b442d03800, 0x000001b442d2d800,
0x000001b44375d000, 0x000001b44376c000, 0x000001b445212800, 0x000001b4438d6800,
0x000001b443c30000, 0x000001b444bf3000, 0x000001b444bf4000, 0x000001b444c92800,
0x000001b444329800, 0x000001b4451a8000, 0x000001b4454a5800, 0x000001b444c90000,
0x000001b444c90800, 0x000001b444c8e800, 0x000001b444c8f000, 0x000001b4448d7800,
0x000001b44381d800, 0x000001b44381c000, 0x000001b443818800, 0x000001b44381d000,
0x000001b443819800, 0x000001b4484c1800, 0x000001b443818000, 0x000001b44381e800,
0x000001b44381b000, 0x000001b44381a800, 0x000001b44b50f800, 0x000001b44b512000,
0x000001b44b50e000, 0x000001b44b50f000, 0x000001b44b50c800, 0x000001b44b515800,
0x000001b44b513800, 0x000001b44b513000, 0x000001b44b510800, 0x000001b44b516000,
0x000001b44b518000, 0x000001b44b51a800, 0x000001b44b514800, 0x000001b44b519800,
0x000001b44b51b000, 0x000001b44b518800, 0x000001b44b517000, 0x000001b448b3d000,
0x000001b448b38800, 0x000001b448b3c000, 0x000001b448b3d800, 0x000001b448b39800,
0x000001b448b3a800, 0x000001b448b38000, 0x000001b448b3e800, 0x000001b448b3f800,
0x000001b448b40000, 0x000001b448b41000, 0x000001b448b3b000, 0x000001b448b45000,
0x000001b448b44000, 0x000001b448b41800, 0x000001b448b46800, 0x000001b448b43800,
0x000001b448b46000, 0x000001b448b42800, 0x000001b445f8b000, 0x000001b445f8f000,
0x000001b445f8c800, 0x000001b445f90000, 0x000001b445f8d800, 0x000001b445f8e800,
0x000001b445f8a800, 0x000001b445f91000, 0x000001b445f91800, 0x000001b445f8c000,
0x000001b445f96800, 0x000001b445f95800, 0x000001b445f97800, 0x000001b445f95000,
0x000001b445f98000, 0x000001b445f92800, 0x000001b445f99000, 0x000001b445f93800,
0x000001b445f94000, 0x000001b449973000, 0x000001b449977000, 0x000001b449976000,
0x000001b449974000, 0x000001b449971800, 0x000001b449978000, 0x000001b449972000,
0x000001b449978800, 0x000001b44997a800, 0x000001b449979800, 0x000001b449974800,
0x000001b44997b000, 0x000001b449975800, 0x000001b44997c000, 0x000001b44997d800,
0x000001b44997c800, 0x000001b44997f000, 0x000001b44997e800, 0x000001b449980000,
0x000001b448aed800, 0x000001b448aef000, 0x000001b448aef800, 0x000001b448af0800,
0x000001b448aeb000, 0x000001b448af1800, 0x000001b448aeb800, 0x000001b448af2000,
0x000001b448aec800, 0x000001b448af3000, 0x000001b448af4000, 0x000001b448aee000,
0x000001b448af8000, 0x000001b448af4800, 0x000001b448af5800, 0x000001b448af9800,
0x000001b448af6800
}

Java Threads: ( => current thread )
  0x000001b423f87000 JavaThread "main" [_thread_blocked, id=6188, stack(0x000000331ca00000,0x000000331cb00000)]
  0x000001b442ccf800 JavaThread "Reference Handler" daemon [_thread_blocked, id=20148, stack(0x000000331d100000,0x000000331d200000)]
  0x000001b442cd3000 JavaThread "Finalizer" daemon [_thread_blocked, id=2824, stack(0x000000331d200000,0x000000331d300000)]
  0x000001b442cf0800 JavaThread "Signal Dispatcher" daemon [_thread_blocked, id=16640, stack(0x000000331d300000,0x000000331d400000)]
  0x000001b442cf4000 JavaThread "Attach Listener" daemon [_thread_blocked, id=3628, stack(0x000000331d400000,0x000000331d500000)]
  0x000001b442cf5800 JavaThread "C2 CompilerThread0" daemon [_thread_in_native, id=18776, stack(0x000000331d500000,0x000000331d600000)]
  0x000001b442d03800 JavaThread "C1 CompilerThread0" daemon [_thread_blocked, id=12372, stack(0x000000331d600000,0x000000331d700000)]
  0x000001b442d2d800 JavaThread "Sweeper thread" daemon [_thread_blocked, id=11512, stack(0x000000331d700000,0x000000331d800000)]
  0x000001b44375d000 JavaThread "Common-Cleaner" daemon [_thread_blocked, id=15644, stack(0x000000331d800000,0x000000331d900000)]
  0x000001b44376c000 JavaThread "Service Thread" daemon [_thread_blocked, id=16112, stack(0x000000331d900000,0x000000331da00000)]
  0x000001b445212800 JavaThread "Daemon health stats" [_thread_blocked, id=6360, stack(0x000000331dc00000,0x000000331dd00000)]
  0x000001b4438d6800 JavaThread "Incoming local TCP Connector on port 49489" [_thread_in_native, id=15524, stack(0x000000331db00000,0x000000331dc00000)]
  0x000001b443c30000 JavaThread "Daemon periodic checks" [_thread_blocked, id=19432, stack(0x000000331e000000,0x000000331e100000)]
  0x000001b444bf3000 JavaThread "Daemon" [_thread_blocked, id=17652, stack(0x000000331e100000,0x000000331e200000)]
  0x000001b444bf4000 JavaThread "Handler for socket connection from /127.0.0.1:49489 to /127.0.0.1:49490" [_thread_in_native, id=19172, stack(0x000000331e200000,0x000000331e300000)]
  0x000001b444c92800 JavaThread "Cancel handler" [_thread_blocked, id=21048, stack(0x000000331e300000,0x000000331e400000)]
  0x000001b444329800 JavaThread "Daemon worker" [_thread_blocked, id=10628, stack(0x000000331e400000,0x000000331e500000)]
  0x000001b4451a8000 JavaThread "Asynchronous log dispatcher for DefaultDaemonConnection: socket connection from /127.0.0.1:49489 to /127.0.0.1:49490" [_thread_blocked, id=21380, stack(0x000000331e500000,0x000000331e600000)]
  0x000001b4454a5800 JavaThread "Stdin handler" [_thread_blocked, id=16532, stack(0x000000331e600000,0x000000331e700000)]
  0x000001b444c90000 JavaThread "Daemon client event forwarder" [_thread_blocked, id=9428, stack(0x000000331e700000,0x000000331e800000)]
  0x000001b444c90800 JavaThread "Cache worker for journal cache (C:\Users\user\.gradle\caches\journal-1)" [_thread_blocked, id=3936, stack(0x000000331e800000,0x000000331e900000)]
  0x000001b444c8e800 JavaThread "File lock request listener" [_thread_in_native, id=16892, stack(0x000000331e900000,0x000000331ea00000)]
  0x000001b444c8f000 JavaThread "Cache worker for file hash cache (C:\Users\user\.gradle\caches\8.0\fileHashes)" [_thread_blocked, id=14948, stack(0x000000331ee00000,0x000000331ef00000)]
  0x000001b4448d7800 JavaThread "C2 CompilerThread1" daemon [_thread_in_native, id=20220, stack(0x000000331ef00000,0x000000331f000000)]
  0x000001b44381d800 JavaThread "File watcher server" daemon [_thread_in_native, id=12452, stack(0x000000331f000000,0x000000331f100000)]
  0x000001b44381c000 JavaThread "File watcher consumer" daemon [_thread_blocked, id=11776, stack(0x000000331f100000,0x000000331f200000)]
  0x000001b443818800 JavaThread "Cache worker for checksums cache (C:\Users\user\Desktop\Projeler\kotlin-coroutines-master\ConfessMe-master53\.gradle\8.0\checksums)" [_thread_blocked, id=19984, stack(0x000000331f200000,0x000000331f300000)]
  0x000001b44381d000 JavaThread "Cache worker for cache directory md-rule (C:\Users\user\.gradle\caches\8.0\md-rule)" [_thread_blocked, id=12116, stack(0x000000331f300000,0x000000331f400000)]
  0x000001b443819800 JavaThread "Cache worker for file content cache (C:\Users\user\.gradle\caches\8.0\fileContent)" [_thread_blocked, id=5308, stack(0x000000331f500000,0x000000331f600000)]
  0x000001b4484c1800 JavaThread "C2 CompilerThread2" daemon [_thread_blocked, id=2592, stack(0x000000331f600000,0x000000331f700000)]
  0x000001b443818000 JavaThread "Cache worker for file hash cache (C:\Users\user\Desktop\Projeler\kotlin-coroutines-master\ConfessMe-master53\.gradle\8.0\fileHashes)" [_thread_blocked, id=11704, stack(0x000000331f700000,0x000000331f800000)]
  0x000001b44381e800 JavaThread "Cache worker for cache directory md-supplier (C:\Users\user\.gradle\caches\8.0\md-supplier)" [_thread_blocked, id=19284, stack(0x000000331f800000,0x000000331f900000)]
  0x000001b44381b000 JavaThread "Cache worker for execution history cache (C:\Users\user\.gradle\caches\8.0\executionHistory)" [_thread_blocked, id=20476, stack(0x000000331f900000,0x000000331fa00000)]
  0x000001b44381a800 JavaThread "jar transforms" [_thread_blocked, id=9036, stack(0x000000331fa00000,0x000000331fb00000)]
  0x000001b44b50f800 JavaThread "jar transforms Thread 2" [_thread_blocked, id=14224, stack(0x000000331fb00000,0x000000331fc00000)]
  0x000001b44b512000 JavaThread "jar transforms Thread 3" [_thread_blocked, id=18512, stack(0x000000331fc00000,0x000000331fd00000)]
  0x000001b44b50e000 JavaThread "jar transforms Thread 4" [_thread_blocked, id=10284, stack(0x000000331fd00000,0x000000331fe00000)]
  0x000001b44b50f000 JavaThread "Cache worker for dependencies-accessors (C:\Users\user\Desktop\Projeler\kotlin-coroutines-master\ConfessMe-master53\.gradle\8.0\dependencies-accessors)" [_thread_blocked, id=20944, stack(0x000000331fe00000,0x000000331ff00000)]
  0x000001b44b50c800 JavaThread "jar transforms Thread 5" [_thread_blocked, id=11312, stack(0x000000331ff00000,0x0000003320000000)]
  0x000001b44b515800 JavaThread "Cache worker for Build Output Cleanup Cache (C:\Users\user\Desktop\Projeler\kotlin-coroutines-master\ConfessMe-master53\.gradle\buildOutputCleanup)" [_thread_blocked, id=9948, stack(0x0000003320000000,0x0000003320100000)]
  0x000001b44b513800 JavaThread "Unconstrained build operations" [_thread_blocked, id=16036, stack(0x0000003320100000,0x0000003320200000)]
  0x000001b44b513000 JavaThread "Unconstrained build operations Thread 2" [_thread_blocked, id=11028, stack(0x0000003320200000,0x0000003320300000)]
  0x000001b44b510800 JavaThread "Unconstrained build operations Thread 3" [_thread_blocked, id=8936, stack(0x0000003320300000,0x0000003320400000)]
  0x000001b44b516000 JavaThread "Unconstrained build operations Thread 4" [_thread_blocked, id=21240, stack(0x0000003320400000,0x0000003320500000)]
  0x000001b44b518000 JavaThread "Unconstrained build operations Thread 5" [_thread_blocked, id=20636, stack(0x0000003320500000,0x0000003320600000)]
  0x000001b44b51a800 JavaThread "Unconstrained build operations Thread 6" [_thread_blocked, id=11808, stack(0x0000003320600000,0x0000003320700000)]
  0x000001b44b514800 JavaThread "Unconstrained build operations Thread 7" [_thread_blocked, id=8080, stack(0x0000003320700000,0x0000003320800000)]
  0x000001b44b519800 JavaThread "Unconstrained build operations Thread 8" [_thread_blocked, id=14252, stack(0x0000003320800000,0x0000003320900000)]
  0x000001b44b51b000 JavaThread "Unconstrained build operations Thread 9" [_thread_blocked, id=4332, stack(0x0000003320900000,0x0000003320a00000)]
  0x000001b44b518800 JavaThread "Unconstrained build operations Thread 10" [_thread_blocked, id=15192, stack(0x0000003320a00000,0x0000003320b00000)]
  0x000001b44b517000 JavaThread "Unconstrained build operations Thread 11" [_thread_blocked, id=19340, stack(0x0000003320b00000,0x0000003320c00000)]
  0x000001b448b3d000 JavaThread "Unconstrained build operations Thread 12" [_thread_blocked, id=17644, stack(0x0000003320c00000,0x0000003320d00000)]
  0x000001b448b38800 JavaThread "Unconstrained build operations Thread 13" [_thread_blocked, id=14380, stack(0x0000003320d00000,0x0000003320e00000)]
  0x000001b448b3c000 JavaThread "Unconstrained build operations Thread 14" [_thread_blocked, id=1472, stack(0x0000003320e00000,0x0000003320f00000)]
  0x000001b448b3d800 JavaThread "Unconstrained build operations Thread 15" [_thread_blocked, id=20240, stack(0x0000003320f00000,0x0000003321000000)]
  0x000001b448b39800 JavaThread "Unconstrained build operations Thread 16" [_thread_blocked, id=13344, stack(0x0000003321000000,0x0000003321100000)]
  0x000001b448b3a800 JavaThread "Unconstrained build operations Thread 17" [_thread_blocked, id=11548, stack(0x0000003321100000,0x0000003321200000)]
  0x000001b448b38000 JavaThread "Unconstrained build operations Thread 18" [_thread_blocked, id=19480, stack(0x0000003321200000,0x0000003321300000)]
  0x000001b448b3e800 JavaThread "Unconstrained build operations Thread 19" [_thread_blocked, id=12348, stack(0x0000003321300000,0x0000003321400000)]
  0x000001b448b3f800 JavaThread "Unconstrained build operations Thread 20" [_thread_blocked, id=9788, stack(0x0000003321400000,0x0000003321500000)]
  0x000001b448b40000 JavaThread "Unconstrained build operations Thread 21" [_thread_blocked, id=8212, stack(0x0000003321500000,0x0000003321600000)]
  0x000001b448b41000 JavaThread "Unconstrained build operations Thread 22" [_thread_blocked, id=12248, stack(0x0000003321600000,0x0000003321700000)]
  0x000001b448b3b000 JavaThread "Unconstrained build operations Thread 23" [_thread_blocked, id=16004, stack(0x0000003321700000,0x0000003321800000)]
  0x000001b448b45000 JavaThread "Unconstrained build operations Thread 24" [_thread_blocked, id=3752, stack(0x0000003321800000,0x0000003321900000)]
  0x000001b448b44000 JavaThread "Unconstrained build operations Thread 25" [_thread_blocked, id=20548, stack(0x0000003321900000,0x0000003321a00000)]
  0x000001b448b41800 JavaThread "Unconstrained build operations Thread 26" [_thread_blocked, id=19736, stack(0x0000003321a00000,0x0000003321b00000)]
  0x000001b448b46800 JavaThread "Unconstrained build operations Thread 27" [_thread_blocked, id=19840, stack(0x0000003321b00000,0x0000003321c00000)]
  0x000001b448b43800 JavaThread "Unconstrained build operations Thread 28" [_thread_blocked, id=16064, stack(0x0000003321c00000,0x0000003321d00000)]
  0x000001b448b46000 JavaThread "Unconstrained build operations Thread 29" [_thread_blocked, id=15996, stack(0x0000003321d00000,0x0000003321e00000)]
  0x000001b448b42800 JavaThread "Unconstrained build operations Thread 30" [_thread_blocked, id=7848, stack(0x0000003321e00000,0x0000003321f00000)]
  0x000001b445f8b000 JavaThread "Unconstrained build operations Thread 31" [_thread_blocked, id=17148, stack(0x0000003321f00000,0x0000003322000000)]
  0x000001b445f8f000 JavaThread "Unconstrained build operations Thread 32" [_thread_blocked, id=3328, stack(0x0000003322000000,0x0000003322100000)]
  0x000001b445f8c800 JavaThread "Unconstrained build operations Thread 33" [_thread_blocked, id=1852, stack(0x0000003322100000,0x0000003322200000)]
  0x000001b445f90000 JavaThread "Unconstrained build operations Thread 34" [_thread_blocked, id=15024, stack(0x0000003322200000,0x0000003322300000)]
  0x000001b445f8d800 JavaThread "Unconstrained build operations Thread 35" [_thread_blocked, id=10528, stack(0x0000003322300000,0x0000003322400000)]
  0x000001b445f8e800 JavaThread "Unconstrained build operations Thread 36" [_thread_blocked, id=14136, stack(0x0000003322400000,0x0000003322500000)]
  0x000001b445f8a800 JavaThread "Unconstrained build operations Thread 37" [_thread_blocked, id=5664, stack(0x0000003322500000,0x0000003322600000)]
  0x000001b445f91000 JavaThread "Unconstrained build operations Thread 38" [_thread_blocked, id=4652, stack(0x0000003322600000,0x0000003322700000)]
  0x000001b445f91800 JavaThread "Unconstrained build operations Thread 39" [_thread_blocked, id=21316, stack(0x0000003322700000,0x0000003322800000)]
  0x000001b445f8c000 JavaThread "Unconstrained build operations Thread 40" [_thread_blocked, id=21288, stack(0x0000003322800000,0x0000003322900000)]
  0x000001b445f96800 JavaThread "Unconstrained build operations Thread 41" [_thread_blocked, id=16920, stack(0x0000003322900000,0x0000003322a00000)]
  0x000001b445f95800 JavaThread "Unconstrained build operations Thread 42" [_thread_blocked, id=17604, stack(0x0000003322a00000,0x0000003322b00000)]
  0x000001b445f97800 JavaThread "Unconstrained build operations Thread 43" [_thread_blocked, id=14124, stack(0x0000003322b00000,0x0000003322c00000)]
  0x000001b445f95000 JavaThread "Unconstrained build operations Thread 44" [_thread_blocked, id=17624, stack(0x0000003322c00000,0x0000003322d00000)]
  0x000001b445f98000 JavaThread "Unconstrained build operations Thread 45" [_thread_blocked, id=21236, stack(0x0000003322d00000,0x0000003322e00000)]
  0x000001b445f92800 JavaThread "Unconstrained build operations Thread 46" [_thread_blocked, id=15572, stack(0x0000003322e00000,0x0000003322f00000)]
  0x000001b445f99000 JavaThread "Unconstrained build operations Thread 47" [_thread_blocked, id=5684, stack(0x0000003322f00000,0x0000003323000000)]
  0x000001b445f93800 JavaThread "Unconstrained build operations Thread 48" [_thread_blocked, id=5208, stack(0x0000003323000000,0x0000003323100000)]
  0x000001b445f94000 JavaThread "Unconstrained build operations Thread 49" [_thread_blocked, id=17352, stack(0x0000003323100000,0x0000003323200000)]
  0x000001b449973000 JavaThread "Unconstrained build operations Thread 50" [_thread_blocked, id=7536, stack(0x0000003323200000,0x0000003323300000)]
  0x000001b449977000 JavaThread "Unconstrained build operations Thread 51" [_thread_blocked, id=8156, stack(0x0000003323300000,0x0000003323400000)]
  0x000001b449976000 JavaThread "Unconstrained build operations Thread 52" [_thread_blocked, id=20628, stack(0x0000003323400000,0x0000003323500000)]
  0x000001b449974000 JavaThread "Unconstrained build operations Thread 53" [_thread_blocked, id=8956, stack(0x0000003323500000,0x0000003323600000)]
  0x000001b449971800 JavaThread "Unconstrained build operations Thread 54" [_thread_blocked, id=7636, stack(0x0000003323600000,0x0000003323700000)]
  0x000001b449978000 JavaThread "Unconstrained build operations Thread 55" [_thread_blocked, id=11636, stack(0x0000003323700000,0x0000003323800000)]
  0x000001b449972000 JavaThread "Unconstrained build operations Thread 56" [_thread_blocked, id=13424, stack(0x0000003323800000,0x0000003323900000)]
  0x000001b449978800 JavaThread "Unconstrained build operations Thread 57" [_thread_blocked, id=18916, stack(0x0000003323900000,0x0000003323a00000)]
  0x000001b44997a800 JavaThread "Unconstrained build operations Thread 58" [_thread_blocked, id=13432, stack(0x0000003323a00000,0x0000003323b00000)]
  0x000001b449979800 JavaThread "Unconstrained build operations Thread 59" [_thread_blocked, id=21224, stack(0x0000003323b00000,0x0000003323c00000)]
  0x000001b449974800 JavaThread "Unconstrained build operations Thread 60" [_thread_blocked, id=15248, stack(0x0000003323c00000,0x0000003323d00000)]
  0x000001b44997b000 JavaThread "Unconstrained build operations Thread 61" [_thread_blocked, id=20724, stack(0x0000003323d00000,0x0000003323e00000)]
  0x000001b449975800 JavaThread "Unconstrained build operations Thread 62" [_thread_blocked, id=10736, stack(0x0000003323e00000,0x0000003323f00000)]
  0x000001b44997c000 JavaThread "Unconstrained build operations Thread 63" [_thread_blocked, id=17616, stack(0x0000003323f00000,0x0000003324000000)]
  0x000001b44997d800 JavaThread "Unconstrained build operations Thread 64" [_thread_blocked, id=4216, stack(0x0000003324000000,0x0000003324100000)]
  0x000001b44997c800 JavaThread "Unconstrained build operations Thread 65" [_thread_blocked, id=15100, stack(0x0000003324100000,0x0000003324200000)]
  0x000001b44997f000 JavaThread "Unconstrained build operations Thread 66" [_thread_blocked, id=4124, stack(0x0000003324200000,0x0000003324300000)]
  0x000001b44997e800 JavaThread "Unconstrained build operations Thread 67" [_thread_blocked, id=1688, stack(0x0000003324300000,0x0000003324400000)]
  0x000001b449980000 JavaThread "Unconstrained build operations Thread 68" [_thread_blocked, id=17912, stack(0x0000003324400000,0x0000003324500000)]
  0x000001b448aed800 JavaThread "Unconstrained build operations Thread 69" [_thread_blocked, id=20656, stack(0x0000003324500000,0x0000003324600000)]
  0x000001b448aef000 JavaThread "Unconstrained build operations Thread 70" [_thread_blocked, id=21432, stack(0x0000003324600000,0x0000003324700000)]
  0x000001b448aef800 JavaThread "Unconstrained build operations Thread 71" [_thread_blocked, id=10244, stack(0x0000003324700000,0x0000003324800000)]
  0x000001b448af0800 JavaThread "Unconstrained build operations Thread 72" [_thread_blocked, id=14184, stack(0x0000003324800000,0x0000003324900000)]
  0x000001b448aeb000 JavaThread "Unconstrained build operations Thread 73" [_thread_blocked, id=11524, stack(0x0000003324900000,0x0000003324a00000)]
  0x000001b448af1800 JavaThread "Unconstrained build operations Thread 74" [_thread_blocked, id=14264, stack(0x0000003324a00000,0x0000003324b00000)]
  0x000001b448aeb800 JavaThread "Unconstrained build operations Thread 75" [_thread_blocked, id=19252, stack(0x0000003324b00000,0x0000003324c00000)]
  0x000001b448af2000 JavaThread "Unconstrained build operations Thread 76" [_thread_blocked, id=9696, stack(0x0000003324c00000,0x0000003324d00000)]
  0x000001b448aec800 JavaThread "Unconstrained build operations Thread 77" [_thread_blocked, id=20968, stack(0x0000003324d00000,0x0000003324e00000)]
  0x000001b448af3000 JavaThread "Unconstrained build operations Thread 78" [_thread_blocked, id=19444, stack(0x0000003324e00000,0x0000003324f00000)]
  0x000001b448af4000 JavaThread "Unconstrained build operations Thread 79" [_thread_blocked, id=21196, stack(0x0000003324f00000,0x0000003325000000)]
  0x000001b448aee000 JavaThread "Unconstrained build operations Thread 80" [_thread_blocked, id=6524, stack(0x0000003325000000,0x0000003325100000)]
  0x000001b448af8000 JavaThread "jar transforms Thread 6" [_thread_blocked, id=19960, stack(0x0000003325100000,0x0000003325200000)]
  0x000001b448af4800 JavaThread "jar transforms Thread 7" [_thread_blocked, id=13664, stack(0x0000003325200000,0x0000003325300000)]
  0x000001b448af5800 JavaThread "jar transforms Thread 8" [_thread_blocked, id=10504, stack(0x0000003325300000,0x0000003325400000)]
  0x000001b448af9800 JavaThread "build event listener" [_thread_blocked, id=2204, stack(0x0000003325400000,0x0000003325500000)]
  0x000001b448af6800 JavaThread "Memory manager" [_thread_blocked, id=8576, stack(0x0000003325500000,0x0000003325600000)]

Other Threads:
=>0x000001b442ccb800 VMThread "VM Thread" [stack: 0x000000331d000000,0x000000331d100000] [id=5848]
  0x000001b44376f000 WatcherThread [stack: 0x000000331da00000,0x000000331db00000] [id=1408]
  0x000001b423fc8000 GCTaskThread "GC Thread#0" [stack: 0x000000331cb00000,0x000000331cc00000] [id=2024]
  0x000001b444c94000 GCTaskThread "GC Thread#1" [stack: 0x000000331dd00000,0x000000331de00000] [id=12548]
  0x000001b445741000 GCTaskThread "GC Thread#2" [stack: 0x000000331de00000,0x000000331df00000] [id=9068]
  0x000001b445a02000 GCTaskThread "GC Thread#3" [stack: 0x000000331df00000,0x000000331e000000] [id=15404]
  0x000001b4452ee000 GCTaskThread "GC Thread#4" [stack: 0x000000331ea00000,0x000000331eb00000] [id=2256]
  0x000001b445422000 GCTaskThread "GC Thread#5" [stack: 0x000000331eb00000,0x000000331ec00000] [id=13448]
  0x000001b44432d000 GCTaskThread "GC Thread#6" [stack: 0x000000331ec00000,0x000000331ed00000] [id=11216]
  0x000001b4454a6800 GCTaskThread "GC Thread#7" [stack: 0x000000331ed00000,0x000000331ee00000] [id=6608]
  0x000001b423fd6800 ConcurrentGCThread "G1 Main Marker" [stack: 0x000000331cc00000,0x000000331cd00000] [id=3860]
  0x000001b423fd8800 ConcurrentGCThread "G1 Conc#0" [stack: 0x000000331cd00000,0x000000331ce00000] [id=7068]
  0x000001b447fde000 ConcurrentGCThread "G1 Conc#1" [stack: 0x000000331f400000,0x000000331f500000] [id=7408]
  0x000001b42405d800 ConcurrentGCThread "G1 Refine#0" [stack: 0x000000331ce00000,0x000000331cf00000] [id=1356]
  0x000001b442b4a800 ConcurrentGCThread "G1 Young RemSet Sampling" [stack: 0x000000331cf00000,0x000000331d000000] [id=12840]

Threads with active compile tasks:
C2 CompilerThread0  9325  s!   4       java.beans.PropertyDescriptor::getWriteMethod (152 bytes)
C2 CompilerThread1  9042       4       org.gradle.internal.instantiation.generator.AbstractClassGenerator::inspectType (560 bytes)
C2 CompilerThread2  9342       4       java.beans.MethodRef::set (58 bytes)

VM state:at safepoint (normal execution)

VM Mutex/Monitor currently owned by a thread:  ([mutex/lock_event])
[0x000001b423f85090] Threads_lock - owner thread: 0x000001b442ccb800
[0x000001b423f85750] Heap_lock - owner thread: 0x000001b444329800

Heap address: 0x0000000080000000, size: 2048 MB, Compressed Oops mode: 32-bit
Narrow klass base: 0x0000000800000000, Narrow klass shift: 3
Compressed class space size: 1073741824 Address: 0x0000000801190000

Heap:
 garbage-first heap   total 231424K, used 93780K [0x0000000080000000, 0x0000000100000000)
  region size 1024K, 7 young (7168K), 7 survivors (7168K)
 Metaspace       used 78977K, capacity 81085K, committed 81276K, reserved 1118208K
  class space    used 10783K, capacity 11541K, committed 11648K, reserved 1048576K
Heap Regions: E=young(eden), S=young(survivor), O=old, HS=humongous(starts), HC=humongous(continues), CS=collection set, F=free, A=archive, TAMS=top-at-mark-start (previous, next)
|   0|0x0000000080000000, 0x0000000080100000, 0x0000000080100000|100%|HS|  |TAMS 0x0000000080100000, 0x0000000080000000| Complete 
|   1|0x0000000080100000, 0x0000000080200000, 0x0000000080200000|100%|HC|  |TAMS 0x0000000080200000, 0x0000000080100000| Complete 
|   2|0x0000000080200000, 0x0000000080300000, 0x0000000080300000|100%|HC|  |TAMS 0x0000000080300000, 0x0000000080200000| Complete 
|   3|0x0000000080300000, 0x0000000080400000, 0x0000000080400000|100%|HC|  |TAMS 0x0000000080400000, 0x0000000080300000| Complete 
|   4|0x0000000080400000, 0x0000000080500000, 0x0000000080500000|100%| O|  |TAMS 0x0000000080500000, 0x0000000080400000| Untracked 
|   5|0x0000000080500000, 0x0000000080600000, 0x0000000080600000|100%| O|  |TAMS 0x0000000080600000, 0x0000000080500000| Untracked 
|   6|0x0000000080600000, 0x0000000080700000, 0x0000000080700000|100%| O|  |TAMS 0x0000000080700000, 0x0000000080600000| Untracked 
|   7|0x0000000080700000, 0x0000000080800000, 0x0000000080800000|100%| O|  |TAMS 0x0000000080800000, 0x0000000080700000| Untracked 
|   8|0x0000000080800000, 0x0000000080900000, 0x0000000080900000|100%| O|  |TAMS 0x0000000080900000, 0x0000000080800000| Untracked 
|   9|0x0000000080900000, 0x0000000080a00000, 0x0000000080a00000|100%| O|  |TAMS 0x0000000080a00000, 0x0000000080900000| Untracked 
|  10|0x0000000080a00000, 0x0000000080b00000, 0x0000000080b00000|100%| O|  |TAMS 0x0000000080b00000, 0x0000000080a00000| Untracked 
|  11|0x0000000080b00000, 0x0000000080c00000, 0x0000000080c00000|100%| O|  |TAMS 0x0000000080c00000, 0x0000000080b00000| Untracked 
|  12|0x0000000080c00000, 0x0000000080d00000, 0x0000000080d00000|100%| O|  |TAMS 0x0000000080d00000, 0x0000000080c00000| Untracked 
|  13|0x0000000080d00000, 0x0000000080e00000, 0x0000000080e00000|100%| O|  |TAMS 0x0000000080e00000, 0x0000000080d00000| Untracked 
|  14|0x0000000080e00000, 0x0000000080f00000, 0x0000000080f00000|100%| O|  |TAMS 0x0000000080f00000, 0x0000000080e00000| Untracked 
|  15|0x0000000080f00000, 0x0000000080fd3600, 0x0000000081000000| 82%| O|  |TAMS 0x0000000080fd3600, 0x0000000080f00000| Untracked 
|  16|0x0000000081000000, 0x0000000081100000, 0x0000000081100000|100%| O|  |TAMS 0x0000000081100000, 0x0000000081000000| Untracked 
|  17|0x0000000081100000, 0x0000000081200000, 0x0000000081200000|100%| O|  |TAMS 0x0000000081200000, 0x0000000081100000| Untracked 
|  18|0x0000000081200000, 0x0000000081300000, 0x0000000081300000|100%| O|  |TAMS 0x0000000081300000, 0x0000000081200000| Untracked 
|  19|0x0000000081300000, 0x0000000081400000, 0x0000000081400000|100%| O|  |TAMS 0x0000000081400000, 0x0000000081300000| Untracked 
|  20|0x0000000081400000, 0x0000000081500000, 0x0000000081500000|100%| O|  |TAMS 0x0000000081500000, 0x0000000081400000| Untracked 
|  21|0x0000000081500000, 0x0000000081600000, 0x0000000081600000|100%| O|  |TAMS 0x0000000081600000, 0x0000000081500000| Untracked 
|  22|0x0000000081600000, 0x0000000081700000, 0x0000000081700000|100%| O|  |TAMS 0x0000000081700000, 0x0000000081600000| Untracked 
|  23|0x0000000081700000, 0x0000000081800000, 0x0000000081800000|100%| O|  |TAMS 0x0000000081800000, 0x0000000081700000| Untracked 
|  24|0x0000000081800000, 0x0000000081900000, 0x0000000081900000|100%| O|  |TAMS 0x0000000081900000, 0x0000000081800000| Untracked 
|  25|0x0000000081900000, 0x0000000081a00000, 0x0000000081a00000|100%| O|  |TAMS 0x0000000081a00000, 0x0000000081900000| Untracked 
|  26|0x0000000081a00000, 0x0000000081b00000, 0x0000000081b00000|100%| O|  |TAMS 0x0000000081b00000, 0x0000000081a00000| Untracked 
|  27|0x0000000081b00000, 0x0000000081c00000, 0x0000000081c00000|100%| O|  |TAMS 0x0000000081c00000, 0x0000000081b00000| Untracked 
|  28|0x0000000081c00000, 0x0000000081d00000, 0x0000000081d00000|100%| O|  |TAMS 0x0000000081d00000, 0x0000000081c00000| Untracked 
|  29|0x0000000081d00000, 0x0000000081e00000, 0x0000000081e00000|100%| O|  |TAMS 0x0000000081e00000, 0x0000000081d00000| Untracked 
|  30|0x0000000081e00000, 0x0000000081f00000, 0x0000000081f00000|100%| O|  |TAMS 0x0000000081f00000, 0x0000000081e00000| Untracked 
|  31|0x0000000081f00000, 0x0000000082000000, 0x0000000082000000|100%| O|  |TAMS 0x0000000082000000, 0x0000000081f00000| Untracked 
|  32|0x0000000082000000, 0x0000000082100000, 0x0000000082100000|100%| O|  |TAMS 0x0000000082100000, 0x0000000082000000| Untracked 
|  33|0x0000000082100000, 0x0000000082200000, 0x0000000082200000|100%| O|  |TAMS 0x0000000082200000, 0x0000000082100000| Untracked 
|  34|0x0000000082200000, 0x0000000082300000, 0x0000000082300000|100%| O|  |TAMS 0x0000000082300000, 0x0000000082200000| Untracked 
|  35|0x0000000082300000, 0x0000000082400000, 0x0000000082400000|100%| O|  |TAMS 0x0000000082400000, 0x0000000082300000| Untracked 
|  36|0x0000000082400000, 0x0000000082500000, 0x0000000082500000|100%| O|  |TAMS 0x0000000082500000, 0x0000000082400000| Untracked 
|  37|0x0000000082500000, 0x0000000082600000, 0x0000000082600000|100%| O|  |TAMS 0x0000000082600000, 0x0000000082500000| Untracked 
|  38|0x0000000082600000, 0x0000000082700000, 0x0000000082700000|100%|HS|  |TAMS 0x0000000082700000, 0x0000000082600000| Complete 
|  39|0x0000000082700000, 0x0000000082800000, 0x0000000082800000|100%|HS|  |TAMS 0x0000000082800000, 0x0000000082700000| Complete 
|  40|0x0000000082800000, 0x0000000082900000, 0x0000000082900000|100%|HC|  |TAMS 0x0000000082900000, 0x0000000082800000| Complete 
|  41|0x0000000082900000, 0x0000000082a00000, 0x0000000082a00000|100%|HS|  |TAMS 0x0000000082a00000, 0x0000000082900000| Complete 
|  42|0x0000000082a00000, 0x0000000082b00000, 0x0000000082b00000|100%|HS|  |TAMS 0x0000000082b00000, 0x0000000082a00000| Complete 
|  43|0x0000000082b00000, 0x0000000082c00000, 0x0000000082c00000|100%|HC|  |TAMS 0x0000000082c00000, 0x0000000082b00000| Complete 
|  44|0x0000000082c00000, 0x0000000082d00000, 0x0000000082d00000|100%|HC|  |TAMS 0x0000000082d00000, 0x0000000082c00000| Complete 
|  45|0x0000000082d00000, 0x0000000082e00000, 0x0000000082e00000|100%|HC|  |TAMS 0x0000000082e00000, 0x0000000082d00000| Complete 
|  46|0x0000000082e00000, 0x0000000082f00000, 0x0000000082f00000|100%| O|  |TAMS 0x0000000082f00000, 0x0000000082e00000| Untracked 
|  47|0x0000000082f00000, 0x0000000083000000, 0x0000000083000000|100%| O|  |TAMS 0x0000000083000000, 0x0000000082f00000| Untracked 
|  48|0x0000000083000000, 0x0000000083100000, 0x0000000083100000|100%| O|  |TAMS 0x0000000083100000, 0x0000000083000000| Untracked 
|  49|0x0000000083100000, 0x0000000083200000, 0x0000000083200000|100%| O|  |TAMS 0x0000000083200000, 0x0000000083100000| Untracked 
|  50|0x0000000083200000, 0x0000000083300000, 0x0000000083300000|100%| O|  |TAMS 0x0000000083300000, 0x0000000083200000| Untracked 
|  51|0x0000000083300000, 0x0000000083400000, 0x0000000083400000|100%| O|  |TAMS 0x0000000083400000, 0x0000000083300000| Untracked 
|  52|0x0000000083400000, 0x0000000083500000, 0x0000000083500000|100%| O|  |TAMS 0x0000000083500000, 0x0000000083400000| Untracked 
|  53|0x0000000083500000, 0x0000000083600000, 0x0000000083600000|100%| O|  |TAMS 0x0000000083600000, 0x0000000083500000| Untracked 
|  54|0x0000000083600000, 0x0000000083700000, 0x0000000083700000|100%| O|  |TAMS 0x00000000836eba00, 0x0000000083600000| Untracked 
|  55|0x0000000083700000, 0x0000000083800000, 0x0000000083800000|100%| O|  |TAMS 0x0000000083700000, 0x0000000083700000| Untracked 
|  56|0x0000000083800000, 0x0000000083900000, 0x0000000083900000|100%| O|  |TAMS 0x0000000083800000, 0x0000000083800000| Untracked 
|  57|0x0000000083900000, 0x0000000083a00000, 0x0000000083a00000|100%| O|  |TAMS 0x0000000083900000, 0x0000000083900000| Untracked 
|  58|0x0000000083a00000, 0x0000000083b00000, 0x0000000083b00000|100%| O|  |TAMS 0x0000000083a00000, 0x0000000083a00000| Untracked 
|  59|0x0000000083b00000, 0x0000000083c00000, 0x0000000083c00000|100%| O|  |TAMS 0x0000000083b00000, 0x0000000083b00000| Untracked 
|  60|0x0000000083c00000, 0x0000000083d00000, 0x0000000083d00000|100%| O|  |TAMS 0x0000000083c00000, 0x0000000083c00000| Untracked 
|  61|0x0000000083d00000, 0x0000000083e00000, 0x0000000083e00000|100%| O|  |TAMS 0x0000000083d00000, 0x0000000083d00000| Untracked 
|  62|0x0000000083e00000, 0x0000000083f00000, 0x0000000083f00000|100%| O|  |TAMS 0x0000000083e00000, 0x0000000083e00000| Untracked 
|  63|0x0000000083f00000, 0x0000000084000000, 0x0000000084000000|100%| O|  |TAMS 0x0000000083f00000, 0x0000000083f00000| Untracked 
|  64|0x0000000084000000, 0x0000000084100000, 0x0000000084100000|100%| O|  |TAMS 0x0000000084000000, 0x0000000084000000| Untracked 
|  65|0x0000000084100000, 0x0000000084200000, 0x0000000084200000|100%| O|  |TAMS 0x0000000084100000, 0x0000000084100000| Untracked 
|  66|0x0000000084200000, 0x0000000084300000, 0x0000000084300000|100%| O|  |TAMS 0x0000000084200000, 0x0000000084200000| Untracked 
|  67|0x0000000084300000, 0x0000000084400000, 0x0000000084400000|100%| O|  |TAMS 0x0000000084300000, 0x0000000084300000| Untracked 
|  68|0x0000000084400000, 0x0000000084500000, 0x0000000084500000|100%| O|  |TAMS 0x0000000084400000, 0x0000000084400000| Untracked 
|  69|0x0000000084500000, 0x0000000084600000, 0x0000000084600000|100%| O|  |TAMS 0x0000000084500000, 0x0000000084500000| Untracked 
|  70|0x0000000084600000, 0x0000000084700000, 0x0000000084700000|100%| O|  |TAMS 0x0000000084600000, 0x0000000084600000| Untracked 
|  71|0x0000000084700000, 0x0000000084800000, 0x0000000084800000|100%| O|  |TAMS 0x0000000084700000, 0x0000000084700000| Untracked 
|  72|0x0000000084800000, 0x0000000084900000, 0x0000000084900000|100%| O|  |TAMS 0x0000000084800000, 0x0000000084800000| Untracked 
|  73|0x0000000084900000, 0x0000000084a00000, 0x0000000084a00000|100%| O|  |TAMS 0x0000000084900000, 0x0000000084900000| Untracked 
|  74|0x0000000084a00000, 0x0000000084b00000, 0x0000000084b00000|100%| O|  |TAMS 0x0000000084a00000, 0x0000000084a00000| Untracked 
|  75|0x0000000084b00000, 0x0000000084c00000, 0x0000000084c00000|100%| O|  |TAMS 0x0000000084b00000, 0x0000000084b00000| Untracked 
|  76|0x0000000084c00000, 0x0000000084d00000, 0x0000000084d00000|100%| O|  |TAMS 0x0000000084c00000, 0x0000000084c00000| Untracked 
|  77|0x0000000084d00000, 0x0000000084e00000, 0x0000000084e00000|100%| O|  |TAMS 0x0000000084d00000, 0x0000000084d00000| Untracked 
|  78|0x0000000084e00000, 0x0000000084f00000, 0x0000000084f00000|100%| O|  |TAMS 0x0000000084e00000, 0x0000000084e00000| Untracked 
|  79|0x0000000084f00000, 0x0000000085000000, 0x0000000085000000|100%| O|  |TAMS 0x0000000084f00000, 0x0000000084f00000| Untracked 
|  80|0x0000000085000000, 0x0000000085100000, 0x0000000085100000|100%| O|  |TAMS 0x0000000085000000, 0x0000000085000000| Untracked 
|  81|0x0000000085100000, 0x0000000085200000, 0x0000000085200000|100%| O|  |TAMS 0x0000000085100000, 0x0000000085100000| Untracked 
|  82|0x0000000085200000, 0x0000000085300000, 0x0000000085300000|100%| O|  |TAMS 0x0000000085200000, 0x0000000085200000| Untracked 
|  83|0x0000000085300000, 0x0000000085400000, 0x0000000085400000|100%| O|  |TAMS 0x0000000085300000, 0x0000000085300000| Untracked 
|  84|0x0000000085400000, 0x00000000854c1a00, 0x0000000085500000| 75%| O|  |TAMS 0x0000000085400000, 0x0000000085400000| Untracked 
|  85|0x0000000085500000, 0x0000000085500000, 0x0000000085600000|  0%| F|  |TAMS 0x0000000085500000, 0x0000000085500000| Untracked 
|  86|0x0000000085600000, 0x0000000085600000, 0x0000000085700000|  0%| F|  |TAMS 0x0000000085600000, 0x0000000085600000| Untracked 
|  87|0x0000000085700000, 0x0000000085700000, 0x0000000085800000|  0%| F|  |TAMS 0x0000000085700000, 0x0000000085700000| Untracked 
|  88|0x0000000085800000, 0x0000000085800000, 0x0000000085900000|  0%| F|  |TAMS 0x0000000085800000, 0x0000000085800000| Untracked 
|  89|0x0000000085900000, 0x0000000085900000, 0x0000000085a00000|  0%| F|  |TAMS 0x0000000085900000, 0x0000000085900000| Untracked 
|  90|0x0000000085a00000, 0x0000000085a00000, 0x0000000085b00000|  0%| F|  |TAMS 0x0000000085a00000, 0x0000000085a00000| Untracked 
|  91|0x0000000085b00000, 0x0000000085b00000, 0x0000000085c00000|  0%| F|  |TAMS 0x0000000085b00000, 0x0000000085b00000| Untracked 
|  92|0x0000000085c00000, 0x0000000085c00000, 0x0000000085d00000|  0%| F|  |TAMS 0x0000000085c00000, 0x0000000085c00000| Untracked 
|  93|0x0000000085d00000, 0x0000000085d00000, 0x0000000085e00000|  0%| F|  |TAMS 0x0000000085d00000, 0x0000000085d00000| Untracked 
|  94|0x0000000085e00000, 0x0000000085e00000, 0x0000000085f00000|  0%| F|  |TAMS 0x0000000085e00000, 0x0000000085e00000| Untracked 
|  95|0x0000000085f00000, 0x0000000085f00000, 0x0000000086000000|  0%| F|  |TAMS 0x0000000085f00000, 0x0000000085f00000| Untracked 
|  96|0x0000000086000000, 0x0000000086000000, 0x0000000086100000|  0%| F|  |TAMS 0x0000000086000000, 0x0000000086000000| Untracked 
|  97|0x0000000086100000, 0x0000000086100000, 0x0000000086200000|  0%| F|  |TAMS 0x0000000086100000, 0x0000000086100000| Untracked 
|  98|0x0000000086200000, 0x0000000086200000, 0x0000000086300000|  0%| F|  |TAMS 0x0000000086200000, 0x0000000086200000| Untracked 
|  99|0x0000000086300000, 0x0000000086300000, 0x0000000086400000|  0%| F|  |TAMS 0x0000000086300000, 0x0000000086300000| Untracked 
| 100|0x0000000086400000, 0x0000000086400000, 0x0000000086500000|  0%| F|  |TAMS 0x0000000086400000, 0x0000000086400000| Untracked 
| 101|0x0000000086500000, 0x0000000086500000, 0x0000000086600000|  0%| F|  |TAMS 0x0000000086500000, 0x0000000086500000| Untracked 
| 102|0x0000000086600000, 0x0000000086600000, 0x0000000086700000|  0%| F|  |TAMS 0x0000000086600000, 0x0000000086600000| Untracked 
| 103|0x0000000086700000, 0x0000000086700000, 0x0000000086800000|  0%| F|  |TAMS 0x0000000086700000, 0x0000000086700000| Untracked 
| 104|0x0000000086800000, 0x0000000086800000, 0x0000000086900000|  0%| F|  |TAMS 0x0000000086800000, 0x0000000086800000| Untracked 
| 105|0x0000000086900000, 0x0000000086900000, 0x0000000086a00000|  0%| F|  |TAMS 0x0000000086900000, 0x0000000086900000| Untracked 
| 106|0x0000000086a00000, 0x0000000086a00000, 0x0000000086b00000|  0%| F|  |TAMS 0x0000000086a00000, 0x0000000086a00000| Untracked 
| 107|0x0000000086b00000, 0x0000000086b00000, 0x0000000086c00000|  0%| F|  |TAMS 0x0000000086b00000, 0x0000000086b00000| Untracked 
| 108|0x0000000086c00000, 0x0000000086c00000, 0x0000000086d00000|  0%| F|  |TAMS 0x0000000086c00000, 0x0000000086c00000| Untracked 
| 109|0x0000000086d00000, 0x0000000086d00000, 0x0000000086e00000|  0%| F|  |TAMS 0x0000000086d00000, 0x0000000086d00000| Untracked 
| 110|0x0000000086e00000, 0x0000000086e00000, 0x0000000086f00000|  0%| F|  |TAMS 0x0000000086e00000, 0x0000000086e00000| Untracked 
| 111|0x0000000086f00000, 0x0000000086f00000, 0x0000000087000000|  0%| F|  |TAMS 0x0000000086f00000, 0x0000000086f00000| Untracked 
| 112|0x0000000087000000, 0x0000000087000000, 0x0000000087100000|  0%| F|  |TAMS 0x0000000087000000, 0x0000000087000000| Untracked 
| 113|0x0000000087100000, 0x0000000087100000, 0x0000000087200000|  0%| F|  |TAMS 0x0000000087100000, 0x0000000087100000| Untracked 
| 114|0x0000000087200000, 0x0000000087200000, 0x0000000087300000|  0%| F|  |TAMS 0x0000000087200000, 0x0000000087200000| Untracked 
| 115|0x0000000087300000, 0x0000000087300000, 0x0000000087400000|  0%| F|  |TAMS 0x0000000087300000, 0x0000000087300000| Untracked 
| 116|0x0000000087400000, 0x0000000087500000, 0x0000000087500000|100%| S|CS|TAMS 0x0000000087400000, 0x0000000087400000| Complete 
| 117|0x0000000087500000, 0x0000000087600000, 0x0000000087600000|100%| S|CS|TAMS 0x0000000087500000, 0x0000000087500000| Complete 
| 118|0x0000000087600000, 0x0000000087700000, 0x0000000087700000|100%| S|CS|TAMS 0x0000000087600000, 0x0000000087600000| Complete 
| 119|0x0000000087700000, 0x0000000087800000, 0x0000000087800000|100%| S|CS|TAMS 0x0000000087700000, 0x0000000087700000| Complete 
| 120|0x0000000087800000, 0x0000000087900000, 0x0000000087900000|100%| S|CS|TAMS 0x0000000087800000, 0x0000000087800000| Complete 
| 121|0x0000000087900000, 0x0000000087a00000, 0x0000000087a00000|100%| S|CS|TAMS 0x0000000087900000, 0x0000000087900000| Complete 
| 122|0x0000000087a00000, 0x0000000087b00000, 0x0000000087b00000|100%| S|CS|TAMS 0x0000000087a00000, 0x0000000087a00000| Complete 
| 123|0x0000000087b00000, 0x0000000087b00000, 0x0000000087c00000|  0%| F|  |TAMS 0x0000000087b00000, 0x0000000087b00000| Untracked 
| 124|0x0000000087c00000, 0x0000000087c00000, 0x0000000087d00000|  0%| F|  |TAMS 0x0000000087c00000, 0x0000000087c00000| Untracked 
| 125|0x0000000087d00000, 0x0000000087d00000, 0x0000000087e00000|  0%| F|  |TAMS 0x0000000087d00000, 0x0000000087d00000| Untracked 
| 126|0x0000000087e00000, 0x0000000087e00000, 0x0000000087f00000|  0%| F|  |TAMS 0x0000000087e00000, 0x0000000087e00000| Untracked 
| 127|0x0000000087f00000, 0x0000000087f00000, 0x0000000088000000|  0%| F|  |TAMS 0x0000000087f00000, 0x0000000087f00000| Untracked 
| 128|0x0000000088000000, 0x0000000088000000, 0x0000000088100000|  0%| F|  |TAMS 0x0000000088000000, 0x0000000088000000| Untracked 
| 129|0x0000000088100000, 0x0000000088100000, 0x0000000088200000|  0%| F|  |TAMS 0x0000000088100000, 0x0000000088100000| Untracked 
| 130|0x0000000088200000, 0x0000000088200000, 0x0000000088300000|  0%| F|  |TAMS 0x0000000088200000, 0x0000000088200000| Untracked 
| 131|0x0000000088300000, 0x0000000088300000, 0x0000000088400000|  0%| F|  |TAMS 0x0000000088300000, 0x0000000088300000| Untracked 
| 132|0x0000000088400000, 0x0000000088400000, 0x0000000088500000|  0%| F|  |TAMS 0x0000000088400000, 0x0000000088400000| Untracked 
| 133|0x0000000088500000, 0x0000000088500000, 0x0000000088600000|  0%| F|  |TAMS 0x0000000088500000, 0x0000000088500000| Untracked 
| 134|0x0000000088600000, 0x0000000088600000, 0x0000000088700000|  0%| F|  |TAMS 0x0000000088600000, 0x0000000088600000| Untracked 
| 135|0x0000000088700000, 0x0000000088700000, 0x0000000088800000|  0%| F|  |TAMS 0x0000000088700000, 0x0000000088700000| Untracked 
| 136|0x0000000088800000, 0x0000000088800000, 0x0000000088900000|  0%| F|  |TAMS 0x0000000088800000, 0x0000000088800000| Untracked 
| 137|0x0000000088900000, 0x0000000088900000, 0x0000000088a00000|  0%| F|  |TAMS 0x0000000088900000, 0x0000000088900000| Untracked 
| 138|0x0000000088a00000, 0x0000000088a00000, 0x0000000088b00000|  0%| F|  |TAMS 0x0000000088a00000, 0x0000000088a00000| Untracked 
| 139|0x0000000088b00000, 0x0000000088b00000, 0x0000000088c00000|  0%| F|  |TAMS 0x0000000088b00000, 0x0000000088b00000| Untracked 
| 140|0x0000000088c00000, 0x0000000088c00000, 0x0000000088d00000|  0%| F|  |TAMS 0x0000000088c00000, 0x0000000088c00000| Untracked 
| 141|0x0000000088d00000, 0x0000000088d00000, 0x0000000088e00000|  0%| F|  |TAMS 0x0000000088d00000, 0x0000000088d00000| Untracked 
| 142|0x0000000088e00000, 0x0000000088e00000, 0x0000000088f00000|  0%| F|  |TAMS 0x0000000088e00000, 0x0000000088e00000| Untracked 
| 143|0x0000000088f00000, 0x0000000088f00000, 0x0000000089000000|  0%| F|  |TAMS 0x0000000088f00000, 0x0000000088f00000| Untracked 
| 144|0x0000000089000000, 0x0000000089000000, 0x0000000089100000|  0%| F|  |TAMS 0x0000000089000000, 0x0000000089000000| Untracked 
| 145|0x0000000089100000, 0x0000000089100000, 0x0000000089200000|  0%| F|  |TAMS 0x0000000089100000, 0x0000000089100000| Untracked 
| 146|0x0000000089200000, 0x0000000089200000, 0x0000000089300000|  0%| F|  |TAMS 0x0000000089200000, 0x0000000089200000| Untracked 
| 147|0x0000000089300000, 0x0000000089300000, 0x0000000089400000|  0%| F|  |TAMS 0x0000000089300000, 0x0000000089300000| Untracked 
| 148|0x0000000089400000, 0x0000000089400000, 0x0000000089500000|  0%| F|  |TAMS 0x0000000089400000, 0x0000000089400000| Untracked 
| 149|0x0000000089500000, 0x0000000089500000, 0x0000000089600000|  0%| F|  |TAMS 0x0000000089500000, 0x0000000089500000| Untracked 
| 150|0x0000000089600000, 0x0000000089600000, 0x0000000089700000|  0%| F|  |TAMS 0x0000000089600000, 0x0000000089600000| Untracked 
| 151|0x0000000089700000, 0x0000000089700000, 0x0000000089800000|  0%| F|  |TAMS 0x0000000089700000, 0x0000000089700000| Untracked 
| 152|0x0000000089800000, 0x0000000089800000, 0x0000000089900000|  0%| F|  |TAMS 0x0000000089800000, 0x0000000089800000| Untracked 
| 153|0x0000000089900000, 0x0000000089900000, 0x0000000089a00000|  0%| F|  |TAMS 0x0000000089900000, 0x0000000089900000| Untracked 
| 154|0x0000000089a00000, 0x0000000089a00000, 0x0000000089b00000|  0%| F|  |TAMS 0x0000000089a00000, 0x0000000089a00000| Untracked 
| 155|0x0000000089b00000, 0x0000000089b00000, 0x0000000089c00000|  0%| F|  |TAMS 0x0000000089b00000, 0x0000000089b00000| Untracked 
| 156|0x0000000089c00000, 0x0000000089c00000, 0x0000000089d00000|  0%| F|  |TAMS 0x0000000089c00000, 0x0000000089c00000| Untracked 
| 157|0x0000000089d00000, 0x0000000089d00000, 0x0000000089e00000|  0%| F|  |TAMS 0x0000000089d00000, 0x0000000089d00000| Untracked 
| 158|0x0000000089e00000, 0x0000000089e00000, 0x0000000089f00000|  0%| F|  |TAMS 0x0000000089e00000, 0x0000000089e00000| Untracked 
| 159|0x0000000089f00000, 0x0000000089f00000, 0x000000008a000000|  0%| F|  |TAMS 0x0000000089f00000, 0x0000000089f00000| Untracked 
| 160|0x000000008a000000, 0x000000008a000000, 0x000000008a100000|  0%| F|  |TAMS 0x000000008a000000, 0x000000008a000000| Untracked 
| 161|0x000000008a100000, 0x000000008a100000, 0x000000008a200000|  0%| F|  |TAMS 0x000000008a100000, 0x000000008a100000| Untracked 
| 162|0x000000008a200000, 0x000000008a200000, 0x000000008a300000|  0%| F|  |TAMS 0x000000008a200000, 0x000000008a200000| Untracked 
| 163|0x000000008a300000, 0x000000008a300000, 0x000000008a400000|  0%| F|  |TAMS 0x000000008a300000, 0x000000008a300000| Untracked 
| 164|0x000000008a400000, 0x000000008a400000, 0x000000008a500000|  0%| F|  |TAMS 0x000000008a400000, 0x000000008a400000| Untracked 
| 165|0x000000008a500000, 0x000000008a500000, 0x000000008a600000|  0%| F|  |TAMS 0x000000008a500000, 0x000000008a500000| Untracked 
| 166|0x000000008a600000, 0x000000008a600000, 0x000000008a700000|  0%| F|  |TAMS 0x000000008a600000, 0x000000008a600000| Untracked 
| 167|0x000000008a700000, 0x000000008a700000, 0x000000008a800000|  0%| F|  |TAMS 0x000000008a700000, 0x000000008a700000| Untracked 
| 168|0x000000008a800000, 0x000000008a800000, 0x000000008a900000|  0%| F|  |TAMS 0x000000008a800000, 0x000000008a800000| Untracked 
| 169|0x000000008a900000, 0x000000008a900000, 0x000000008aa00000|  0%| F|  |TAMS 0x000000008a900000, 0x000000008a900000| Untracked 
| 170|0x000000008aa00000, 0x000000008aa00000, 0x000000008ab00000|  0%| F|  |TAMS 0x000000008aa00000, 0x000000008aa00000| Untracked 
| 171|0x000000008ab00000, 0x000000008ab00000, 0x000000008ac00000|  0%| F|  |TAMS 0x000000008ab00000, 0x000000008ab00000| Untracked 
| 172|0x000000008ac00000, 0x000000008ac00000, 0x000000008ad00000|  0%| F|  |TAMS 0x000000008ac00000, 0x000000008ac00000| Untracked 
| 173|0x000000008ad00000, 0x000000008ad00000, 0x000000008ae00000|  0%| F|  |TAMS 0x000000008ad00000, 0x000000008ad00000| Untracked 
| 174|0x000000008ae00000, 0x000000008ae00000, 0x000000008af00000|  0%| F|  |TAMS 0x000000008ae00000, 0x000000008ae00000| Untracked 
| 175|0x000000008af00000, 0x000000008af00000, 0x000000008b000000|  0%| F|  |TAMS 0x000000008af00000, 0x000000008af00000| Untracked 
| 176|0x000000008b000000, 0x000000008b000000, 0x000000008b100000|  0%| F|  |TAMS 0x000000008b000000, 0x000000008b000000| Untracked 
| 177|0x000000008b100000, 0x000000008b100000, 0x000000008b200000|  0%| F|  |TAMS 0x000000008b100000, 0x000000008b100000| Untracked 
| 178|0x000000008b200000, 0x000000008b200000, 0x000000008b300000|  0%| F|  |TAMS 0x000000008b200000, 0x000000008b200000| Untracked 
| 179|0x000000008b300000, 0x000000008b300000, 0x000000008b400000|  0%| F|  |TAMS 0x000000008b300000, 0x000000008b300000| Untracked 
| 180|0x000000008b400000, 0x000000008b400000, 0x000000008b500000|  0%| F|  |TAMS 0x000000008b400000, 0x000000008b400000| Untracked 
| 181|0x000000008b500000, 0x000000008b500000, 0x000000008b600000|  0%| F|  |TAMS 0x000000008b500000, 0x000000008b500000| Untracked 
| 182|0x000000008b600000, 0x000000008b600000, 0x000000008b700000|  0%| F|  |TAMS 0x000000008b600000, 0x000000008b600000| Untracked 
| 183|0x000000008b700000, 0x000000008b700000, 0x000000008b800000|  0%| F|  |TAMS 0x000000008b700000, 0x000000008b700000| Untracked 
| 184|0x000000008b800000, 0x000000008b800000, 0x000000008b900000|  0%| F|  |TAMS 0x000000008b800000, 0x000000008b800000| Untracked 
| 185|0x000000008b900000, 0x000000008b900000, 0x000000008ba00000|  0%| F|  |TAMS 0x000000008b900000, 0x000000008b900000| Untracked 
| 186|0x000000008ba00000, 0x000000008ba00000, 0x000000008bb00000|  0%| F|  |TAMS 0x000000008ba00000, 0x000000008ba00000| Untracked 
| 187|0x000000008bb00000, 0x000000008bb00000, 0x000000008bc00000|  0%| F|  |TAMS 0x000000008bb00000, 0x000000008bb00000| Untracked 

Card table byte_map: [0x000001b43bac0000,0x000001b43bec0000] _byte_map_base: 0x000001b43b6c0000

Marking Bits (Prev, Next): (CMBitMap*) 0x000001b423fc9e28, (CMBitMap*) 0x000001b423fc9e68
 Prev Bits: [0x000001b43c2c0000, 0x000001b43e2c0000)
 Next Bits: [0x000001b43e2c0000, 0x000001b4402c0000)

Polling page: 0x000001b421db0000

Metaspace:

Usage:
  Non-class:     67.91 MB capacity,    66.60 MB ( 98%) used,     1.09 MB (  2%) free+waste,   232.19 KB ( <1%) overhead. 
      Class:     11.27 MB capacity,    10.53 MB ( 93%) used,   650.02 KB (  6%) free+waste,   107.94 KB ( <1%) overhead. 
       Both:     79.18 MB capacity,    77.13 MB ( 97%) used,     1.73 MB (  2%) free+waste,   340.13 KB ( <1%) overhead. 

Virtual space:
  Non-class space:       68.00 MB reserved,      68.00 MB (>99%) committed 
      Class space:        1.00 GB reserved,      11.38 MB (  1%) committed 
             Both:        1.07 GB reserved,      79.37 MB (  7%) committed 

Chunk freelists:
   Non-Class:  2.50 KB
       Class:  1.38 KB
        Both:  3.88 KB

CodeHeap 'non-profiled nmethods': size=120000Kb used=5459Kb max_used=5459Kb free=114540Kb
 bounds [0x000001b433e60000, 0x000001b4343c0000, 0x000001b43b390000]
CodeHeap 'profiled nmethods': size=120000Kb used=18906Kb max_used=18906Kb free=101093Kb
 bounds [0x000001b42c930000, 0x000001b42dbc0000, 0x000001b433e60000]
CodeHeap 'non-nmethods': size=5760Kb used=2310Kb max_used=2402Kb free=3449Kb
 bounds [0x000001b42c390000, 0x000001b42c600000, 0x000001b42c930000]
 total_blobs=12473 nmethods=8381 adapters=804
 compilation: enabled
              stopped_count=0, restarted_count=0
 full_count=0

Compilation events (10 events):
Event: 18.926 Thread 0x000001b442d03800 9379       3       org.gradle.internal.extensibility.DefaultConvention::add (11 bytes)
Event: 18.927 Thread 0x000001b442d03800 nmethod 9379 0x000001b42dbac510 code [0x000001b42dbac6e0, 0x000001b42dbac8b0]
Event: 18.927 Thread 0x000001b442d03800 9380       3       org.gradle.internal.extensibility.ExtensionsStorage::add (52 bytes)
Event: 18.928 Thread 0x000001b442d03800 nmethod 9380 0x000001b42dbac990 code [0x000001b42dbacc80, 0x000001b42dbaddb0]
Event: 18.928 Thread 0x000001b442d03800 9381       3       org.gradle.internal.extensibility.ExtensionsStorage$ExtensionHolder::<init> (8 bytes)
Event: 18.928 Thread 0x000001b442d03800 nmethod 9381 0x000001b42dbae310 code [0x000001b42dbae4e0, 0x000001b42dbae838]
Event: 18.928 Thread 0x000001b442d03800 9382       3       org.gradle.internal.extensibility.ExtensionsStorage$ExtensionHolder::<init> (20 bytes)
Event: 18.928 Thread 0x000001b442d03800 nmethod 9382 0x000001b42dbae910 code [0x000001b42dbaeae0, 0x000001b42dbaedd8]
Event: 18.998 Thread 0x000001b442d03800 9384       2       java.util.ComparableTimSort::mergeLo (656 bytes)
Event: 19.000 Thread 0x000001b442d03800 nmethod 9384 0x000001b42dbaee90 code [0x000001b42dbaf1a0, 0x000001b42dbb0d40]

GC Heap History (10 events):
Event: 14.608 GC heap after
{Heap after GC invocations=32 (full 0):
 garbage-first heap   total 159744K, used 70704K [0x0000000080000000, 0x0000000100000000)
  region size 1024K, 6 young (6144K), 6 survivors (6144K)
 Metaspace       used 61194K, capacity 62956K, committed 63228K, reserved 1103872K
  class space    used 8171K, capacity 8836K, committed 8960K, reserved 1048576K
}
Event: 15.220 GC heap before
{Heap before GC invocations=32 (full 0):
 garbage-first heap   total 159744K, used 115760K [0x0000000080000000, 0x0000000100000000)
  region size 1024K, 50 young (51200K), 6 survivors (6144K)
 Metaspace       used 63812K, capacity 65593K, committed 65916K, reserved 1105920K
  class space    used 8554K, capacity 9222K, committed 9344K, reserved 1048576K
}
Event: 15.227 GC heap after
{Heap after GC invocations=33 (full 0):
 garbage-first heap   total 192512K, used 73638K [0x0000000080000000, 0x0000000100000000)
  region size 1024K, 6 young (6144K), 6 survivors (6144K)
 Metaspace       used 63812K, capacity 65593K, committed 65916K, reserved 1105920K
  class space    used 8554K, capacity 9222K, committed 9344K, reserved 1048576K
}
Event: 16.260 GC heap before
{Heap before GC invocations=33 (full 0):
 garbage-first heap   total 192512K, used 132006K [0x0000000080000000, 0x0000000100000000)
  region size 1024K, 63 young (64512K), 6 survivors (6144K)
 Metaspace       used 68559K, capacity 70354K, committed 70524K, reserved 1110016K
  class space    used 9375K, capacity 10071K, committed 10112K, reserved 1048576K
}
Event: 16.269 GC heap after
{Heap after GC invocations=34 (full 0):
 garbage-first heap   total 192512K, used 77661K [0x0000000080000000, 0x0000000100000000)
  region size 1024K, 7 young (7168K), 7 survivors (7168K)
 Metaspace       used 68559K, capacity 70354K, committed 70524K, reserved 1110016K
  class space    used 9375K, capacity 10071K, committed 10112K, reserved 1048576K
}
Event: 17.287 GC heap before
{Heap before GC invocations=34 (full 0):
 garbage-first heap   total 192512K, used 137053K [0x0000000080000000, 0x0000000100000000)
  region size 1024K, 65 young (66560K), 7 survivors (7168K)
 Metaspace       used 72362K, capacity 74240K, committed 74364K, reserved 1114112K
  class space    used 9882K, capacity 10615K, committed 10624K, reserved 1048576K
}
Event: 17.297 GC heap after
{Heap after GC invocations=35 (full 0):
 garbage-first heap   total 192512K, used 81894K [0x0000000080000000, 0x0000000100000000)
  region size 1024K, 9 young (9216K), 9 survivors (9216K)
 Metaspace       used 72362K, capacity 74240K, committed 74364K, reserved 1114112K
  class space    used 9882K, capacity 10615K, committed 10624K, reserved 1048576K
}
Event: 18.391 GC heap before
{Heap before GC invocations=35 (full 0):
 garbage-first heap   total 192512K, used 142310K [0x0000000080000000, 0x0000000100000000)
  region size 1024K, 68 young (69632K), 9 survivors (9216K)
 Metaspace       used 77657K, capacity 79632K, committed 79740K, reserved 1118208K
  class space    used 10611K, capacity 11340K, committed 11392K, reserved 1048576K
}
Event: 18.405 GC heap after
{Heap after GC invocations=36 (full 0):
 garbage-first heap   total 192512K, used 86831K [0x0000000080000000, 0x0000000100000000)
  region size 1024K, 9 young (9216K), 9 survivors (9216K)
 Metaspace       used 77657K, capacity 79632K, committed 79740K, reserved 1118208K
  class space    used 10611K, capacity 11340K, committed 11392K, reserved 1048576K
}
Event: 19.018 GC heap before
{Heap before GC invocations=36 (full 0):
 garbage-first heap   total 192512K, used 147247K [0x0000000080000000, 0x0000000100000000)
  region size 1024K, 68 young (69632K), 9 survivors (9216K)
 Metaspace       used 78977K, capacity 81085K, committed 81276K, reserved 1118208K
  class space    used 10783K, capacity 11541K, committed 11648K, reserved 1048576K
}

Deoptimization events (10 events):
Event: 18.641 Thread 0x000001b444329800 Uncommon trap: reason=array_check action=maybe_recompile pc=0x000001b43439c118 method=com.google.common.collect.RegularImmutableMap.fromEntryArrayCheckingBucketOverflow(I[Ljava/util/Map$Entry;Z)Lcom/google/common/collect/ImmutableMap; @ 216 c2
Event: 18.641 Thread 0x000001b444329800 Uncommon trap: reason=array_check action=maybe_recompile pc=0x000001b43439c118 method=com.google.common.collect.RegularImmutableMap.fromEntryArrayCheckingBucketOverflow(I[Ljava/util/Map$Entry;Z)Lcom/google/common/collect/ImmutableMap; @ 216 c2
Event: 18.641 Thread 0x000001b444329800 Uncommon trap: reason=array_check action=maybe_recompile pc=0x000001b43439c118 method=com.google.common.collect.RegularImmutableMap.fromEntryArrayCheckingBucketOverflow(I[Ljava/util/Map$Entry;Z)Lcom/google/common/collect/ImmutableMap; @ 216 c2
Event: 18.652 Thread 0x000001b444329800 Uncommon trap: reason=bimorphic_or_optimized_type_check action=maybe_recompile pc=0x000001b434389b78 method=com.google.common.collect.AbstractMapBasedMultimap.createCollection(Ljava/lang/Object;)Ljava/util/Collection; @ 1 c2
Event: 18.654 Thread 0x000001b444329800 Uncommon trap: reason=bimorphic_or_optimized_type_check action=maybe_recompile pc=0x000001b434389b78 method=com.google.common.collect.AbstractMapBasedMultimap.createCollection(Ljava/lang/Object;)Ljava/util/Collection; @ 1 c2
Event: 18.654 Thread 0x000001b444329800 Uncommon trap: reason=bimorphic_or_optimized_type_check action=maybe_recompile pc=0x000001b434389b78 method=com.google.common.collect.AbstractMapBasedMultimap.createCollection(Ljava/lang/Object;)Ljava/util/Collection; @ 1 c2
Event: 18.654 Thread 0x000001b444329800 Uncommon trap: reason=bimorphic_or_optimized_type_check action=maybe_recompile pc=0x000001b434389b78 method=com.google.common.collect.AbstractMapBasedMultimap.createCollection(Ljava/lang/Object;)Ljava/util/Collection; @ 1 c2
Event: 18.661 Thread 0x000001b444329800 Uncommon trap: reason=bimorphic_or_optimized_type_check action=maybe_recompile pc=0x000001b43417874c method=java.util.Spliterators$IteratorSpliterator.tryAdvance(Ljava/util/function/Consumer;)Z @ 50 c2
Event: 18.662 Thread 0x000001b444329800 Uncommon trap: reason=bimorphic_or_optimized_type_check action=maybe_recompile pc=0x000001b43417874c method=java.util.Spliterators$IteratorSpliterator.tryAdvance(Ljava/util/function/Consumer;)Z @ 50 c2
Event: 18.679 Thread 0x000001b444329800 Uncommon trap: reason=unstable_if action=reinterpret pc=0x000001b4341aaed4 method=java.util.HashMap$HashIterator.<init>(Ljava/util/HashMap;)V @ 45 c2

Classes redefined (0 events):
No events

Internal exceptions (10 events):
Event: 19.000 Thread 0x000001b444329800 Exception <a 'java/lang/ClassNotFoundException'{0x00000000883de8b0}: org/jetbrains/kotlin/gradle/internal/KaptGenerateStubsTask_DecoratedBeanInfo> (0x00000000883de8b0) thrown at [t:/workspace/open/src/hotspot/share/classfile/systemDictionary.cpp, line 235
Event: 19.001 Thread 0x000001b444329800 Exception <a 'java/lang/ClassNotFoundException'{0x00000000883fbc68}: org/jetbrains/kotlin/gradle/internal/KaptGenerateStubsTaskBeanInfo> (0x00000000883fbc68) thrown at [t:/workspace/open/src/hotspot/share/classfile/systemDictionary.cpp, line 235]
Event: 19.002 Thread 0x000001b444329800 Exception <a 'java/lang/ClassNotFoundException'{0x0000000088218280}: org/jetbrains/kotlin/gradle/tasks/KotlinCompileBeanInfo> (0x0000000088218280) thrown at [t:/workspace/open/src/hotspot/share/classfile/systemDictionary.cpp, line 235]
Event: 19.003 Thread 0x000001b444329800 Exception <a 'java/lang/ClassNotFoundException'{0x0000000088235cc0}: org/jetbrains/kotlin/gradle/tasks/AbstractKotlinCompileBeanInfo> (0x0000000088235cc0) thrown at [t:/workspace/open/src/hotspot/share/classfile/systemDictionary.cpp, line 235]
Event: 19.004 Thread 0x000001b444329800 Exception <a 'java/lang/ClassNotFoundException'{0x0000000088254bf0}: org/jetbrains/kotlin/gradle/tasks/AbstractKotlinCompileToolBeanInfo> (0x0000000088254bf0) thrown at [t:/workspace/open/src/hotspot/share/classfile/systemDictionary.cpp, line 235]
Event: 19.005 Thread 0x000001b444329800 Exception <a 'java/lang/ClassNotFoundException'{0x0000000088273c08}: org/jetbrains/kotlin/gradle/tasks/AbstractKotlinCompileToolCustomizer> (0x0000000088273c08) thrown at [t:/workspace/open/src/hotspot/share/classfile/systemDictionary.cpp, line 235]
Event: 19.008 Thread 0x000001b444329800 Exception <a 'java/lang/ClassNotFoundException'{0x00000000882b9f00}: org/jetbrains/kotlin/gradle/tasks/AbstractKotlinCompileCustomizer> (0x00000000882b9f00) thrown at [t:/workspace/open/src/hotspot/share/classfile/systemDictionary.cpp, line 235]
Event: 19.010 Thread 0x000001b444329800 Exception <a 'java/lang/ClassNotFoundException'{0x0000000088111f70}: org/jetbrains/kotlin/gradle/tasks/KotlinCompileCustomizer> (0x0000000088111f70) thrown at [t:/workspace/open/src/hotspot/share/classfile/systemDictionary.cpp, line 235]
Event: 19.014 Thread 0x000001b444329800 Exception <a 'java/lang/ClassNotFoundException'{0x0000000088186fe0}: org/jetbrains/kotlin/gradle/internal/KaptGenerateStubsTaskCustomizer> (0x0000000088186fe0) thrown at [t:/workspace/open/src/hotspot/share/classfile/systemDictionary.cpp, line 235]
Event: 19.017 Thread 0x000001b444329800 Exception <a 'java/lang/ClassNotFoundException'{0x00000000881e0fb0}: org/jetbrains/kotlin/gradle/internal/KaptGenerateStubsTask_DecoratedCustomizer> (0x00000000881e0fb0) thrown at [t:/workspace/open/src/hotspot/share/classfile/systemDictionary.cpp, line 2

Events (10 events):
Event: 19.013 loading class org/jetbrains/kotlin/gradle/internal/KaptGenerateStubsTaskCustomizer done
Event: 19.014 loading class org/jetbrains/kotlin/gradle/internal/KaptGenerateStubsTaskCustomizer
Event: 19.014 loading class org/jetbrains/kotlin/gradle/internal/KaptGenerateStubsTaskCustomizer done
Event: 19.016 loading class org/jetbrains/kotlin/gradle/internal/KaptGenerateStubsTask_DecoratedCustomizer
Event: 19.016 loading class org/jetbrains/kotlin/gradle/internal/KaptGenerateStubsTask_DecoratedCustomizer done
Event: 19.017 loading class org/jetbrains/kotlin/gradle/internal/KaptGenerateStubsTask_DecoratedCustomizer
Event: 19.017 loading class org/jetbrains/kotlin/gradle/internal/KaptGenerateStubsTask_DecoratedCustomizer done
Event: 19.017 loading class org/jetbrains/kotlin/gradle/internal/KaptGenerateStubsTask_DecoratedCustomizer
Event: 19.017 loading class org/jetbrains/kotlin/gradle/internal/KaptGenerateStubsTask_DecoratedCustomizer done
Event: 19.018 Executing VM operation: G1CollectForAllocation


Dynamic libraries:
0x00007ff687bd0000 - 0x00007ff687bdf000 	C:\Program Files\Java\jdk-12.0.2\bin\java.exe
0x00007ffa32a70000 - 0x00007ffa32c68000 	C:\WINDOWS\SYSTEM32\ntdll.dll
0x00007ffa032b0000 - 0x00007ffa032c9000 	C:\Program Files\AVG\Antivirus\aswhook.dll
0x00007ffa31730000 - 0x00007ffa317ed000 	C:\WINDOWS\System32\KERNEL32.DLL
0x00007ffa30180000 - 0x00007ffa30476000 	C:\WINDOWS\System32\KERNELBASE.dll
0x00007ffa30580000 - 0x00007ffa30680000 	C:\WINDOWS\System32\ucrtbase.dll
0x00007ffa2a150000 - 0x00007ffa2a168000 	C:\Program Files\Java\jdk-12.0.2\bin\jli.dll
0x00007ffa317f0000 - 0x00007ffa3189f000 	C:\WINDOWS\System32\ADVAPI32.dll
0x00007ffa29ad0000 - 0x00007ffa29ae6000 	C:\Program Files\Java\jdk-12.0.2\bin\VCRUNTIME140.dll
0x00007ffa32960000 - 0x00007ffa329fe000 	C:\WINDOWS\System32\msvcrt.dll
0x00007ffa32150000 - 0x00007ffa321ec000 	C:\WINDOWS\System32\sechost.dll
0x00007ffa318a0000 - 0x00007ffa319c6000 	C:\WINDOWS\System32\RPCRT4.dll
0x00007ffa31ee0000 - 0x00007ffa3207e000 	C:\WINDOWS\System32\USER32.dll
0x00007ffa30150000 - 0x00007ffa30172000 	C:\WINDOWS\System32\win32u.dll
0x00007ffa1b910000 - 0x00007ffa1bbaa000 	C:\WINDOWS\WinSxS\amd64_microsoft.windows.common-controls_6595b64144ccf1df_6.0.19041.3636_none_60b6a03d71f818d5\COMCTL32.dll
0x00007ffa319d0000 - 0x00007ffa319fc000 	C:\WINDOWS\System32\GDI32.dll
0x00007ffa306b0000 - 0x00007ffa307ca000 	C:\WINDOWS\System32\gdi32full.dll
0x00007ffa30930000 - 0x00007ffa309cd000 	C:\WINDOWS\System32\msvcp_win.dll
0x00007ffa26c40000 - 0x00007ffa26c4a000 	C:\WINDOWS\SYSTEM32\VERSION.dll
0x00007ffa32a00000 - 0x00007ffa32a30000 	C:\WINDOWS\System32\IMM32.DLL
0x00007ffa07620000 - 0x00007ffa076ca000 	C:\Program Files\Java\jdk-12.0.2\bin\msvcp140.dll
0x00007ff9edd00000 - 0x00007ff9ee877000 	C:\Program Files\Java\jdk-12.0.2\bin\server\jvm.dll
0x00007ffa31d50000 - 0x00007ffa31d58000 	C:\WINDOWS\System32\PSAPI.DLL
0x00007ffa259b0000 - 0x00007ffa259d7000 	C:\WINDOWS\SYSTEM32\WINMM.dll
0x00007ffa0d3f0000 - 0x00007ffa0d3f9000 	C:\WINDOWS\SYSTEM32\WSOCK32.dll
0x00007ffa31ce0000 - 0x00007ffa31d4b000 	C:\WINDOWS\System32\WS2_32.dll
0x00007ffa2dff0000 - 0x00007ffa2e002000 	C:\WINDOWS\SYSTEM32\kernel.appcore.dll
0x00007ffa28090000 - 0x00007ffa280a1000 	C:\Program Files\Java\jdk-12.0.2\bin\verify.dll
0x00007ffa22970000 - 0x00007ffa22b54000 	C:\WINDOWS\SYSTEM32\DBGHELP.DLL
0x00007ffa225d0000 - 0x00007ffa22604000 	C:\WINDOWS\SYSTEM32\dbgcore.DLL
0x00007ffa304f0000 - 0x00007ffa30572000 	C:\WINDOWS\System32\bcryptPrimitives.dll
0x00007ffa1bbf0000 - 0x00007ffa1bc16000 	C:\Program Files\Java\jdk-12.0.2\bin\java.dll
0x00007ffa27b10000 - 0x00007ffa27b27000 	C:\Program Files\Java\jdk-12.0.2\bin\zip.dll
0x00007ffa2d780000 - 0x00007ffa2d78a000 	C:\Program Files\Java\jdk-12.0.2\bin\jimage.dll
0x00007ffa30ad0000 - 0x00007ffa31214000 	C:\WINDOWS\System32\SHELL32.dll
0x00007ffa2e1f0000 - 0x00007ffa2e98b000 	C:\WINDOWS\SYSTEM32\windows.storage.dll
0x00007ffa313d0000 - 0x00007ffa31724000 	C:\WINDOWS\System32\combase.dll
0x00007ffa2fac0000 - 0x00007ffa2faed000 	C:\WINDOWS\SYSTEM32\Wldp.dll
0x00007ffa31e30000 - 0x00007ffa31edd000 	C:\WINDOWS\System32\SHCORE.dll
0x00007ffa32080000 - 0x00007ffa320d5000 	C:\WINDOWS\System32\shlwapi.dll
0x00007ffa30080000 - 0x00007ffa300a5000 	C:\WINDOWS\SYSTEM32\profapi.dll
0x00007ffa27650000 - 0x00007ffa27669000 	C:\Program Files\Java\jdk-12.0.2\bin\net.dll
0x00007ffa1e4e0000 - 0x00007ffa1e6cd000 	C:\WINDOWS\SYSTEM32\urlmon.dll
0x00007ffa28f90000 - 0x00007ffa2909a000 	C:\WINDOWS\SYSTEM32\WINHTTP.dll
0x00007ffa25920000 - 0x00007ffa25948000 	C:\WINDOWS\SYSTEM32\srvcli.dll
0x00007ffa1ea40000 - 0x00007ffa1ecfc000 	C:\WINDOWS\SYSTEM32\iertutil.dll
0x00007ffa2f670000 - 0x00007ffa2f67c000 	C:\WINDOWS\SYSTEM32\netutils.dll
0x00007ffa2f820000 - 0x00007ffa2f88a000 	C:\WINDOWS\system32\mswsock.dll
0x00007ffa24f80000 - 0x00007ffa24f93000 	C:\Program Files\Java\jdk-12.0.2\bin\nio.dll
0x00007ffa27c70000 - 0x00007ffa27c97000 	C:\Users\user\.gradle\native\68d5fa5c4cc2d200863cafc0d521ce42e7d3e7ee720ec0a83991735586a16f82\windows-amd64\native-platform.dll
0x00007ff9f9d30000 - 0x00007ff9f9e74000 	C:\Users\user\.gradle\native\e376f236ea51e6404a007f0833ffe2c6e607c4080706a723a18a27aeea778392\windows-amd64\native-platform-file-events.dll
0x00007ffa2bc50000 - 0x00007ffa2bc59000 	C:\Program Files\Java\jdk-12.0.2\bin\management.dll
0x00007ffa2bc30000 - 0x00007ffa2bc3c000 	C:\Program Files\Java\jdk-12.0.2\bin\management_ext.dll
0x00007ffa2fa10000 - 0x00007ffa2fa28000 	C:\WINDOWS\SYSTEM32\CRYPTSP.dll
0x00007ffa2f150000 - 0x00007ffa2f184000 	C:\WINDOWS\system32\rsaenh.dll
0x00007ffa30680000 - 0x00007ffa306a7000 	C:\WINDOWS\System32\bcrypt.dll
0x00007ffa2ffd0000 - 0x00007ffa2fffe000 	C:\WINDOWS\SYSTEM32\USERENV.dll
0x00007ffa2fa30000 - 0x00007ffa2fa3c000 	C:\WINDOWS\SYSTEM32\CRYPTBASE.dll
0x00007ffa2f510000 - 0x00007ffa2f54b000 	C:\WINDOWS\SYSTEM32\IPHLPAPI.DLL
0x00007ffa31c70000 - 0x00007ffa31c78000 	C:\WINDOWS\System32\NSI.dll
0x00007ffa25750000 - 0x00007ffa25767000 	C:\WINDOWS\SYSTEM32\dhcpcsvc6.DLL
0x00007ffa268d0000 - 0x00007ffa268ed000 	C:\WINDOWS\SYSTEM32\dhcpcsvc.DLL
0x00007ffa2f550000 - 0x00007ffa2f61a000 	C:\WINDOWS\SYSTEM32\DNSAPI.dll
0x00007ffa067e0000 - 0x00007ffa067f7000 	C:\WINDOWS\system32\napinsp.dll
0x00007ffa06740000 - 0x00007ffa0675b000 	C:\WINDOWS\system32\pnrpnsp.dll
0x00007ffa2aed0000 - 0x00007ffa2aee5000 	C:\WINDOWS\system32\wshbth.dll
0x00007ffa2b9b0000 - 0x00007ffa2b9cd000 	C:\WINDOWS\system32\NLAapi.dll
0x00007ffa06700000 - 0x00007ffa06712000 	C:\WINDOWS\System32\winrnr.dll
0x00007ffa28450000 - 0x00007ffa2845a000 	C:\Windows\System32\rasadhlp.dll
0x00007ffa0e350000 - 0x00007ffa0e3d0000 	C:\WINDOWS\System32\fwpuclnt.dll

dbghelp: loaded successfully - version: 4.0.5 - missing functions: none
symbol engine: initialized successfully - sym options: 0x614 - pdb path: .;C:\Program Files\Java\jdk-12.0.2\bin;C:\WINDOWS\SYSTEM32;C:\Program Files\AVG\Antivirus;C:\WINDOWS\WinSxS\amd64_microsoft.windows.common-controls_6595b64144ccf1df_6.0.19041.3636_none_60b6a03d71f818d5;C:\Program Files\Java\jdk-12.0.2\bin\server;C:\Users\user\.gradle\native\68d5fa5c4cc2d200863cafc0d521ce42e7d3e7ee720ec0a83991735586a16f82\windows-amd64;C:\Users\user\.gradle\native\e376f236ea51e6404a007f0833ffe2c6e607c4080706a723a18a27aeea778392\windows-amd64

VM Arguments:
jvm_args: --add-opens=java.base/java.util=ALL-UNNAMED --add-opens=java.base/java.lang=ALL-UNNAMED --add-opens=java.base/java.lang.invoke=ALL-UNNAMED --add-opens=java.prefs/java.util.prefs=ALL-UNNAMED --add-opens=java.base/java.nio.charset=ALL-UNNAMED --add-opens=java.base/java.net=ALL-UNNAMED --add-opens=java.base/java.util.concurrent.atomic=ALL-UNNAMED -Xmx2048m -Dfile.encoding=UTF-8 -Duser.country=TR -Duser.language=tr -Duser.variant 
java_command: org.gradle.launcher.daemon.bootstrap.GradleDaemon 8.0
java_class_path (initial): C:\Users\user\.gradle\wrapper\dists\gradle-8.0-bin\ca5e32bp14vu59qr306oxotwh\gradle-8.0\lib\gradle-launcher-8.0.jar
Launcher Type: SUN_STANDARD

[Global flags]
     intx CICompilerCount                          = 4                                         {product} {ergonomic}
     uint ConcGCThreads                            = 2                                         {product} {ergonomic}
     uint G1ConcRefinementThreads                  = 8                                         {product} {ergonomic}
   size_t G1HeapRegionSize                         = 1048576                                   {product} {ergonomic}
    uintx GCDrainStackTargetSize                   = 64                                        {product} {ergonomic}
   size_t InitialHeapSize                          = 117440512                                 {product} {ergonomic}
   size_t MarkStackSize                            = 4194304                                   {product} {ergonomic}
   size_t MaxHeapSize                              = 2147483648                                {product} {command line}
   size_t MaxNewSize                               = 1287651328                                {product} {ergonomic}
   size_t MinHeapDeltaBytes                        = 1048576                                   {product} {ergonomic}
    uintx NonNMethodCodeHeapSize                   = 5836300                                {pd product} {ergonomic}
    uintx NonProfiledCodeHeapSize                  = 122910970                              {pd product} {ergonomic}
    uintx ProfiledCodeHeapSize                     = 122910970                              {pd product} {ergonomic}
    uintx ReservedCodeCacheSize                    = 251658240                              {pd product} {ergonomic}
     bool SegmentedCodeCache                       = true                                      {product} {ergonomic}
     bool UseCompressedClassPointers               = true                                 {lp64_product} {ergonomic}
     bool UseCompressedOops                        = true                                 {lp64_product} {ergonomic}
     bool UseG1GC                                  = true                                      {product} {ergonomic}
     bool UseLargePagesIndividualAllocation        = false                                  {pd product} {ergonomic}

Logging:
Log output configuration:
 #0: stdout all=warning uptime,level,tags
 #1: stderr all=off uptime,level,tags

Environment Variables:
JAVA_HOME=C:\Program Files\Java\jdk-12.0.2
PATH=C:\MinGW\bin;C:\Windows\system32;C:\Windows;C:\Windows\System32\Wbem;C:\Windows\System32\WindowsPowerShell\v1.0\;C:\Windows\System32\OpenSSH\;C:\Program Files\Java\jdk-12.0.2\bin;C:\Program Files\nodejs\;C:\Program Files\Polyspace\R2020a\runtime\win64;C:\Program Files\Polyspace\R2020a\bin;C:\Program Files\Polyspace\R2020a\polyspace\bin;C:\Program Files (x86)\NVIDIA Corporation\PhysX\Common;C:\WINDOWS\system32;C:\WINDOWS;C:\WINDOWS\System32\Wbem;C:\WINDOWS\System32\WindowsPowerShell\v1.0\;C:\WINDOWS\System32\OpenSSH\;C:\Program Files\Git\cmd;C:\Program Files\NVIDIA Corporation\Nsight Compute 2019.1\;D:\runtime\win64;D:\bin;D:\polyspace\bin;C:\Program Files\dotnet\;C:\Program Files\Git LFS;C:\Program Files\PuTTY\;C:\Program Files (x86)\STMicroelectronics\STM32 ST-LINK Utility\ST-LINK Utility;C:\MinGW\bin;C:\Users\user\AppData\Local\Programs\Python\Python310\Scripts\;C:\Users\user\AppData\Local\Programs\Python\Python310\;C:\Users\user\AppData\Local\Programs\Python\Python39\Scripts\;C:\Users\user\AppData\Local\Programs\Python\Python39\;C:\Users\user\AppData\Local\Programs\Python\Python36\Scripts\;C:\Users\user\AppData\Local\Programs\Python\Python36\;C:\Users\user\anaconda3;C:\Users\user\anaconda3\Library\mingw-w64\bin;C:\Users\user\anaconda3\Library\usr\bin;C:\Users\user\anaconda3\Library\bin;C:\Users\user\anaconda3\Scripts;C:\Users\user\AppData\Roaming\npm;C:\Users\user\AppData\Local\Programs\Microsoft VS Code\bin;C:\Users\user\AppData\Local\Microsoft\WindowsApps;C:\Users\user\Desktop\goruntuisleme\protoc\bin;
USERNAME=user
OS=Windows_NT
PROCESSOR_IDENTIFIER=AMD64 Family 23 Model 17 Stepping 0, AuthenticAMD



---------------  S Y S T E M  ---------------

OS: Windows 10 , 64 bit Build 19041 (10.0.19041.3636)

CPU:total 8 (initial active 8) (8 cores per cpu, 2 threads per core) family 23 model 17 stepping 0, cmov, cx8, fxsr, mmx, sse, sse2, sse3, ssse3, sse4.1, sse4.2, popcnt, avx, avx2, aes, clmul, mmxext, 3dnowpref, lzcnt, sse4a, ht, tsc, tscinvbit, tscinv, bmi1, bmi2, adx, sha, fma

Memory: 4k page, system-wide physical 7068M (543M free)
TotalPageFile size 28572M (AvailPageFile size 5M)
current process WorkingSet (physical memory assigned to process): 458M, peak: 458M
current process commit charge ("private bytes"): 497M, peak: 531M

vm_info: Java HotSpot(TM) 64-Bit Server VM (12.0.2+10) for windows-amd64 JRE (12.0.2+10), built on Jul 16 2019 01:56:17 by "mach5one" with MS VC++ 15.5 (VS2017)

END.
