#
# There is insufficient memory for the Java Runtime Environment to continue.
# Native memory allocation (malloc) failed to allocate 767376 bytes for Chunk::new
# Possible reasons:
#   The system is out of physical RAM or swap space
#   The process is running with CompressedOops enabled, and the Java Heap may be blocking the growth of the native heap
# Possible solutions:
#   Reduce memory load on the system
#   Increase physical memory or swap space
#   Check if swap backing store is full
#   Decrease Java heap size (-Xmx/-Xms)
#   Decrease number of Java threads
#   Decrease Java thread stack sizes (-Xss)
#   Set larger code cache with -XX:ReservedCodeCacheSize=
#   JVM is running with Unscaled Compressed Oops mode in which the Java heap is
#     placed in the first 4GB address space. The Java Heap base address is the
#     maximum limit for the native heap growth. Please use -XX:HeapBaseMinAddress
#     to set the Java Heap base and to place the Java Heap above 4GB virtual address.
# This output file may be truncated or incomplete.
#
#  Out of Memory Error (t:/workspace/open/src/hotspot/share/memory/arena.cpp:197), pid=1960, tid=12384
#
# JRE version: Java(TM) SE Runtime Environment (12.0.2+10) (build 12.0.2+10)
# Java VM: Java HotSpot(TM) 64-Bit Server VM (12.0.2+10, mixed mode, sharing, tiered, compressed oops, g1 gc, windows-amd64)
# No core dump will be written. Minidumps are not enabled by default on client versions of Windows
#

---------------  S U M M A R Y ------------

Command Line: --add-opens=java.base/java.util=ALL-UNNAMED --add-opens=java.base/java.lang=ALL-UNNAMED --add-opens=java.base/java.lang.invoke=ALL-UNNAMED --add-opens=java.prefs/java.util.prefs=ALL-UNNAMED --add-opens=java.base/java.nio.charset=ALL-UNNAMED --add-opens=java.base/java.net=ALL-UNNAMED --add-opens=java.base/java.util.concurrent.atomic=ALL-UNNAMED -Xmx2048m -Dfile.encoding=UTF-8 -Duser.country=TR -Duser.language=tr -Duser.variant org.gradle.launcher.daemon.bootstrap.GradleDaemon 8.0

Host: AMD Ryzen 7 2700U with Radeon Vega Mobile Gfx  , 8 cores, 6G,  Windows 10 , 64 bit Build 19041 (10.0.19041.3636)
Time: Tue Nov 21 14:49:45 2023 Türkiye Standart Saati elapsed time: 21 seconds (0d 0h 0m 21s)

---------------  T H R E A D  ---------------

Current thread (0x000001c92fa98000):  JavaThread "C2 CompilerThread2" daemon [_thread_in_native, id=12384, stack(0x0000002617500000,0x0000002617600000)]


Current CompileTask:
C2:  21568 10582       4       com.google.common.collect.Interners$InternerImpl::intern (54 bytes)

Stack: [0x0000002617500000,0x0000002617600000]
Native frames: (J=compiled Java code, j=interpreted, Vv=VM code, C=native code)
V  [jvm.dll+0x63aa2a]
V  [jvm.dll+0x78ce1e]
V  [jvm.dll+0x78e4c1]
V  [jvm.dll+0x78eb13]
V  [jvm.dll+0x2627e8]
V  [jvm.dll+0xc55cc]
V  [jvm.dll+0xc5b4c]
V  [jvm.dll+0x37a632]
V  [jvm.dll+0x3463d3]
V  [jvm.dll+0x34579a]
V  [jvm.dll+0x21c205]
V  [jvm.dll+0x21b3da]
V  [jvm.dll+0x199a20]
V  [jvm.dll+0x22a744]
V  [jvm.dll+0x228d98]
V  [jvm.dll+0x7512a0]
V  [jvm.dll+0x74a2c8]
V  [jvm.dll+0x639b16]
C  [ucrtbase.dll+0x21bb2]
C  [KERNEL32.DLL+0x17344]
C  [ntdll.dll+0x526b1]


---------------  P R O C E S S  ---------------

Threads class SMR info:
_java_thread_list=0x000001c93283c5c0, length=134, elements={
0x000001c90dc8f800, 0x000001c92ca03000, 0x000001c92ca04000, 0x000001c92ca22800,
0x000001c92ca23800, 0x000001c92ca24800, 0x000001c92ca2d000, 0x000001c92ca2e000,
0x000001c92d488800, 0x000001c92d48c800, 0x000001c92eca7000, 0x000001c92f4ed000,
0x000001c92f1ac000, 0x000001c92e2a6000, 0x000001c92f0b4000, 0x000001c92ecd9800,
0x000001c92ef2d000, 0x000001c92e77d800, 0x000001c92f6cc800, 0x000001c92f6c1000,
0x000001c92efce800, 0x000001c92efd1800, 0x000001c92efcf000, 0x000001c92d843000,
0x000001c92efd2800, 0x000001c92efd0000, 0x000001c92efd0800, 0x000001c92efd3000,
0x000001c92efcd800, 0x000001c92efd4000, 0x000001c92d663800, 0x000001c92d660800,
0x000001c92d665800, 0x000001c92d663000, 0x000001c92d668000, 0x000001c92d666000,
0x000001c92d669800, 0x000001c92d66a000, 0x000001c92d66c000, 0x000001c92d66e800,
0x000001c92d668800, 0x000001c92d66b000, 0x000001c92f96e000, 0x000001c92f96f800,
0x000001c92f96b800, 0x000001c92f96f000, 0x000001c92f96d000, 0x000001c92f970800,
0x000001c92f971000, 0x000001c92f96c800, 0x000001c92f973000, 0x000001c92f974800,
0x000001c92f976000, 0x000001c92f973800, 0x000001c92f975800, 0x000001c92f977000,
0x000001c92f978000, 0x000001c92f972000, 0x000001c92f97a000, 0x000001c92f978800,
0x000001c92f979800, 0x000001c92d539000, 0x000001c92d53b800, 0x000001c92d53a000,
0x000001c92d53c000, 0x000001c92d53d000, 0x000001c92d537800, 0x000001c92d53a800,
0x000001c92d53e000, 0x000001c92d538000, 0x000001c92d543800, 0x000001c92d53f800,
0x000001c92d542000, 0x000001c92d541000, 0x000001c92d53e800, 0x000001c92d543000,
0x000001c92d544800, 0x000001c92d545000, 0x000001c92d546000, 0x000001c92d540800,
0x000001c930fe0000, 0x000001c930fe5000, 0x000001c930fe0800, 0x000001c930fdf000,
0x000001c930fe5800, 0x000001c930fe6800, 0x000001c930fe7000, 0x000001c930fe3000,
0x000001c930fe1800, 0x000001c930fe4000, 0x000001c930fe8000, 0x000001c930fe2800,
0x000001c930fed000, 0x000001c930fe9800, 0x000001c930feb800, 0x000001c930fec000,
0x000001c930fed800, 0x000001c930fea800, 0x000001c930fe9000, 0x000001c92db8b000,
0x000001c92db88000, 0x000001c92db87000, 0x000001c92db88800, 0x000001c92db8c000,
0x000001c92db8e800, 0x000001c92db8f000, 0x000001c92db89800, 0x000001c92db8d800,
0x000001c92db8c800, 0x000001c92db90000, 0x000001c92db8a800, 0x000001c92db91000,
0x000001c92db94000, 0x000001c92db91800, 0x000001c92db95800, 0x000001c92db95000,
0x000001c92db92800, 0x000001c92db93800, 0x000001c92fa9c000, 0x000001c92fa98000,
0x000001c92fa9b000, 0x000001c92fa98800, 0x000001c92fa97000, 0x000001c92fa99800,
0x000001c92fa96800, 0x000001c92fa9d800, 0x000001c92faa0000, 0x000001c92fa9d000,
0x000001c92fa9e800, 0x000001c92fa9a800, 0x000001c92faa1000, 0x000001c92faa1800,
0x000001c92faa2800, 0x000001c92faa4000
}

Java Threads: ( => current thread )
  0x000001c90dc8f800 JavaThread "main" [_thread_blocked, id=3224, stack(0x000000260ef00000,0x000000260f000000)]
  0x000001c92ca03000 JavaThread "Reference Handler" daemon [_thread_blocked, id=2960, stack(0x000000260f600000,0x000000260f700000)]
  0x000001c92ca04000 JavaThread "Finalizer" daemon [_thread_blocked, id=5268, stack(0x000000260f700000,0x000000260f800000)]
  0x000001c92ca22800 JavaThread "Signal Dispatcher" daemon [_thread_blocked, id=19360, stack(0x000000260f800000,0x000000260f900000)]
  0x000001c92ca23800 JavaThread "Attach Listener" daemon [_thread_blocked, id=17336, stack(0x000000260f900000,0x000000260fa00000)]
  0x000001c92ca24800 JavaThread "C2 CompilerThread0" daemon [_thread_in_vm, id=21460, stack(0x000000260fa00000,0x000000260fb00000)]
  0x000001c92ca2d000 JavaThread "C1 CompilerThread0" daemon [_thread_in_native, id=14112, stack(0x000000260fb00000,0x000000260fc00000)]
  0x000001c92ca2e000 JavaThread "Sweeper thread" daemon [_thread_blocked, id=20796, stack(0x000000260fc00000,0x000000260fd00000)]
  0x000001c92d488800 JavaThread "Common-Cleaner" daemon [_thread_blocked, id=15400, stack(0x000000260fd00000,0x000000260fe00000)]
  0x000001c92d48c800 JavaThread "Service Thread" daemon [_thread_blocked, id=21300, stack(0x000000260fe00000,0x000000260ff00000)]
  0x000001c92eca7000 JavaThread "Daemon health stats" [_thread_blocked, id=7048, stack(0x0000002610300000,0x0000002610400000)]
  0x000001c92f4ed000 JavaThread "Incoming local TCP Connector on port 49372" [_thread_in_native, id=1896, stack(0x0000002610000000,0x0000002610100000)]
  0x000001c92f1ac000 JavaThread "Daemon periodic checks" [_thread_blocked, id=16496, stack(0x0000002610200000,0x0000002610300000)]
  0x000001c92e2a6000 JavaThread "Daemon" [_thread_blocked, id=18796, stack(0x0000002610600000,0x0000002610700000)]
  0x000001c92f0b4000 JavaThread "Handler for socket connection from /127.0.0.1:49372 to /127.0.0.1:49373" [_thread_in_native, id=11248, stack(0x0000002610700000,0x0000002610800000)]
  0x000001c92ecd9800 JavaThread "Cancel handler" [_thread_blocked, id=5568, stack(0x0000002610800000,0x0000002610900000)]
  0x000001c92ef2d000 JavaThread "Daemon worker" [_thread_blocked, id=8316, stack(0x0000002610900000,0x0000002610a00000)]
  0x000001c92e77d800 JavaThread "Asynchronous log dispatcher for DefaultDaemonConnection: socket connection from /127.0.0.1:49372 to /127.0.0.1:49373" [_thread_blocked, id=9020, stack(0x0000002610a00000,0x0000002610b00000)]
  0x000001c92f6cc800 JavaThread "Stdin handler" [_thread_blocked, id=1548, stack(0x0000002610b00000,0x0000002610c00000)]
  0x000001c92f6c1000 JavaThread "Daemon client event forwarder" [_thread_blocked, id=19872, stack(0x0000002610c00000,0x0000002610d00000)]
  0x000001c92efce800 JavaThread "Cache worker for journal cache (C:\Users\user\.gradle\caches\journal-1)" [_thread_in_vm, id=6588, stack(0x0000002611100000,0x0000002611200000)]
  0x000001c92efd1800 JavaThread "File lock request listener" [_thread_in_native, id=20056, stack(0x0000002611200000,0x0000002611300000)]
  0x000001c92efcf000 JavaThread "Cache worker for file hash cache (C:\Users\user\.gradle\caches\8.0\fileHashes)" [_thread_blocked, id=16456, stack(0x0000002611300000,0x0000002611400000)]
  0x000001c92d843000 JavaThread "C2 CompilerThread1" daemon [_thread_blocked, id=20536, stack(0x0000002611400000,0x0000002611500000)]
  0x000001c92efd2800 JavaThread "File watcher server" daemon [_thread_in_native, id=16436, stack(0x0000002611600000,0x0000002611700000)]
  0x000001c92efd0000 JavaThread "File watcher consumer" daemon [_thread_blocked, id=16412, stack(0x0000002611700000,0x0000002611800000)]
  0x000001c92efd0800 JavaThread "Cache worker for checksums cache (C:\Users\user\Desktop\Projeler\kotlin-coroutines-master\ConfessMe-master53\.gradle\8.0\checksums)" [_thread_blocked, id=6180, stack(0x0000002611800000,0x0000002611900000)]
  0x000001c92efd3000 JavaThread "Cache worker for cache directory md-rule (C:\Users\user\.gradle\caches\8.0\md-rule)" [_thread_blocked, id=15496, stack(0x0000002611900000,0x0000002611a00000)]
  0x000001c92efcd800 JavaThread "Cache worker for file content cache (C:\Users\user\.gradle\caches\8.0\fileContent)" [_thread_blocked, id=15352, stack(0x0000002611b00000,0x0000002611c00000)]
  0x000001c92efd4000 JavaThread "Cache worker for file hash cache (C:\Users\user\Desktop\Projeler\kotlin-coroutines-master\ConfessMe-master53\.gradle\8.0\fileHashes)" [_thread_blocked, id=2460, stack(0x0000002611c00000,0x0000002611d00000)]
  0x000001c92d663800 JavaThread "Cache worker for cache directory md-supplier (C:\Users\user\.gradle\caches\8.0\md-supplier)" [_thread_blocked, id=19392, stack(0x0000002611d00000,0x0000002611e00000)]
  0x000001c92d660800 JavaThread "Cache worker for execution history cache (C:\Users\user\.gradle\caches\8.0\executionHistory)" [_thread_in_Java, id=18408, stack(0x0000002611e00000,0x0000002611f00000)]
  0x000001c92d665800 JavaThread "jar transforms" [_thread_blocked, id=11628, stack(0x0000002611f00000,0x0000002612000000)]
  0x000001c92d663000 JavaThread "jar transforms Thread 2" [_thread_blocked, id=512, stack(0x0000002612000000,0x0000002612100000)]
  0x000001c92d668000 JavaThread "jar transforms Thread 3" [_thread_blocked, id=3304, stack(0x0000002612100000,0x0000002612200000)]
  0x000001c92d666000 JavaThread "jar transforms Thread 4" [_thread_blocked, id=15680, stack(0x0000002612200000,0x0000002612300000)]
  0x000001c92d669800 JavaThread "Cache worker for dependencies-accessors (C:\Users\user\Desktop\Projeler\kotlin-coroutines-master\ConfessMe-master53\.gradle\8.0\dependencies-accessors)" [_thread_blocked, id=19084, stack(0x0000002612300000,0x0000002612400000)]
  0x000001c92d66a000 JavaThread "jar transforms Thread 5" [_thread_blocked, id=14668, stack(0x0000002612400000,0x0000002612500000)]
  0x000001c92d66c000 JavaThread "Cache worker for Build Output Cleanup Cache (C:\Users\user\Desktop\Projeler\kotlin-coroutines-master\ConfessMe-master53\.gradle\buildOutputCleanup)" [_thread_blocked, id=14940, stack(0x0000002612500000,0x0000002612600000)]
  0x000001c92d66e800 JavaThread "Unconstrained build operations" [_thread_blocked, id=16212, stack(0x0000002611500000,0x0000002611600000)]
  0x000001c92d668800 JavaThread "Unconstrained build operations Thread 2" [_thread_blocked, id=20076, stack(0x0000002612600000,0x0000002612700000)]
  0x000001c92d66b000 JavaThread "Unconstrained build operations Thread 3" [_thread_blocked, id=8328, stack(0x0000002612700000,0x0000002612800000)]
  0x000001c92f96e000 JavaThread "Unconstrained build operations Thread 4" [_thread_blocked, id=18220, stack(0x0000002612800000,0x0000002612900000)]
  0x000001c92f96f800 JavaThread "Unconstrained build operations Thread 5" [_thread_blocked, id=9128, stack(0x0000002612900000,0x0000002612a00000)]
  0x000001c92f96b800 JavaThread "Unconstrained build operations Thread 6" [_thread_blocked, id=13748, stack(0x0000002612a00000,0x0000002612b00000)]
  0x000001c92f96f000 JavaThread "Unconstrained build operations Thread 7" [_thread_blocked, id=15688, stack(0x0000002612b00000,0x0000002612c00000)]
  0x000001c92f96d000 JavaThread "Unconstrained build operations Thread 8" [_thread_blocked, id=20484, stack(0x0000002612c00000,0x0000002612d00000)]
  0x000001c92f970800 JavaThread "Unconstrained build operations Thread 9" [_thread_blocked, id=9044, stack(0x0000002612d00000,0x0000002612e00000)]
  0x000001c92f971000 JavaThread "Unconstrained build operations Thread 10" [_thread_blocked, id=11596, stack(0x0000002612e00000,0x0000002612f00000)]
  0x000001c92f96c800 JavaThread "Unconstrained build operations Thread 11" [_thread_blocked, id=19808, stack(0x0000002612f00000,0x0000002613000000)]
  0x000001c92f973000 JavaThread "Unconstrained build operations Thread 12" [_thread_blocked, id=1396, stack(0x0000002613000000,0x0000002613100000)]
  0x000001c92f974800 JavaThread "Unconstrained build operations Thread 13" [_thread_blocked, id=21444, stack(0x0000002613100000,0x0000002613200000)]
  0x000001c92f976000 JavaThread "Unconstrained build operations Thread 14" [_thread_blocked, id=11992, stack(0x0000002613200000,0x0000002613300000)]
  0x000001c92f973800 JavaThread "Unconstrained build operations Thread 15" [_thread_blocked, id=6652, stack(0x0000002613300000,0x0000002613400000)]
  0x000001c92f975800 JavaThread "Unconstrained build operations Thread 16" [_thread_blocked, id=12312, stack(0x0000002613400000,0x0000002613500000)]
  0x000001c92f977000 JavaThread "Unconstrained build operations Thread 17" [_thread_blocked, id=18024, stack(0x0000002613500000,0x0000002613600000)]
  0x000001c92f978000 JavaThread "Unconstrained build operations Thread 18" [_thread_blocked, id=20600, stack(0x0000002613600000,0x0000002613700000)]
  0x000001c92f972000 JavaThread "Unconstrained build operations Thread 19" [_thread_blocked, id=17580, stack(0x0000002613700000,0x0000002613800000)]
  0x000001c92f97a000 JavaThread "Unconstrained build operations Thread 20" [_thread_blocked, id=3208, stack(0x0000002613800000,0x0000002613900000)]
  0x000001c92f978800 JavaThread "Unconstrained build operations Thread 21" [_thread_blocked, id=16056, stack(0x0000002613900000,0x0000002613a00000)]
  0x000001c92f979800 JavaThread "Unconstrained build operations Thread 22" [_thread_blocked, id=7336, stack(0x0000002613a00000,0x0000002613b00000)]
  0x000001c92d539000 JavaThread "Unconstrained build operations Thread 23" [_thread_blocked, id=9632, stack(0x0000002613b00000,0x0000002613c00000)]
  0x000001c92d53b800 JavaThread "Unconstrained build operations Thread 24" [_thread_blocked, id=4740, stack(0x0000002613c00000,0x0000002613d00000)]
  0x000001c92d53a000 JavaThread "Unconstrained build operations Thread 25" [_thread_blocked, id=8728, stack(0x0000002613d00000,0x0000002613e00000)]
  0x000001c92d53c000 JavaThread "Unconstrained build operations Thread 26" [_thread_blocked, id=16816, stack(0x0000002613e00000,0x0000002613f00000)]
  0x000001c92d53d000 JavaThread "Unconstrained build operations Thread 27" [_thread_blocked, id=5224, stack(0x0000002613f00000,0x0000002614000000)]
  0x000001c92d537800 JavaThread "Unconstrained build operations Thread 28" [_thread_blocked, id=17988, stack(0x0000002614000000,0x0000002614100000)]
  0x000001c92d53a800 JavaThread "Unconstrained build operations Thread 29" [_thread_blocked, id=15640, stack(0x0000002614100000,0x0000002614200000)]
  0x000001c92d53e000 JavaThread "Unconstrained build operations Thread 30" [_thread_blocked, id=15676, stack(0x0000002614200000,0x0000002614300000)]
  0x000001c92d538000 JavaThread "Unconstrained build operations Thread 31" [_thread_blocked, id=14520, stack(0x0000002614300000,0x0000002614400000)]
  0x000001c92d543800 JavaThread "Unconstrained build operations Thread 32" [_thread_blocked, id=14132, stack(0x0000002614400000,0x0000002614500000)]
  0x000001c92d53f800 JavaThread "Unconstrained build operations Thread 33" [_thread_blocked, id=20516, stack(0x0000002614500000,0x0000002614600000)]
  0x000001c92d542000 JavaThread "Unconstrained build operations Thread 34" [_thread_blocked, id=13676, stack(0x0000002614600000,0x0000002614700000)]
  0x000001c92d541000 JavaThread "Unconstrained build operations Thread 35" [_thread_blocked, id=16860, stack(0x0000002614700000,0x0000002614800000)]
  0x000001c92d53e800 JavaThread "Unconstrained build operations Thread 36" [_thread_blocked, id=17096, stack(0x0000002614800000,0x0000002614900000)]
  0x000001c92d543000 JavaThread "Unconstrained build operations Thread 37" [_thread_blocked, id=14036, stack(0x0000002614900000,0x0000002614a00000)]
  0x000001c92d544800 JavaThread "Unconstrained build operations Thread 38" [_thread_blocked, id=20064, stack(0x0000002614a00000,0x0000002614b00000)]
  0x000001c92d545000 JavaThread "Unconstrained build operations Thread 39" [_thread_blocked, id=16008, stack(0x0000002614b00000,0x0000002614c00000)]
  0x000001c92d546000 JavaThread "Unconstrained build operations Thread 40" [_thread_blocked, id=15012, stack(0x0000002614c00000,0x0000002614d00000)]
  0x000001c92d540800 JavaThread "Unconstrained build operations Thread 41" [_thread_blocked, id=16160, stack(0x0000002614d00000,0x0000002614e00000)]
  0x000001c930fe0000 JavaThread "Unconstrained build operations Thread 42" [_thread_blocked, id=13060, stack(0x0000002614e00000,0x0000002614f00000)]
  0x000001c930fe5000 JavaThread "Unconstrained build operations Thread 43" [_thread_blocked, id=16344, stack(0x0000002614f00000,0x0000002615000000)]
  0x000001c930fe0800 JavaThread "Unconstrained build operations Thread 44" [_thread_blocked, id=21284, stack(0x0000002615000000,0x0000002615100000)]
  0x000001c930fdf000 JavaThread "Unconstrained build operations Thread 45" [_thread_blocked, id=9328, stack(0x0000002615100000,0x0000002615200000)]
  0x000001c930fe5800 JavaThread "Unconstrained build operations Thread 46" [_thread_blocked, id=16880, stack(0x0000002615200000,0x0000002615300000)]
  0x000001c930fe6800 JavaThread "Unconstrained build operations Thread 47" [_thread_blocked, id=14928, stack(0x0000002615300000,0x0000002615400000)]
  0x000001c930fe7000 JavaThread "Unconstrained build operations Thread 48" [_thread_in_native, id=8432, stack(0x0000002615400000,0x0000002615500000)]
  0x000001c930fe3000 JavaThread "Unconstrained build operations Thread 49" [_thread_blocked, id=18960, stack(0x0000002615500000,0x0000002615600000)]
  0x000001c930fe1800 JavaThread "Unconstrained build operations Thread 50" [_thread_blocked, id=18812, stack(0x0000002615600000,0x0000002615700000)]
  0x000001c930fe4000 JavaThread "Unconstrained build operations Thread 51" [_thread_blocked, id=7632, stack(0x0000002615700000,0x0000002615800000)]
  0x000001c930fe8000 JavaThread "Unconstrained build operations Thread 52" [_thread_blocked, id=4116, stack(0x0000002615800000,0x0000002615900000)]
  0x000001c930fe2800 JavaThread "Unconstrained build operations Thread 53" [_thread_in_vm, id=18004, stack(0x0000002615900000,0x0000002615a00000)]
  0x000001c930fed000 JavaThread "Unconstrained build operations Thread 54" [_thread_blocked, id=15388, stack(0x0000002615a00000,0x0000002615b00000)]
  0x000001c930fe9800 JavaThread "Unconstrained build operations Thread 55" [_thread_blocked, id=19036, stack(0x0000002615b00000,0x0000002615c00000)]
  0x000001c930feb800 JavaThread "Unconstrained build operations Thread 56" [_thread_blocked, id=9160, stack(0x0000002615c00000,0x0000002615d00000)]
  0x000001c930fec000 JavaThread "Unconstrained build operations Thread 57" [_thread_blocked, id=15064, stack(0x0000002615d00000,0x0000002615e00000)]
  0x000001c930fed800 JavaThread "Unconstrained build operations Thread 58" [_thread_blocked, id=8008, stack(0x0000002615e00000,0x0000002615f00000)]
  0x000001c930fea800 JavaThread "Unconstrained build operations Thread 59" [_thread_blocked, id=17180, stack(0x0000002615f00000,0x0000002616000000)]
  0x000001c930fe9000 JavaThread "Unconstrained build operations Thread 60" [_thread_blocked, id=12400, stack(0x0000002616000000,0x0000002616100000)]
  0x000001c92db8b000 JavaThread "Unconstrained build operations Thread 61" [_thread_blocked, id=16856, stack(0x0000002616100000,0x0000002616200000)]
  0x000001c92db88000 JavaThread "Unconstrained build operations Thread 62" [_thread_blocked, id=5988, stack(0x0000002616200000,0x0000002616300000)]
  0x000001c92db87000 JavaThread "Unconstrained build operations Thread 63" [_thread_blocked, id=6232, stack(0x0000002616300000,0x0000002616400000)]
  0x000001c92db88800 JavaThread "Unconstrained build operations Thread 64" [_thread_blocked, id=12792, stack(0x0000002616400000,0x0000002616500000)]
  0x000001c92db8c000 JavaThread "Unconstrained build operations Thread 65" [_thread_blocked, id=15460, stack(0x0000002616500000,0x0000002616600000)]
  0x000001c92db8e800 JavaThread "Unconstrained build operations Thread 66" [_thread_blocked, id=8976, stack(0x0000002616600000,0x0000002616700000)]
  0x000001c92db8f000 JavaThread "Unconstrained build operations Thread 67" [_thread_blocked, id=18940, stack(0x0000002616700000,0x0000002616800000)]
  0x000001c92db89800 JavaThread "Unconstrained build operations Thread 68" [_thread_blocked, id=14932, stack(0x0000002616800000,0x0000002616900000)]
  0x000001c92db8d800 JavaThread "Unconstrained build operations Thread 69" [_thread_blocked, id=20252, stack(0x0000002616900000,0x0000002616a00000)]
  0x000001c92db8c800 JavaThread "Unconstrained build operations Thread 70" [_thread_blocked, id=13108, stack(0x0000002616a00000,0x0000002616b00000)]
  0x000001c92db90000 JavaThread "Unconstrained build operations Thread 71" [_thread_blocked, id=6344, stack(0x0000002616b00000,0x0000002616c00000)]
  0x000001c92db8a800 JavaThread "Unconstrained build operations Thread 72" [_thread_blocked, id=17308, stack(0x0000002616c00000,0x0000002616d00000)]
  0x000001c92db91000 JavaThread "Unconstrained build operations Thread 73" [_thread_blocked, id=18728, stack(0x0000002616d00000,0x0000002616e00000)]
  0x000001c92db94000 JavaThread "Unconstrained build operations Thread 74" [_thread_blocked, id=15212, stack(0x0000002616e00000,0x0000002616f00000)]
  0x000001c92db91800 JavaThread "Unconstrained build operations Thread 75" [_thread_blocked, id=11908, stack(0x0000002616f00000,0x0000002617000000)]
  0x000001c92db95800 JavaThread "Unconstrained build operations Thread 76" [_thread_blocked, id=12940, stack(0x0000002617000000,0x0000002617100000)]
  0x000001c92db95000 JavaThread "Unconstrained build operations Thread 77" [_thread_blocked, id=11832, stack(0x0000002617100000,0x0000002617200000)]
  0x000001c92db92800 JavaThread "Unconstrained build operations Thread 78" [_thread_blocked, id=10696, stack(0x0000002617200000,0x0000002617300000)]
  0x000001c92db93800 JavaThread "Unconstrained build operations Thread 79" [_thread_blocked, id=1256, stack(0x0000002617300000,0x0000002617400000)]
  0x000001c92fa9c000 JavaThread "Unconstrained build operations Thread 80" [_thread_blocked, id=2308, stack(0x0000002617400000,0x0000002617500000)]
=>0x000001c92fa98000 JavaThread "C2 CompilerThread2" daemon [_thread_in_native, id=12384, stack(0x0000002617500000,0x0000002617600000)]
  0x000001c92fa9b000 JavaThread "jar transforms Thread 6" [_thread_blocked, id=18924, stack(0x0000002617600000,0x0000002617700000)]
  0x000001c92fa98800 JavaThread "jar transforms Thread 7" [_thread_blocked, id=13952, stack(0x0000002617700000,0x0000002617800000)]
  0x000001c92fa97000 JavaThread "jar transforms Thread 8" [_thread_blocked, id=17412, stack(0x0000002617800000,0x0000002617900000)]
  0x000001c92fa99800 JavaThread "build event listener" [_thread_blocked, id=17936, stack(0x0000002617900000,0x0000002617a00000)]
  0x000001c92fa96800 JavaThread "Memory manager" [_thread_blocked, id=10820, stack(0x0000002617a00000,0x0000002617b00000)]
  0x000001c92fa9d800 JavaThread "included builds" [_thread_blocked, id=15288, stack(0x0000002617b00000,0x0000002617c00000)]
  0x000001c92faa0000 JavaThread "Execution worker" [_thread_blocked, id=16868, stack(0x0000002617c00000,0x0000002617d00000)]
  0x000001c92fa9d000 JavaThread "Execution worker Thread 2" [_thread_blocked, id=2548, stack(0x0000002617d00000,0x0000002617e00000)]
  0x000001c92fa9e800 JavaThread "Execution worker Thread 3" [_thread_blocked, id=10544, stack(0x0000002617e00000,0x0000002617f00000)]
  0x000001c92fa9a800 JavaThread "Execution worker Thread 4" [_thread_blocked, id=15476, stack(0x0000002617f00000,0x0000002618000000)]
  0x000001c92faa1000 JavaThread "Execution worker Thread 5" [_thread_blocked, id=12712, stack(0x0000002618000000,0x0000002618100000)]
  0x000001c92faa1800 JavaThread "Execution worker Thread 6" [_thread_blocked, id=14844, stack(0x0000002618100000,0x0000002618200000)]
  0x000001c92faa2800 JavaThread "Execution worker Thread 7" [_thread_blocked, id=9304, stack(0x0000002618200000,0x0000002618300000)]
  0x000001c92faa4000 JavaThread "Cache worker for execution history cache (C:\Users\user\Desktop\Projeler\kotlin-coroutines-master\ConfessMe-master53\.gradle\8.0\executionHistory)" [_thread_blocked, id=536, stack(0x0000002618300000,0x0000002618400000)]

Other Threads:
  0x000001c92ca02000 VMThread "VM Thread" [stack: 0x000000260f500000,0x000000260f600000] [id=20260]
  0x000001c92d490800 WatcherThread [stack: 0x000000260ff00000,0x0000002610000000] [id=16728]
  0x000001c90dcce800 GCTaskThread "GC Thread#0" [stack: 0x000000260f000000,0x000000260f100000] [id=8796]
  0x000001c92e1f8000 GCTaskThread "GC Thread#1" [stack: 0x0000002610100000,0x0000002610200000] [id=20620]
  0x000001c92eec4000 GCTaskThread "GC Thread#2" [stack: 0x0000002610400000,0x0000002610500000] [id=1988]
  0x000001c92f09f000 GCTaskThread "GC Thread#3" [stack: 0x0000002610500000,0x0000002610600000] [id=11224]
  0x000001c92f9cc800 GCTaskThread "GC Thread#4" [stack: 0x0000002610d00000,0x0000002610e00000] [id=1428]
  0x000001c92f1be000 GCTaskThread "GC Thread#5" [stack: 0x0000002610e00000,0x0000002610f00000] [id=1680]
  0x000001c92f6e5800 GCTaskThread "GC Thread#6" [stack: 0x0000002610f00000,0x0000002611000000] [id=11632]
  0x000001c92e433000 GCTaskThread "GC Thread#7" [stack: 0x0000002611000000,0x0000002611100000] [id=18288]
  0x000001c90dcdd000 ConcurrentGCThread "G1 Main Marker" [stack: 0x000000260f100000,0x000000260f200000] [id=13520]
  0x000001c90dce0000 ConcurrentGCThread "G1 Conc#0" [stack: 0x000000260f200000,0x000000260f300000] [id=18132]
  0x000001c92f897800 ConcurrentGCThread "G1 Conc#1" [stack: 0x0000002611a00000,0x0000002611b00000] [id=4300]
  0x000001c90dd6e000 ConcurrentGCThread "G1 Refine#0" [stack: 0x000000260f300000,0x000000260f400000] [id=18344]
  0x000001c92c87b800 ConcurrentGCThread "G1 Young RemSet Sampling" [stack: 0x000000260f400000,0x000000260f500000] [id=9076]

Threads with active compile tasks:
C2 CompilerThread0  10585       4       org.gradle.api.internal.cache.StringInterner::intern (9 bytes)
C1 CompilerThread0  10730       3       sun.nio.cs.StreamDecoder::implRead (243 bytes)
C2 CompilerThread1  10701       4       org.gradle.internal.file.FileHierarchySet$Node::isChildOfOrThis (110 bytes)
C2 CompilerThread2  10582       4       com.google.common.collect.Interners$InternerImpl::intern (54 bytes)

VM state:at safepoint (normal execution)

VM Mutex/Monitor currently owned by a thread:  ([mutex/lock_event])
[0x000001c90dc8b750] Threads_lock - owner thread: 0x000001c92ca02000

Heap address: 0x0000000080000000, size: 2048 MB, Compressed Oops mode: 32-bit
Narrow klass base: 0x0000000800000000, Narrow klass shift: 3
Compressed class space size: 1073741824 Address: 0x0000000801190000

Heap:
 garbage-first heap   total 235520K, used 136123K [0x0000000080000000, 0x0000000100000000)
  region size 1024K, 40 young (40960K), 7 survivors (7168K)
 Metaspace       used 81921K, capacity 84390K, committed 84524K, reserved 1122304K
  class space    used 11242K, capacity 12143K, committed 12160K, reserved 1048576K
Heap Regions: E=young(eden), S=young(survivor), O=old, HS=humongous(starts), HC=humongous(continues), CS=collection set, F=free, A=archive, TAMS=top-at-mark-start (previous, next)
|   0|0x0000000080000000, 0x0000000080100000, 0x0000000080100000|100%|HS|  |TAMS 0x0000000080100000, 0x0000000080000000| Complete 
|   1|0x0000000080100000, 0x0000000080200000, 0x0000000080200000|100%|HC|  |TAMS 0x0000000080200000, 0x0000000080100000| Complete 
|   2|0x0000000080200000, 0x0000000080300000, 0x0000000080300000|100%|HC|  |TAMS 0x0000000080300000, 0x0000000080200000| Complete 
|   3|0x0000000080300000, 0x0000000080400000, 0x0000000080400000|100%|HC|  |TAMS 0x0000000080400000, 0x0000000080300000| Complete 
|   4|0x0000000080400000, 0x0000000080500000, 0x0000000080500000|100%| O|  |TAMS 0x0000000080500000, 0x0000000080400000| Untracked 
|   5|0x0000000080500000, 0x0000000080600000, 0x0000000080600000|100%| O|  |TAMS 0x0000000080600000, 0x0000000080500000| Untracked 
|   6|0x0000000080600000, 0x0000000080700000, 0x0000000080700000|100%| O|  |TAMS 0x0000000080700000, 0x0000000080600000| Untracked 
|   7|0x0000000080700000, 0x0000000080800000, 0x0000000080800000|100%| O|  |TAMS 0x0000000080800000, 0x0000000080700000| Untracked 
|   8|0x0000000080800000, 0x0000000080900000, 0x0000000080900000|100%| O|  |TAMS 0x0000000080900000, 0x0000000080800000| Untracked 
|   9|0x0000000080900000, 0x0000000080a00000, 0x0000000080a00000|100%| O|  |TAMS 0x0000000080a00000, 0x0000000080900000| Untracked 
|  10|0x0000000080a00000, 0x0000000080b00000, 0x0000000080b00000|100%| O|  |TAMS 0x0000000080b00000, 0x0000000080a00000| Untracked 
|  11|0x0000000080b00000, 0x0000000080c00000, 0x0000000080c00000|100%| O|  |TAMS 0x0000000080c00000, 0x0000000080b00000| Untracked 
|  12|0x0000000080c00000, 0x0000000080d00000, 0x0000000080d00000|100%| O|  |TAMS 0x0000000080d00000, 0x0000000080c00000| Untracked 
|  13|0x0000000080d00000, 0x0000000080e00000, 0x0000000080e00000|100%| O|  |TAMS 0x0000000080e00000, 0x0000000080d00000| Untracked 
|  14|0x0000000080e00000, 0x0000000080f00000, 0x0000000080f00000|100%| O|  |TAMS 0x0000000080f00000, 0x0000000080e00000| Untracked 
|  15|0x0000000080f00000, 0x0000000081000000, 0x0000000081000000|100%| O|  |TAMS 0x0000000081000000, 0x0000000080f00000| Untracked 
|  16|0x0000000081000000, 0x0000000081064c00, 0x0000000081100000| 39%| O|  |TAMS 0x0000000081064c00, 0x0000000081000000| Untracked 
|  17|0x0000000081100000, 0x0000000081200000, 0x0000000081200000|100%| O|  |TAMS 0x0000000081200000, 0x0000000081100000| Untracked 
|  18|0x0000000081200000, 0x0000000081300000, 0x0000000081300000|100%| O|  |TAMS 0x0000000081300000, 0x0000000081200000| Untracked 
|  19|0x0000000081300000, 0x0000000081400000, 0x0000000081400000|100%| O|  |TAMS 0x0000000081400000, 0x0000000081300000| Untracked 
|  20|0x0000000081400000, 0x0000000081500000, 0x0000000081500000|100%| O|  |TAMS 0x0000000081500000, 0x0000000081400000| Untracked 
|  21|0x0000000081500000, 0x0000000081600000, 0x0000000081600000|100%| O|  |TAMS 0x0000000081600000, 0x0000000081500000| Untracked 
|  22|0x0000000081600000, 0x0000000081700000, 0x0000000081700000|100%| O|  |TAMS 0x0000000081700000, 0x0000000081600000| Untracked 
|  23|0x0000000081700000, 0x0000000081800000, 0x0000000081800000|100%| O|  |TAMS 0x0000000081800000, 0x0000000081700000| Untracked 
|  24|0x0000000081800000, 0x0000000081900000, 0x0000000081900000|100%| O|  |TAMS 0x0000000081900000, 0x0000000081800000| Untracked 
|  25|0x0000000081900000, 0x0000000081a00000, 0x0000000081a00000|100%| O|  |TAMS 0x0000000081a00000, 0x0000000081900000| Untracked 
|  26|0x0000000081a00000, 0x0000000081b00000, 0x0000000081b00000|100%| O|  |TAMS 0x0000000081b00000, 0x0000000081a00000| Untracked 
|  27|0x0000000081b00000, 0x0000000081c00000, 0x0000000081c00000|100%| O|  |TAMS 0x0000000081c00000, 0x0000000081b00000| Untracked 
|  28|0x0000000081c00000, 0x0000000081d00000, 0x0000000081d00000|100%| O|  |TAMS 0x0000000081d00000, 0x0000000081c00000| Untracked 
|  29|0x0000000081d00000, 0x0000000081e00000, 0x0000000081e00000|100%| O|  |TAMS 0x0000000081e00000, 0x0000000081d00000| Untracked 
|  30|0x0000000081e00000, 0x0000000081f00000, 0x0000000081f00000|100%| O|  |TAMS 0x0000000081f00000, 0x0000000081e00000| Untracked 
|  31|0x0000000081f00000, 0x0000000082000000, 0x0000000082000000|100%| O|  |TAMS 0x0000000082000000, 0x0000000081f00000| Untracked 
|  32|0x0000000082000000, 0x0000000082100000, 0x0000000082100000|100%| O|  |TAMS 0x0000000082100000, 0x0000000082000000| Untracked 
|  33|0x0000000082100000, 0x0000000082200000, 0x0000000082200000|100%| O|  |TAMS 0x0000000082200000, 0x0000000082100000| Untracked 
|  34|0x0000000082200000, 0x0000000082300000, 0x0000000082300000|100%| O|  |TAMS 0x0000000082300000, 0x0000000082200000| Untracked 
|  35|0x0000000082300000, 0x0000000082400000, 0x0000000082400000|100%|HS|  |TAMS 0x0000000082400000, 0x0000000082300000| Complete 
|  36|0x0000000082400000, 0x0000000082500000, 0x0000000082500000|100%| O|  |TAMS 0x0000000082500000, 0x0000000082400000| Untracked 
|  37|0x0000000082500000, 0x0000000082600000, 0x0000000082600000|100%| O|  |TAMS 0x0000000082600000, 0x0000000082500000| Untracked 
|  38|0x0000000082600000, 0x0000000082700000, 0x0000000082700000|100%| O|  |TAMS 0x0000000082700000, 0x0000000082600000| Untracked 
|  39|0x0000000082700000, 0x0000000082800000, 0x0000000082800000|100%| O|  |TAMS 0x0000000082800000, 0x0000000082700000| Untracked 
|  40|0x0000000082800000, 0x0000000082900000, 0x0000000082900000|100%|HS|  |TAMS 0x0000000082900000, 0x0000000082800000| Complete 
|  41|0x0000000082900000, 0x0000000082a00000, 0x0000000082a00000|100%|HC|  |TAMS 0x0000000082a00000, 0x0000000082900000| Complete 
|  42|0x0000000082a00000, 0x0000000082b00000, 0x0000000082b00000|100%|HS|  |TAMS 0x0000000082b00000, 0x0000000082a00000| Complete 
|  43|0x0000000082b00000, 0x0000000082c00000, 0x0000000082c00000|100%|HS|  |TAMS 0x0000000082c00000, 0x0000000082b00000| Complete 
|  44|0x0000000082c00000, 0x0000000082d00000, 0x0000000082d00000|100%|HC|  |TAMS 0x0000000082d00000, 0x0000000082c00000| Complete 
|  45|0x0000000082d00000, 0x0000000082e00000, 0x0000000082e00000|100%|HC|  |TAMS 0x0000000082e00000, 0x0000000082d00000| Complete 
|  46|0x0000000082e00000, 0x0000000082f00000, 0x0000000082f00000|100%|HC|  |TAMS 0x0000000082f00000, 0x0000000082e00000| Complete 
|  47|0x0000000082f00000, 0x0000000083000000, 0x0000000083000000|100%| O|  |TAMS 0x0000000083000000, 0x0000000082f00000| Untracked 
|  48|0x0000000083000000, 0x0000000083100000, 0x0000000083100000|100%| O|  |TAMS 0x0000000083100000, 0x0000000083000000| Untracked 
|  49|0x0000000083100000, 0x0000000083200000, 0x0000000083200000|100%| O|  |TAMS 0x0000000083200000, 0x0000000083100000| Untracked 
|  50|0x0000000083200000, 0x0000000083300000, 0x0000000083300000|100%| O|  |TAMS 0x0000000083300000, 0x0000000083200000| Untracked 
|  51|0x0000000083300000, 0x0000000083400000, 0x0000000083400000|100%| O|  |TAMS 0x0000000083400000, 0x0000000083300000| Untracked 
|  52|0x0000000083400000, 0x0000000083500000, 0x0000000083500000|100%| O|  |TAMS 0x0000000083500000, 0x0000000083400000| Untracked 
|  53|0x0000000083500000, 0x0000000083600000, 0x0000000083600000|100%| O|  |TAMS 0x0000000083600000, 0x0000000083500000| Untracked 
|  54|0x0000000083600000, 0x0000000083700000, 0x0000000083700000|100%| O|  |TAMS 0x0000000083700000, 0x0000000083600000| Untracked 
|  55|0x0000000083700000, 0x0000000083800000, 0x0000000083800000|100%| O|  |TAMS 0x0000000083800000, 0x0000000083700000| Untracked 
|  56|0x0000000083800000, 0x0000000083900000, 0x0000000083900000|100%| O|  |TAMS 0x0000000083900000, 0x0000000083800000| Untracked 
|  57|0x0000000083900000, 0x0000000083a00000, 0x0000000083a00000|100%| O|  |TAMS 0x0000000083a00000, 0x0000000083900000| Untracked 
|  58|0x0000000083a00000, 0x0000000083b00000, 0x0000000083b00000|100%| O|  |TAMS 0x0000000083b00000, 0x0000000083a00000| Untracked 
|  59|0x0000000083b00000, 0x0000000083c00000, 0x0000000083c00000|100%| O|  |TAMS 0x0000000083c00000, 0x0000000083b00000| Untracked 
|  60|0x0000000083c00000, 0x0000000083d00000, 0x0000000083d00000|100%| O|  |TAMS 0x0000000083d00000, 0x0000000083c00000| Untracked 
|  61|0x0000000083d00000, 0x0000000083e00000, 0x0000000083e00000|100%| O|  |TAMS 0x0000000083e00000, 0x0000000083d00000| Untracked 
|  62|0x0000000083e00000, 0x0000000083f00000, 0x0000000083f00000|100%| O|  |TAMS 0x0000000083f00000, 0x0000000083e00000| Untracked 
|  63|0x0000000083f00000, 0x0000000084000000, 0x0000000084000000|100%| O|  |TAMS 0x0000000084000000, 0x0000000083f00000| Untracked 
|  64|0x0000000084000000, 0x0000000084100000, 0x0000000084100000|100%| O|  |TAMS 0x0000000084100000, 0x0000000084000000| Untracked 
|  65|0x0000000084100000, 0x0000000084200000, 0x0000000084200000|100%| O|  |TAMS 0x0000000084200000, 0x0000000084100000| Untracked 
|  66|0x0000000084200000, 0x0000000084300000, 0x0000000084300000|100%| O|  |TAMS 0x0000000084300000, 0x0000000084200000| Untracked 
|  67|0x0000000084300000, 0x0000000084400000, 0x0000000084400000|100%| O|  |TAMS 0x0000000084400000, 0x0000000084300000| Untracked 
|  68|0x0000000084400000, 0x0000000084500000, 0x0000000084500000|100%| O|  |TAMS 0x0000000084500000, 0x0000000084400000| Untracked 
|  69|0x0000000084500000, 0x0000000084600000, 0x0000000084600000|100%| O|  |TAMS 0x0000000084600000, 0x0000000084500000| Untracked 
|  70|0x0000000084600000, 0x0000000084700000, 0x0000000084700000|100%| O|  |TAMS 0x0000000084700000, 0x0000000084600000| Untracked 
|  71|0x0000000084700000, 0x0000000084800000, 0x0000000084800000|100%| O|  |TAMS 0x0000000084800000, 0x0000000084700000| Untracked 
|  72|0x0000000084800000, 0x0000000084900000, 0x0000000084900000|100%| O|  |TAMS 0x0000000084900000, 0x0000000084800000| Untracked 
|  73|0x0000000084900000, 0x0000000084a00000, 0x0000000084a00000|100%| O|  |TAMS 0x0000000084a00000, 0x0000000084900000| Untracked 
|  74|0x0000000084a00000, 0x0000000084b00000, 0x0000000084b00000|100%| O|  |TAMS 0x0000000084b00000, 0x0000000084a00000| Untracked 
|  75|0x0000000084b00000, 0x0000000084c00000, 0x0000000084c00000|100%| O|  |TAMS 0x0000000084c00000, 0x0000000084b00000| Untracked 
|  76|0x0000000084c00000, 0x0000000084d00000, 0x0000000084d00000|100%| O|  |TAMS 0x0000000084d00000, 0x0000000084c00000| Untracked 
|  77|0x0000000084d00000, 0x0000000084e00000, 0x0000000084e00000|100%| O|  |TAMS 0x0000000084e00000, 0x0000000084d00000| Untracked 
|  78|0x0000000084e00000, 0x0000000084f00000, 0x0000000084f00000|100%| O|  |TAMS 0x0000000084f00000, 0x0000000084e00000| Untracked 
|  79|0x0000000084f00000, 0x0000000085000000, 0x0000000085000000|100%| O|  |TAMS 0x0000000085000000, 0x0000000084f00000| Untracked 
|  80|0x0000000085000000, 0x0000000085100000, 0x0000000085100000|100%| O|  |TAMS 0x0000000085100000, 0x0000000085000000| Untracked 
|  81|0x0000000085100000, 0x0000000085200000, 0x0000000085200000|100%| O|  |TAMS 0x0000000085200000, 0x0000000085100000| Untracked 
|  82|0x0000000085200000, 0x0000000085300000, 0x0000000085300000|100%| O|  |TAMS 0x0000000085300000, 0x0000000085200000| Untracked 
|  83|0x0000000085300000, 0x0000000085400000, 0x0000000085400000|100%| O|  |TAMS 0x0000000085400000, 0x0000000085300000| Untracked 
|  84|0x0000000085400000, 0x0000000085500000, 0x0000000085500000|100%| O|  |TAMS 0x0000000085500000, 0x0000000085400000| Untracked 
|  85|0x0000000085500000, 0x0000000085600000, 0x0000000085600000|100%| O|  |TAMS 0x0000000085600000, 0x0000000085500000| Untracked 
|  86|0x0000000085600000, 0x0000000085700000, 0x0000000085700000|100%| O|  |TAMS 0x0000000085700000, 0x0000000085600000| Untracked 
|  87|0x0000000085700000, 0x0000000085800000, 0x0000000085800000|100%| O|  |TAMS 0x00000000857ccc00, 0x0000000085700000| Untracked 
|  88|0x0000000085800000, 0x0000000085900000, 0x0000000085900000|100%| O|  |TAMS 0x0000000085800000, 0x0000000085800000| Untracked 
|  89|0x0000000085900000, 0x0000000085a00000, 0x0000000085a00000|100%| O|  |TAMS 0x0000000085900000, 0x0000000085900000| Untracked 
|  90|0x0000000085a00000, 0x0000000085b00000, 0x0000000085b00000|100%| O|  |TAMS 0x0000000085a00000, 0x0000000085a00000| Untracked 
|  91|0x0000000085b00000, 0x0000000085c00000, 0x0000000085c00000|100%| O|  |TAMS 0x0000000085b00000, 0x0000000085b00000| Untracked 
|  92|0x0000000085c00000, 0x0000000085d00000, 0x0000000085d00000|100%| O|  |TAMS 0x0000000085c00000, 0x0000000085c00000| Untracked 
|  93|0x0000000085d00000, 0x0000000085e00000, 0x0000000085e00000|100%| O|  |TAMS 0x0000000085d00000, 0x0000000085d00000| Untracked 
|  94|0x0000000085e00000, 0x0000000085f00000, 0x0000000085f00000|100%| O|  |TAMS 0x0000000085e00000, 0x0000000085e00000| Untracked 
|  95|0x0000000085f00000, 0x0000000085fa9000, 0x0000000086000000| 66%| O|  |TAMS 0x0000000085f00000, 0x0000000085f00000| Untracked 
|  96|0x0000000086000000, 0x0000000086000000, 0x0000000086100000|  0%| F|  |TAMS 0x0000000086000000, 0x0000000086000000| Untracked 
|  97|0x0000000086100000, 0x0000000086100000, 0x0000000086200000|  0%| F|  |TAMS 0x0000000086100000, 0x0000000086100000| Untracked 
|  98|0x0000000086200000, 0x0000000086200000, 0x0000000086300000|  0%| F|  |TAMS 0x0000000086200000, 0x0000000086200000| Untracked 
|  99|0x0000000086300000, 0x0000000086300000, 0x0000000086400000|  0%| F|  |TAMS 0x0000000086300000, 0x0000000086300000| Untracked 
| 100|0x0000000086400000, 0x0000000086400000, 0x0000000086500000|  0%| F|  |TAMS 0x0000000086400000, 0x0000000086400000| Untracked 
| 101|0x0000000086500000, 0x0000000086500000, 0x0000000086600000|  0%| F|  |TAMS 0x0000000086500000, 0x0000000086500000| Untracked 
| 102|0x0000000086600000, 0x0000000086600000, 0x0000000086700000|  0%| F|  |TAMS 0x0000000086600000, 0x0000000086600000| Untracked 
| 103|0x0000000086700000, 0x0000000086700000, 0x0000000086800000|  0%| F|  |TAMS 0x0000000086700000, 0x0000000086700000| Untracked 
| 104|0x0000000086800000, 0x0000000086800000, 0x0000000086900000|  0%| F|  |TAMS 0x0000000086800000, 0x0000000086800000| Untracked 
| 105|0x0000000086900000, 0x0000000086900000, 0x0000000086a00000|  0%| F|  |TAMS 0x0000000086900000, 0x0000000086900000| Untracked 
| 106|0x0000000086a00000, 0x0000000086a00000, 0x0000000086b00000|  0%| F|  |TAMS 0x0000000086a00000, 0x0000000086a00000| Untracked 
| 107|0x0000000086b00000, 0x0000000086b00000, 0x0000000086c00000|  0%| F|  |TAMS 0x0000000086b00000, 0x0000000086b00000| Untracked 
| 108|0x0000000086c00000, 0x0000000086c00000, 0x0000000086d00000|  0%| F|  |TAMS 0x0000000086c00000, 0x0000000086c00000| Untracked 
| 109|0x0000000086d00000, 0x0000000086d00000, 0x0000000086e00000|  0%| F|  |TAMS 0x0000000086d00000, 0x0000000086d00000| Untracked 
| 110|0x0000000086e00000, 0x0000000086e00000, 0x0000000086f00000|  0%| F|  |TAMS 0x0000000086e00000, 0x0000000086e00000| Untracked 
| 111|0x0000000086f00000, 0x0000000086f00000, 0x0000000087000000|  0%| F|  |TAMS 0x0000000086f00000, 0x0000000086f00000| Untracked 
| 112|0x0000000087000000, 0x0000000087000000, 0x0000000087100000|  0%| F|  |TAMS 0x0000000087000000, 0x0000000087000000| Untracked 
| 113|0x0000000087100000, 0x0000000087100000, 0x0000000087200000|  0%| F|  |TAMS 0x0000000087100000, 0x0000000087100000| Untracked 
| 114|0x0000000087200000, 0x0000000087200000, 0x0000000087300000|  0%| F|  |TAMS 0x0000000087200000, 0x0000000087200000| Untracked 
| 115|0x0000000087300000, 0x0000000087300000, 0x0000000087400000|  0%| F|  |TAMS 0x0000000087300000, 0x0000000087300000| Untracked 
| 116|0x0000000087400000, 0x0000000087400000, 0x0000000087500000|  0%| F|  |TAMS 0x0000000087400000, 0x0000000087400000| Untracked 
| 117|0x0000000087500000, 0x0000000087500000, 0x0000000087600000|  0%| F|  |TAMS 0x0000000087500000, 0x0000000087500000| Untracked 
| 118|0x0000000087600000, 0x0000000087600000, 0x0000000087700000|  0%| F|  |TAMS 0x0000000087600000, 0x0000000087600000| Untracked 
| 119|0x0000000087700000, 0x0000000087700000, 0x0000000087800000|  0%| F|  |TAMS 0x0000000087700000, 0x0000000087700000| Untracked 
| 120|0x0000000087800000, 0x0000000087800000, 0x0000000087900000|  0%| F|  |TAMS 0x0000000087800000, 0x0000000087800000| Untracked 
| 121|0x0000000087900000, 0x00000000879e1078, 0x0000000087a00000| 87%| S|CS|TAMS 0x0000000087900000, 0x0000000087900000| Complete 
| 122|0x0000000087a00000, 0x0000000087a00000, 0x0000000087b00000|  0%| F|  |TAMS 0x0000000087a00000, 0x0000000087a00000| Untracked 
| 123|0x0000000087b00000, 0x0000000087b00000, 0x0000000087c00000|  0%| F|  |TAMS 0x0000000087b00000, 0x0000000087b00000| Untracked 
| 124|0x0000000087c00000, 0x0000000087c00000, 0x0000000087d00000|  0%| F|  |TAMS 0x0000000087c00000, 0x0000000087c00000| Untracked 
| 125|0x0000000087d00000, 0x0000000087d00000, 0x0000000087e00000|  0%| F|  |TAMS 0x0000000087d00000, 0x0000000087d00000| Untracked 
| 126|0x0000000087e00000, 0x0000000087e00000, 0x0000000087f00000|  0%| F|  |TAMS 0x0000000087e00000, 0x0000000087e00000| Untracked 
| 127|0x0000000087f00000, 0x0000000087f00000, 0x0000000088000000|  0%| F|  |TAMS 0x0000000087f00000, 0x0000000087f00000| Untracked 
| 128|0x0000000088000000, 0x0000000088000000, 0x0000000088100000|  0%| F|  |TAMS 0x0000000088000000, 0x0000000088000000| Untracked 
| 129|0x0000000088100000, 0x0000000088200000, 0x0000000088200000|100%| S|CS|TAMS 0x0000000088100000, 0x0000000088100000| Complete 
| 130|0x0000000088200000, 0x0000000088200000, 0x0000000088300000|  0%| F|  |TAMS 0x0000000088200000, 0x0000000088200000| Untracked 
| 131|0x0000000088300000, 0x0000000088400000, 0x0000000088400000|100%| S|CS|TAMS 0x0000000088300000, 0x0000000088300000| Complete 
| 132|0x0000000088400000, 0x0000000088500000, 0x0000000088500000|100%| S|CS|TAMS 0x0000000088400000, 0x0000000088400000| Complete 
| 133|0x0000000088500000, 0x0000000088600000, 0x0000000088600000|100%| S|CS|TAMS 0x0000000088500000, 0x0000000088500000| Complete 
| 134|0x0000000088600000, 0x0000000088700000, 0x0000000088700000|100%| S|CS|TAMS 0x0000000088600000, 0x0000000088600000| Complete 
| 135|0x0000000088700000, 0x0000000088800000, 0x0000000088800000|100%| S|CS|TAMS 0x0000000088700000, 0x0000000088700000| Complete 
| 136|0x0000000088800000, 0x0000000088800000, 0x0000000088900000|  0%| F|  |TAMS 0x0000000088800000, 0x0000000088800000| Untracked 
| 137|0x0000000088900000, 0x0000000088900000, 0x0000000088a00000|  0%| F|  |TAMS 0x0000000088900000, 0x0000000088900000| Untracked 
| 138|0x0000000088a00000, 0x0000000088a00000, 0x0000000088b00000|  0%| F|  |TAMS 0x0000000088a00000, 0x0000000088a00000| Untracked 
| 139|0x0000000088b00000, 0x0000000088b00000, 0x0000000088c00000|  0%| F|  |TAMS 0x0000000088b00000, 0x0000000088b00000| Untracked 
| 140|0x0000000088c00000, 0x0000000088c00000, 0x0000000088d00000|  0%| F|  |TAMS 0x0000000088c00000, 0x0000000088c00000| Untracked 
| 141|0x0000000088d00000, 0x0000000088d00000, 0x0000000088e00000|  0%| F|  |TAMS 0x0000000088d00000, 0x0000000088d00000| Untracked 
| 142|0x0000000088e00000, 0x0000000088e00000, 0x0000000088f00000|  0%| F|  |TAMS 0x0000000088e00000, 0x0000000088e00000| Untracked 
| 143|0x0000000088f00000, 0x0000000088f00000, 0x0000000089000000|  0%| F|  |TAMS 0x0000000088f00000, 0x0000000088f00000| Untracked 
| 144|0x0000000089000000, 0x0000000089000000, 0x0000000089100000|  0%| F|  |TAMS 0x0000000089000000, 0x0000000089000000| Untracked 
| 145|0x0000000089100000, 0x0000000089100000, 0x0000000089200000|  0%| F|  |TAMS 0x0000000089100000, 0x0000000089100000| Untracked 
| 146|0x0000000089200000, 0x0000000089200000, 0x0000000089300000|  0%| F|  |TAMS 0x0000000089200000, 0x0000000089200000| Untracked 
| 147|0x0000000089300000, 0x0000000089300000, 0x0000000089400000|  0%| F|  |TAMS 0x0000000089300000, 0x0000000089300000| Untracked 
| 148|0x0000000089400000, 0x0000000089400000, 0x0000000089500000|  0%| F|  |TAMS 0x0000000089400000, 0x0000000089400000| Untracked 
| 149|0x0000000089500000, 0x0000000089500000, 0x0000000089600000|  0%| F|  |TAMS 0x0000000089500000, 0x0000000089500000| Untracked 
| 150|0x0000000089600000, 0x0000000089600000, 0x0000000089700000|  0%| F|  |TAMS 0x0000000089600000, 0x0000000089600000| Untracked 
| 151|0x0000000089700000, 0x0000000089700000, 0x0000000089800000|  0%| F|  |TAMS 0x0000000089700000, 0x0000000089700000| Untracked 
| 152|0x0000000089800000, 0x0000000089800000, 0x0000000089900000|  0%| F|  |TAMS 0x0000000089800000, 0x0000000089800000| Untracked 
| 153|0x0000000089900000, 0x0000000089900000, 0x0000000089a00000|  0%| F|  |TAMS 0x0000000089900000, 0x0000000089900000| Untracked 
| 154|0x0000000089a00000, 0x0000000089a00000, 0x0000000089b00000|  0%| F|  |TAMS 0x0000000089a00000, 0x0000000089a00000| Untracked 
| 155|0x0000000089b00000, 0x0000000089b00000, 0x0000000089c00000|  0%| F|  |TAMS 0x0000000089b00000, 0x0000000089b00000| Untracked 
| 156|0x0000000089c00000, 0x0000000089c00000, 0x0000000089d00000|  0%| F|  |TAMS 0x0000000089c00000, 0x0000000089c00000| Untracked 
| 157|0x0000000089d00000, 0x0000000089d00000, 0x0000000089e00000|  0%| F|  |TAMS 0x0000000089d00000, 0x0000000089d00000| Untracked 
| 158|0x0000000089e00000, 0x0000000089e00000, 0x0000000089f00000|  0%| F|  |TAMS 0x0000000089e00000, 0x0000000089e00000| Untracked 
| 159|0x0000000089f00000, 0x0000000089f00000, 0x000000008a000000|  0%| F|  |TAMS 0x0000000089f00000, 0x0000000089f00000| Untracked 
| 160|0x000000008a000000, 0x000000008a000000, 0x000000008a100000|  0%| F|  |TAMS 0x000000008a000000, 0x000000008a000000| Untracked 
| 161|0x000000008a100000, 0x000000008a100000, 0x000000008a200000|  0%| F|  |TAMS 0x000000008a100000, 0x000000008a100000| Untracked 
| 162|0x000000008a200000, 0x000000008a200000, 0x000000008a300000|  0%| F|  |TAMS 0x000000008a200000, 0x000000008a200000| Untracked 
| 163|0x000000008a300000, 0x000000008a300000, 0x000000008a400000|  0%| F|  |TAMS 0x000000008a300000, 0x000000008a300000| Untracked 
| 164|0x000000008a400000, 0x000000008a400000, 0x000000008a500000|  0%| F|  |TAMS 0x000000008a400000, 0x000000008a400000| Untracked 
| 165|0x000000008a500000, 0x000000008a500000, 0x000000008a600000|  0%| F|  |TAMS 0x000000008a500000, 0x000000008a500000| Untracked 
| 166|0x000000008a600000, 0x000000008a600000, 0x000000008a700000|  0%| F|  |TAMS 0x000000008a600000, 0x000000008a600000| Untracked 
| 167|0x000000008a700000, 0x000000008a700000, 0x000000008a800000|  0%| F|  |TAMS 0x000000008a700000, 0x000000008a700000| Untracked 
| 168|0x000000008a800000, 0x000000008a800000, 0x000000008a900000|  0%| F|  |TAMS 0x000000008a800000, 0x000000008a800000| Untracked 
| 169|0x000000008a900000, 0x000000008a900000, 0x000000008aa00000|  0%| F|  |TAMS 0x000000008a900000, 0x000000008a900000| Untracked 
| 170|0x000000008aa00000, 0x000000008aa00000, 0x000000008ab00000|  0%| F|  |TAMS 0x000000008aa00000, 0x000000008aa00000| Untracked 
| 171|0x000000008ab00000, 0x000000008ab00000, 0x000000008ac00000|  0%| F|  |TAMS 0x000000008ab00000, 0x000000008ab00000| Untracked 
| 172|0x000000008ac00000, 0x000000008ac00000, 0x000000008ad00000|  0%| F|  |TAMS 0x000000008ac00000, 0x000000008ac00000| Untracked 
| 173|0x000000008ad00000, 0x000000008ad00000, 0x000000008ae00000|  0%| F|  |TAMS 0x000000008ad00000, 0x000000008ad00000| Untracked 
| 174|0x000000008ae00000, 0x000000008ae00000, 0x000000008af00000|  0%| F|  |TAMS 0x000000008ae00000, 0x000000008ae00000| Untracked 
| 175|0x000000008af00000, 0x000000008af00000, 0x000000008b000000|  0%| F|  |TAMS 0x000000008af00000, 0x000000008af00000| Untracked 
| 176|0x000000008b000000, 0x000000008b000000, 0x000000008b100000|  0%| F|  |TAMS 0x000000008b000000, 0x000000008b000000| Untracked 
| 177|0x000000008b100000, 0x000000008b100000, 0x000000008b200000|  0%| F|  |TAMS 0x000000008b100000, 0x000000008b100000| Untracked 
| 178|0x000000008b200000, 0x000000008b200000, 0x000000008b300000|  0%| F|  |TAMS 0x000000008b200000, 0x000000008b200000| Untracked 
| 179|0x000000008b300000, 0x000000008b300000, 0x000000008b400000|  0%| F|  |TAMS 0x000000008b300000, 0x000000008b300000| Untracked 
| 180|0x000000008b400000, 0x000000008b400000, 0x000000008b500000|  0%| F|  |TAMS 0x000000008b400000, 0x000000008b400000| Untracked 
| 181|0x000000008b500000, 0x000000008b500000, 0x000000008b600000|  0%| F|  |TAMS 0x000000008b500000, 0x000000008b500000| Untracked 
| 182|0x000000008b600000, 0x000000008b600000, 0x000000008b700000|  0%| F|  |TAMS 0x000000008b600000, 0x000000008b600000| Untracked 
| 183|0x000000008b700000, 0x000000008b700000, 0x000000008b800000|  0%| F|  |TAMS 0x000000008b700000, 0x000000008b700000| Untracked 
| 184|0x000000008b800000, 0x000000008b800000, 0x000000008b900000|  0%| F|  |TAMS 0x000000008b800000, 0x000000008b800000| Untracked 
| 185|0x000000008b900000, 0x000000008b900000, 0x000000008ba00000|  0%| F|  |TAMS 0x000000008b900000, 0x000000008b900000| Untracked 
| 186|0x000000008ba00000, 0x000000008ba00000, 0x000000008bb00000|  0%| F|  |TAMS 0x000000008ba00000, 0x000000008ba00000| Untracked 
| 187|0x000000008bb00000, 0x000000008bb00000, 0x000000008bc00000|  0%| F|  |TAMS 0x000000008bb00000, 0x000000008bb00000| Untracked 
| 188|0x000000008bc00000, 0x000000008bc00000, 0x000000008bd00000|  0%| F|  |TAMS 0x000000008bc00000, 0x000000008bc00000| Untracked 
| 189|0x000000008bd00000, 0x000000008bd00000, 0x000000008be00000|  0%| F|  |TAMS 0x000000008bd00000, 0x000000008bd00000| Untracked 
| 190|0x000000008be00000, 0x000000008be00000, 0x000000008bf00000|  0%| F|  |TAMS 0x000000008be00000, 0x000000008be00000| Untracked 
| 191|0x000000008bf00000, 0x000000008bf00000, 0x000000008c000000|  0%| F|  |TAMS 0x000000008bf00000, 0x000000008bf00000| Untracked 
| 192|0x000000008c000000, 0x000000008c000000, 0x000000008c100000|  0%| F|  |TAMS 0x000000008c000000, 0x000000008c000000| Untracked 
| 193|0x000000008c100000, 0x000000008c100000, 0x000000008c200000|  0%| F|  |TAMS 0x000000008c100000, 0x000000008c100000| Untracked 
| 194|0x000000008c200000, 0x000000008c200000, 0x000000008c300000|  0%| F|  |TAMS 0x000000008c200000, 0x000000008c200000| Untracked 
| 195|0x000000008c300000, 0x000000008c3ae960, 0x000000008c400000| 68%| E|  |TAMS 0x000000008c300000, 0x000000008c300000| Complete 
| 196|0x000000008c400000, 0x000000008c500000, 0x000000008c500000|100%| E|CS|TAMS 0x000000008c400000, 0x000000008c400000| Complete 
| 197|0x000000008c500000, 0x000000008c600000, 0x000000008c600000|100%| E|CS|TAMS 0x000000008c500000, 0x000000008c500000| Complete 
| 198|0x000000008c600000, 0x000000008c700000, 0x000000008c700000|100%| E|CS|TAMS 0x000000008c600000, 0x000000008c600000| Complete 
| 199|0x000000008c700000, 0x000000008c800000, 0x000000008c800000|100%| E|CS|TAMS 0x000000008c700000, 0x000000008c700000| Complete 
| 200|0x000000008c800000, 0x000000008c900000, 0x000000008c900000|100%| E|CS|TAMS 0x000000008c800000, 0x000000008c800000| Complete 
| 201|0x000000008c900000, 0x000000008ca00000, 0x000000008ca00000|100%| E|CS|TAMS 0x000000008c900000, 0x000000008c900000| Complete 
| 202|0x000000008ca00000, 0x000000008cb00000, 0x000000008cb00000|100%| E|CS|TAMS 0x000000008ca00000, 0x000000008ca00000| Complete 
| 203|0x000000008cb00000, 0x000000008cc00000, 0x000000008cc00000|100%| E|CS|TAMS 0x000000008cb00000, 0x000000008cb00000| Complete 
| 204|0x000000008cc00000, 0x000000008cd00000, 0x000000008cd00000|100%| E|CS|TAMS 0x000000008cc00000, 0x000000008cc00000| Complete 
| 205|0x000000008cd00000, 0x000000008ce00000, 0x000000008ce00000|100%| E|CS|TAMS 0x000000008cd00000, 0x000000008cd00000| Complete 
| 206|0x000000008ce00000, 0x000000008cf00000, 0x000000008cf00000|100%| E|CS|TAMS 0x000000008ce00000, 0x000000008ce00000| Complete 
| 207|0x000000008cf00000, 0x000000008d000000, 0x000000008d000000|100%| E|CS|TAMS 0x000000008cf00000, 0x000000008cf00000| Complete 
| 208|0x000000008d000000, 0x000000008d100000, 0x000000008d100000|100%| E|CS|TAMS 0x000000008d000000, 0x000000008d000000| Complete 
| 209|0x000000008d100000, 0x000000008d200000, 0x000000008d200000|100%| E|CS|TAMS 0x000000008d100000, 0x000000008d100000| Complete 
| 210|0x000000008d200000, 0x000000008d300000, 0x000000008d300000|100%| E|CS|TAMS 0x000000008d200000, 0x000000008d200000| Complete 
| 211|0x000000008d300000, 0x000000008d400000, 0x000000008d400000|100%| E|CS|TAMS 0x000000008d300000, 0x000000008d300000| Complete 
| 212|0x000000008d400000, 0x000000008d500000, 0x000000008d500000|100%| E|CS|TAMS 0x000000008d400000, 0x000000008d400000| Complete 
| 213|0x000000008d500000, 0x000000008d600000, 0x000000008d600000|100%| E|CS|TAMS 0x000000008d500000, 0x000000008d500000| Complete 
| 214|0x000000008d600000, 0x000000008d700000, 0x000000008d700000|100%| E|  |TAMS 0x000000008d600000, 0x000000008d600000| Complete 
| 215|0x000000008d700000, 0x000000008d800000, 0x000000008d800000|100%| E|CS|TAMS 0x000000008d700000, 0x000000008d700000| Complete 
| 216|0x000000008d800000, 0x000000008d900000, 0x000000008d900000|100%| E|CS|TAMS 0x000000008d800000, 0x000000008d800000| Complete 
| 217|0x000000008d900000, 0x000000008da00000, 0x000000008da00000|100%| E|CS|TAMS 0x000000008d900000, 0x000000008d900000| Complete 
| 218|0x000000008da00000, 0x000000008db00000, 0x000000008db00000|100%| E|CS|TAMS 0x000000008da00000, 0x000000008da00000| Complete 
| 219|0x000000008db00000, 0x000000008dc00000, 0x000000008dc00000|100%| E|CS|TAMS 0x000000008db00000, 0x000000008db00000| Complete 
| 220|0x000000008dc00000, 0x000000008dd00000, 0x000000008dd00000|100%| E|CS|TAMS 0x000000008dc00000, 0x000000008dc00000| Complete 
| 221|0x000000008dd00000, 0x000000008de00000, 0x000000008de00000|100%| E|CS|TAMS 0x000000008dd00000, 0x000000008dd00000| Complete 
| 222|0x000000008de00000, 0x000000008df00000, 0x000000008df00000|100%| E|CS|TAMS 0x000000008de00000, 0x000000008de00000| Complete 
| 223|0x000000008df00000, 0x000000008e000000, 0x000000008e000000|100%| E|CS|TAMS 0x000000008df00000, 0x000000008df00000| Complete 
| 224|0x000000008e000000, 0x000000008e100000, 0x000000008e100000|100%| E|CS|TAMS 0x000000008e000000, 0x000000008e000000| Complete 
| 225|0x000000008e100000, 0x000000008e200000, 0x000000008e200000|100%| E|CS|TAMS 0x000000008e100000, 0x000000008e100000| Complete 
| 226|0x000000008e200000, 0x000000008e300000, 0x000000008e300000|100%| E|CS|TAMS 0x000000008e200000, 0x000000008e200000| Complete 
| 227|0x000000008e300000, 0x000000008e400000, 0x000000008e400000|100%| E|CS|TAMS 0x000000008e300000, 0x000000008e300000| Complete 
| 228|0x000000008e400000, 0x000000008e500000, 0x000000008e500000|100%| E|CS|TAMS 0x000000008e400000, 0x000000008e400000| Complete 
| 229|0x000000008e500000, 0x000000008e600000, 0x000000008e600000|100%| E|CS|TAMS 0x000000008e500000, 0x000000008e500000| Complete 

Card table byte_map: [0x000001c9257d0000,0x000001c925bd0000] _byte_map_base: 0x000001c9253d0000

Marking Bits (Prev, Next): (CMBitMap*) 0x000001c90dcd0278, (CMBitMap*) 0x000001c90dcd02b8
 Prev Bits: [0x000001c925fd0000, 0x000001c927fd0000)
 Next Bits: [0x000001c927fd0000, 0x000001c929fd0000)

Polling page: 0x000001c90bb80000

Metaspace:

Usage:
  Non-class:     70.55 MB capacity,    69.04 MB ( 98%) used,     1.25 MB (  2%) free+waste,   277.81 KB ( <1%) overhead. 
      Class:     11.86 MB capacity,    10.98 MB ( 93%) used,   770.72 KB (  6%) free+waste,   130.06 KB (  1%) overhead. 
       Both:     82.41 MB capacity,    80.01 MB ( 97%) used,     2.00 MB (  2%) free+waste,   407.88 KB ( <1%) overhead. 

Virtual space:
  Non-class space:       72.00 MB reserved,      70.67 MB ( 98%) committed 
      Class space:        1.00 GB reserved,      11.88 MB (  1%) committed 
             Both:        1.07 GB reserved,      82.54 MB (  8%) committed 

Chunk freelists:
   Non-Class:  6.50 KB
       Class:  0 bytes
        Both:  6.50 KB

CodeHeap 'non-profiled nmethods': size=120000Kb used=5902Kb max_used=5902Kb free=114097Kb
 bounds [0x000001c91db70000, 0x000001c91e150000, 0x000001c9250a0000]
CodeHeap 'profiled nmethods': size=120000Kb used=20038Kb max_used=20038Kb free=99961Kb
 bounds [0x000001c916640000, 0x000001c917a00000, 0x000001c91db70000]
CodeHeap 'non-nmethods': size=5760Kb used=2310Kb max_used=2367Kb free=3449Kb
 bounds [0x000001c9160a0000, 0x000001c916310000, 0x000001c916640000]
 total_blobs=14459 nmethods=9148 adapters=808
 compilation: enabled
              stopped_count=0, restarted_count=0
 full_count=0

Compilation events (10 events):
Event: 21.554 Thread 0x000001c92ca2d000 nmethod 10611 0x000001c917997d10 code [0x000001c917997f60, 0x000001c9179989a0]
Event: 21.554 Thread 0x000001c92ca2d000 10612       1       org.gradle.internal.execution.steps.IdentityContext::getInputProperties (5 bytes)
Event: 21.554 Thread 0x000001c92ca2d000 nmethod 10612 0x000001c91ded1610 code [0x000001c91ded17c0, 0x000001c91ded18f8]
Event: 21.554 Thread 0x000001c92ca2d000 10613       1       org.gradle.internal.execution.steps.IdentityContext::getInputFileProperties (5 bytes)
Event: 21.554 Thread 0x000001c92ca2d000 nmethod 10613 0x000001c91ded1210 code [0x000001c91ded13c0, 0x000001c91ded14f8]
Event: 21.555 Thread 0x000001c92ca2d000 10614   !   3       java.util.concurrent.locks.AbstractQueuedSynchronizer::doAcquireInterruptibly (74 bytes)
Event: 21.559 Thread 0x000001c92ca2d000 nmethod 10614 0x000001c917998c90 code [0x000001c917998f60, 0x000001c917999c40]
Event: 21.562 Thread 0x000001c92ca2d000 10616   !   3       org.gradle.internal.resources.DefaultResourceLockCoordinationService::assertHasStateLock (33 bytes)
Event: 21.563 Thread 0x000001c92ca2d000 nmethod 10616 0x000001c91799a210 code [0x000001c91799a420, 0x000001c91799ab90]
Event: 21.563 Thread 0x000001c92ca2d000 10617       3       java.util.HashSet::clear (8 bytes)

GC Heap History (10 events):
Event: 17.700 GC heap before
{Heap before GC invocations=36 (full 0):
 garbage-first heap   total 162816K, used 123929K [0x0000000080000000, 0x0000000100000000)
  region size 1024K, 53 young (54272K), 6 survivors (6144K)
 Metaspace       used 70389K, capacity 72284K, committed 72492K, reserved 1112064K
  class space    used 9632K, capacity 10344K, committed 10368K, reserved 1048576K
}
Event: 17.712 GC heap after
{Heap after GC invocations=37 (full 0):
 garbage-first heap   total 195584K, used 78889K [0x0000000080000000, 0x0000000100000000)
  region size 1024K, 6 young (6144K), 6 survivors (6144K)
 Metaspace       used 70389K, capacity 72284K, committed 72492K, reserved 1112064K
  class space    used 9632K, capacity 10344K, committed 10368K, reserved 1048576K
}
Event: 18.735 GC heap before
{Heap before GC invocations=37 (full 0):
 garbage-first heap   total 195584K, used 142377K [0x0000000080000000, 0x0000000100000000)
  region size 1024K, 68 young (69632K), 6 survivors (6144K)
 Metaspace       used 74431K, capacity 76458K, committed 76716K, reserved 1116160K
  class space    used 10198K, capacity 10960K, committed 11008K, reserved 1048576K
}
Event: 18.747 GC heap after
{Heap after GC invocations=38 (full 0):
 garbage-first heap   total 195584K, used 83984K [0x0000000080000000, 0x0000000100000000)
  region size 1024K, 9 young (9216K), 9 survivors (9216K)
 Metaspace       used 74431K, capacity 76458K, committed 76716K, reserved 1116160K
  class space    used 10198K, capacity 10960K, committed 11008K, reserved 1048576K
}
Event: 19.772 GC heap before
{Heap before GC invocations=38 (full 0):
 garbage-first heap   total 195584K, used 146448K [0x0000000080000000, 0x0000000100000000)
  region size 1024K, 70 young (71680K), 9 survivors (9216K)
 Metaspace       used 78849K, capacity 80997K, committed 81196K, reserved 1118208K
  class space    used 10772K, capacity 11536K, committed 11648K, reserved 1048576K
}
Event: 19.785 GC heap after
{Heap after GC invocations=39 (full 0):
 garbage-first heap   total 195584K, used 89584K [0x0000000080000000, 0x0000000100000000)
  region size 1024K, 6 young (6144K), 6 survivors (6144K)
 Metaspace       used 78849K, capacity 80997K, committed 81196K, reserved 1118208K
  class space    used 10772K, capacity 11536K, committed 11648K, reserved 1048576K
}
Event: 20.198 GC heap before
{Heap before GC invocations=39 (full 0):
 garbage-first heap   total 195584K, used 151024K [0x0000000080000000, 0x0000000100000000)
  region size 1024K, 66 young (67584K), 6 survivors (6144K)
 Metaspace       used 78982K, capacity 81092K, committed 81452K, reserved 1120256K
  class space    used 10780K, capacity 11542K, committed 11648K, reserved 1048576K
}
Event: 20.209 GC heap after
{Heap after GC invocations=40 (full 0):
 garbage-first heap   total 195584K, used 97478K [0x0000000080000000, 0x0000000100000000)
  region size 1024K, 8 young (8192K), 8 survivors (8192K)
 Metaspace       used 78982K, capacity 81092K, committed 81452K, reserved 1120256K
  class space    used 10780K, capacity 11542K, committed 11648K, reserved 1048576K
}
Event: 21.271 GC heap before
{Heap before GC invocations=40 (full 0):
 garbage-first heap   total 195584K, used 152774K [0x0000000080000000, 0x0000000100000000)
  region size 1024K, 63 young (64512K), 8 survivors (8192K)
 Metaspace       used 81792K, capacity 84251K, committed 84524K, reserved 1122304K
  class space    used 11240K, capacity 12141K, committed 12160K, reserved 1048576K
}
Event: 21.291 GC heap after
{Heap after GC invocations=41 (full 0):
 garbage-first heap   total 235520K, used 104379K [0x0000000080000000, 0x0000000100000000)
  region size 1024K, 7 young (7168K), 7 survivors (7168K)
 Metaspace       used 81792K, capacity 84251K, committed 84524K, reserved 1122304K
  class space    used 11240K, capacity 12141K, committed 12160K, reserved 1048576K
}

Deoptimization events (10 events):
Event: 21.237 Thread 0x000001c92faa0000 Uncommon trap: reason=unstable_if action=reinterpret pc=0x000001c91deee0ec method=java.util.concurrent.ConcurrentHashMap.initTable()[Ljava/util/concurrent/ConcurrentHashMap$Node; @ 20 c2
Event: 21.237 Thread 0x000001c930fec000 Uncommon trap: reason=unstable_if action=reinterpret pc=0x000001c91deee0ec method=java.util.concurrent.ConcurrentHashMap.initTable()[Ljava/util/concurrent/ConcurrentHashMap$Node; @ 20 c2
Event: 21.254 Thread 0x000001c92d660800 Uncommon trap: reason=bimorphic_or_optimized_type_check action=maybe_recompile pc=0x000001c91df4ec60 method=java.io.BufferedInputStream.read1([BII)I @ 39 c2
Event: 21.265 Thread 0x000001c92d660800 Uncommon trap: reason=bimorphic_or_optimized_type_check action=maybe_recompile pc=0x000001c91df4ec60 method=java.io.BufferedInputStream.read1([BII)I @ 39 c2
Event: 21.316 Thread 0x000001c930fe7000 Uncommon trap: reason=unstable_if action=reinterpret pc=0x000001c91df6040c method=java.util.concurrent.ConcurrentHashMap.get(Ljava/lang/Object;)Ljava/lang/Object; @ 86 c2
Event: 21.325 Thread 0x000001c930fe7000 Uncommon trap: reason=unstable_if action=reinterpret pc=0x000001c91e012738 method=java.util.concurrent.ConcurrentHashMap.computeIfAbsent(Ljava/lang/Object;Ljava/util/function/Function;)Ljava/lang/Object; @ 279 c2
Event: 21.436 Thread 0x000001c92f975800 Uncommon trap: reason=unstable_if action=reinterpret pc=0x000001c91ddd0d80 method=java.lang.StringLatin1.compareToCI([B[B)I @ 68 c2
Event: 21.442 Thread 0x000001c92d660800 Uncommon trap: reason=bimorphic_or_optimized_type_check action=maybe_recompile pc=0x000001c91df4ec60 method=java.io.BufferedInputStream.read1([BII)I @ 39 c2
Event: 21.443 Thread 0x000001c92d660800 Uncommon trap: reason=unstable_if action=reinterpret pc=0x000001c91de3aa6c method=com.esotericsoftware.kryo.io.Input.readVarInt(Z)I @ 42 c2
Event: 21.542 Thread 0x000001c92d660800 Uncommon trap: reason=bimorphic_or_optimized_type_check action=maybe_recompile pc=0x000001c91df4ec60 method=java.io.BufferedInputStream.read1([BII)I @ 39 c2

Classes redefined (0 events):
No events

Internal exceptions (10 events):
Event: 20.551 Thread 0x000001c92fa9a800 Exception <a 'sun/nio/fs/WindowsException'{0x000000008ae22b58}> (0x000000008ae22b58) thrown at [t:/workspace/open/src/hotspot/share/prims/jni.cpp, line 615]
Event: 21.177 Thread 0x000001c92faa0000 Exception <a 'java/lang/NoSuchMethodError'{0x00000000896fae30}: java.lang.invoke.DirectMethodHandle$Holder.invokeStatic(Ljava/lang/Object;Ljava/lang/Object;Ljava/lang/Object;Ljava/lang/Object;ILjava/lang/Object;Ljava/lang/Object;)V> (0x00000000896fae30) t
Event: 21.213 Thread 0x000001c930fe2800 Exception <a 'java/lang/NoSuchMethodError'{0x0000000088ddd590}: java.lang.invoke.DirectMethodHandle$Holder.invokeSpecialIFC(Ljava/lang/Object;Ljava/lang/Object;Ljava/lang/Object;)Ljava/lang/Object;> (0x0000000088ddd590) thrown at [t:/workspace/open/src/ho
Event: 21.213 Thread 0x000001c92f96b800 Exception <a 'java/lang/NoSuchMethodError'{0x0000000088da9908}: java.lang.invoke.DirectMethodHandle$Holder.invokeSpecialIFC(Ljava/lang/Object;Ljava/lang/Object;Ljava/lang/Object;)Ljava/lang/Object;> (0x0000000088da9908) thrown at [t:/workspace/open/src/ho
Event: 21.213 Thread 0x000001c92f975800 Exception <a 'java/lang/NoSuchMethodError'{0x0000000088d98de8}: java.lang.invoke.DirectMethodHandle$Holder.invokeSpecialIFC(Ljava/lang/Object;Ljava/lang/Object;Ljava/lang/Object;)Ljava/lang/Object;> (0x0000000088d98de8) thrown at [t:/workspace/open/src/ho
Event: 21.213 Thread 0x000001c930fec000 Exception <a 'java/lang/NoSuchMethodError'{0x0000000088d81088}: java.lang.invoke.DirectMethodHandle$Holder.invokeSpecialIFC(Ljava/lang/Object;Ljava/lang/Object;Ljava/lang/Object;)Ljava/lang/Object;> (0x0000000088d81088) thrown at [t:/workspace/open/src/ho
Event: 21.214 Thread 0x000001c92d53b800 Exception <a 'java/lang/NoSuchMethodError'{0x0000000088dc49f8}: java.lang.invoke.DirectMethodHandle$Holder.invokeSpecialIFC(Ljava/lang/Object;Ljava/lang/Object;Ljava/lang/Object;)Ljava/lang/Object;> (0x0000000088dc49f8) thrown at [t:/workspace/open/src/ho
Event: 21.213 Thread 0x000001c92f97a000 Exception <a 'java/lang/NoSuchMethodError'{0x0000000088d44e70}: java.lang.invoke.DirectMethodHandle$Holder.invokeSpecialIFC(Ljava/lang/Object;Ljava/lang/Object;Ljava/lang/Object;)Ljava/lang/Object;> (0x0000000088d44e70) thrown at [t:/workspace/open/src/ho
Event: 21.214 Thread 0x000001c92faa0000 Exception <a 'java/lang/NoSuchMethodError'{0x0000000089359cc0}: java.lang.invoke.DirectMethodHandle$Holder.invokeSpecialIFC(Ljava/lang/Object;Ljava/lang/Object;Ljava/lang/Object;)Ljava/lang/Object;> (0x0000000089359cc0) thrown at [t:/workspace/open/src/ho
Event: 21.561 Thread 0x000001c92faa0000 Exception <a 'java/lang/NoSuchMethodError'{0x000000008da48c50}: java.lang.invoke.DirectMethodHandle$Holder.invokeVirtual(Ljava/lang/Object;Ljava/lang/Object;)V> (0x000000008da48c50) thrown at [t:/workspace/open/src/hotspot/share/interpreter/linkResolver.c

Events (10 events):
Event: 21.542 Thread 0x000001c92d660800 DEOPT PACKING pc=0x000001c91df4ec60 sp=0x0000002611efdcd0
Event: 21.542 Thread 0x000001c92d660800 DEOPT UNPACKING pc=0x000001c9160c9baf sp=0x0000002611efdbe8 mode 2
Event: 21.555 Executing VM operation: RevokeBias
Event: 21.556 Executing VM operation: RevokeBias done
Event: 21.556 Executing VM operation: RevokeBias
Event: 21.558 Executing VM operation: RevokeBias done
Event: 21.558 Executing VM operation: RevokeBias
Event: 21.559 Executing VM operation: RevokeBias done
Event: 21.559 Executing VM operation: G1Concurrent
Event: 21.560 Executing VM operation: G1Concurrent done


Dynamic libraries:
0x00007ff687bd0000 - 0x00007ff687bdf000 	C:\Program Files\Java\jdk-12.0.2\bin\java.exe
0x00007ffa32a70000 - 0x00007ffa32c68000 	C:\WINDOWS\SYSTEM32\ntdll.dll
0x00007ffa032b0000 - 0x00007ffa032c9000 	C:\Program Files\AVG\Antivirus\aswhook.dll
0x00007ffa31730000 - 0x00007ffa317ed000 	C:\WINDOWS\System32\KERNEL32.DLL
0x00007ffa30180000 - 0x00007ffa30476000 	C:\WINDOWS\System32\KERNELBASE.dll
0x00007ffa30580000 - 0x00007ffa30680000 	C:\WINDOWS\System32\ucrtbase.dll
0x00007ffa2d780000 - 0x00007ffa2d798000 	C:\Program Files\Java\jdk-12.0.2\bin\jli.dll
0x00007ffa2bbd0000 - 0x00007ffa2bbe6000 	C:\Program Files\Java\jdk-12.0.2\bin\VCRUNTIME140.dll
0x00007ffa317f0000 - 0x00007ffa3189f000 	C:\WINDOWS\System32\ADVAPI32.dll
0x00007ffa32960000 - 0x00007ffa329fe000 	C:\WINDOWS\System32\msvcrt.dll
0x00007ffa32150000 - 0x00007ffa321ec000 	C:\WINDOWS\System32\sechost.dll
0x00007ffa318a0000 - 0x00007ffa319c6000 	C:\WINDOWS\System32\RPCRT4.dll
0x00007ffa31ee0000 - 0x00007ffa3207e000 	C:\WINDOWS\System32\USER32.dll
0x00007ffa30150000 - 0x00007ffa30172000 	C:\WINDOWS\System32\win32u.dll
0x00007ffa1b910000 - 0x00007ffa1bbaa000 	C:\WINDOWS\WinSxS\amd64_microsoft.windows.common-controls_6595b64144ccf1df_6.0.19041.3636_none_60b6a03d71f818d5\COMCTL32.dll
0x00007ffa319d0000 - 0x00007ffa319fc000 	C:\WINDOWS\System32\GDI32.dll
0x00007ffa306b0000 - 0x00007ffa307ca000 	C:\WINDOWS\System32\gdi32full.dll
0x00007ffa30930000 - 0x00007ffa309cd000 	C:\WINDOWS\System32\msvcp_win.dll
0x00007ffa26c40000 - 0x00007ffa26c4a000 	C:\WINDOWS\SYSTEM32\VERSION.dll
0x00007ffa32a00000 - 0x00007ffa32a30000 	C:\WINDOWS\System32\IMM32.DLL
0x00007ffa07620000 - 0x00007ffa076ca000 	C:\Program Files\Java\jdk-12.0.2\bin\msvcp140.dll
0x00007ff9edd00000 - 0x00007ff9ee877000 	C:\Program Files\Java\jdk-12.0.2\bin\server\jvm.dll
0x00007ffa31d50000 - 0x00007ffa31d58000 	C:\WINDOWS\System32\PSAPI.DLL
0x00007ffa259b0000 - 0x00007ffa259d7000 	C:\WINDOWS\SYSTEM32\WINMM.dll
0x00007ffa0d3f0000 - 0x00007ffa0d3f9000 	C:\WINDOWS\SYSTEM32\WSOCK32.dll
0x00007ffa31ce0000 - 0x00007ffa31d4b000 	C:\WINDOWS\System32\WS2_32.dll
0x00007ffa2dff0000 - 0x00007ffa2e002000 	C:\WINDOWS\SYSTEM32\kernel.appcore.dll
0x00007ffa2a150000 - 0x00007ffa2a161000 	C:\Program Files\Java\jdk-12.0.2\bin\verify.dll
0x00007ffa22970000 - 0x00007ffa22b54000 	C:\WINDOWS\SYSTEM32\DBGHELP.DLL
0x00007ffa225d0000 - 0x00007ffa22604000 	C:\WINDOWS\SYSTEM32\dbgcore.DLL
0x00007ffa304f0000 - 0x00007ffa30572000 	C:\WINDOWS\System32\bcryptPrimitives.dll
0x00007ffa27bf0000 - 0x00007ffa27c16000 	C:\Program Files\Java\jdk-12.0.2\bin\java.dll
0x00007ffa29ad0000 - 0x00007ffa29ae7000 	C:\Program Files\Java\jdk-12.0.2\bin\zip.dll
0x00007ffa2bc50000 - 0x00007ffa2bc5a000 	C:\Program Files\Java\jdk-12.0.2\bin\jimage.dll
0x00007ffa30ad0000 - 0x00007ffa31214000 	C:\WINDOWS\System32\SHELL32.dll
0x00007ffa2e1f0000 - 0x00007ffa2e98b000 	C:\WINDOWS\SYSTEM32\windows.storage.dll
0x00007ffa313d0000 - 0x00007ffa31724000 	C:\WINDOWS\System32\combase.dll
0x00007ffa2fac0000 - 0x00007ffa2faed000 	C:\WINDOWS\SYSTEM32\Wldp.dll
0x00007ffa31e30000 - 0x00007ffa31edd000 	C:\WINDOWS\System32\SHCORE.dll
0x00007ffa32080000 - 0x00007ffa320d5000 	C:\WINDOWS\System32\shlwapi.dll
0x00007ffa30080000 - 0x00007ffa300a5000 	C:\WINDOWS\SYSTEM32\profapi.dll
0x00007ffa28090000 - 0x00007ffa280a9000 	C:\Program Files\Java\jdk-12.0.2\bin\net.dll
0x00007ffa28f90000 - 0x00007ffa2909a000 	C:\WINDOWS\SYSTEM32\WINHTTP.dll
0x00007ffa1e4e0000 - 0x00007ffa1e6cd000 	C:\WINDOWS\SYSTEM32\urlmon.dll
0x00007ffa1ea40000 - 0x00007ffa1ecfc000 	C:\WINDOWS\SYSTEM32\iertutil.dll
0x00007ffa2f670000 - 0x00007ffa2f67c000 	C:\WINDOWS\SYSTEM32\netutils.dll
0x00007ffa25920000 - 0x00007ffa25948000 	C:\WINDOWS\SYSTEM32\srvcli.dll
0x00007ffa2f820000 - 0x00007ffa2f88a000 	C:\WINDOWS\system32\mswsock.dll
0x00007ffa27bd0000 - 0x00007ffa27be3000 	C:\Program Files\Java\jdk-12.0.2\bin\nio.dll
0x00007ffa27c70000 - 0x00007ffa27c97000 	C:\Users\user\.gradle\native\68d5fa5c4cc2d200863cafc0d521ce42e7d3e7ee720ec0a83991735586a16f82\windows-amd64\native-platform.dll
0x00007ff9f9d30000 - 0x00007ff9f9e74000 	C:\Users\user\.gradle\native\e376f236ea51e6404a007f0833ffe2c6e607c4080706a723a18a27aeea778392\windows-amd64\native-platform-file-events.dll
0x00007ffa2bc30000 - 0x00007ffa2bc39000 	C:\Program Files\Java\jdk-12.0.2\bin\management.dll
0x00007ffa29390000 - 0x00007ffa2939c000 	C:\Program Files\Java\jdk-12.0.2\bin\management_ext.dll
0x00007ffa2fa10000 - 0x00007ffa2fa28000 	C:\WINDOWS\SYSTEM32\CRYPTSP.dll
0x00007ffa2f150000 - 0x00007ffa2f184000 	C:\WINDOWS\system32\rsaenh.dll
0x00007ffa30680000 - 0x00007ffa306a7000 	C:\WINDOWS\System32\bcrypt.dll
0x00007ffa2ffd0000 - 0x00007ffa2fffe000 	C:\WINDOWS\SYSTEM32\USERENV.dll
0x00007ffa2fa30000 - 0x00007ffa2fa3c000 	C:\WINDOWS\SYSTEM32\CRYPTBASE.dll
0x00007ffa2f510000 - 0x00007ffa2f54b000 	C:\WINDOWS\SYSTEM32\IPHLPAPI.DLL
0x00007ffa31c70000 - 0x00007ffa31c78000 	C:\WINDOWS\System32\NSI.dll
0x00007ffa25750000 - 0x00007ffa25767000 	C:\WINDOWS\SYSTEM32\dhcpcsvc6.DLL
0x00007ffa268d0000 - 0x00007ffa268ed000 	C:\WINDOWS\SYSTEM32\dhcpcsvc.DLL
0x00007ffa2f550000 - 0x00007ffa2f61a000 	C:\WINDOWS\SYSTEM32\DNSAPI.dll
0x00007ffa067e0000 - 0x00007ffa067f7000 	C:\WINDOWS\system32\napinsp.dll
0x00007ffa06740000 - 0x00007ffa0675b000 	C:\WINDOWS\system32\pnrpnsp.dll
0x00007ffa2aed0000 - 0x00007ffa2aee5000 	C:\WINDOWS\system32\wshbth.dll
0x00007ffa2b9b0000 - 0x00007ffa2b9cd000 	C:\WINDOWS\system32\NLAapi.dll
0x00007ffa06700000 - 0x00007ffa06712000 	C:\WINDOWS\System32\winrnr.dll
0x00007ffa28450000 - 0x00007ffa2845a000 	C:\Windows\System32\rasadhlp.dll
0x00007ffa0e350000 - 0x00007ffa0e3d0000 	C:\WINDOWS\System32\fwpuclnt.dll

dbghelp: loaded successfully - version: 4.0.5 - missing functions: none
symbol engine: initialized successfully - sym options: 0x614 - pdb path: .;C:\Program Files\Java\jdk-12.0.2\bin;C:\WINDOWS\SYSTEM32;C:\Program Files\AVG\Antivirus;C:\WINDOWS\WinSxS\amd64_microsoft.windows.common-controls_6595b64144ccf1df_6.0.19041.3636_none_60b6a03d71f818d5;C:\Program Files\Java\jdk-12.0.2\bin\server;C:\Users\user\.gradle\native\68d5fa5c4cc2d200863cafc0d521ce42e7d3e7ee720ec0a83991735586a16f82\windows-amd64;C:\Users\user\.gradle\native\e376f236ea51e6404a007f0833ffe2c6e607c4080706a723a18a27aeea778392\windows-amd64

VM Arguments:
jvm_args: --add-opens=java.base/java.util=ALL-UNNAMED --add-opens=java.base/java.lang=ALL-UNNAMED --add-opens=java.base/java.lang.invoke=ALL-UNNAMED --add-opens=java.prefs/java.util.prefs=ALL-UNNAMED --add-opens=java.base/java.nio.charset=ALL-UNNAMED --add-opens=java.base/java.net=ALL-UNNAMED --add-opens=java.base/java.util.concurrent.atomic=ALL-UNNAMED -Xmx2048m -Dfile.encoding=UTF-8 -Duser.country=TR -Duser.language=tr -Duser.variant 
java_command: org.gradle.launcher.daemon.bootstrap.GradleDaemon 8.0
java_class_path (initial): C:\Users\user\.gradle\wrapper\dists\gradle-8.0-bin\ca5e32bp14vu59qr306oxotwh\gradle-8.0\lib\gradle-launcher-8.0.jar
Launcher Type: SUN_STANDARD

[Global flags]
     intx CICompilerCount                          = 4                                         {product} {ergonomic}
     uint ConcGCThreads                            = 2                                         {product} {ergonomic}
     uint G1ConcRefinementThreads                  = 8                                         {product} {ergonomic}
   size_t G1HeapRegionSize                         = 1048576                                   {product} {ergonomic}
    uintx GCDrainStackTargetSize                   = 64                                        {product} {ergonomic}
   size_t InitialHeapSize                          = 117440512                                 {product} {ergonomic}
   size_t MarkStackSize                            = 4194304                                   {product} {ergonomic}
   size_t MaxHeapSize                              = 2147483648                                {product} {command line}
   size_t MaxNewSize                               = 1287651328                                {product} {ergonomic}
   size_t MinHeapDeltaBytes                        = 1048576                                   {product} {ergonomic}
    uintx NonNMethodCodeHeapSize                   = 5836300                                {pd product} {ergonomic}
    uintx NonProfiledCodeHeapSize                  = 122910970                              {pd product} {ergonomic}
    uintx ProfiledCodeHeapSize                     = 122910970                              {pd product} {ergonomic}
    uintx ReservedCodeCacheSize                    = 251658240                              {pd product} {ergonomic}
     bool SegmentedCodeCache                       = true                                      {product} {ergonomic}
     bool UseCompressedClassPointers               = true                                 {lp64_product} {ergonomic}
     bool UseCompressedOops                        = true                                 {lp64_product} {ergonomic}
     bool UseG1GC                                  = true                                      {product} {ergonomic}
     bool UseLargePagesIndividualAllocation        = false                                  {pd product} {ergonomic}

Logging:
Log output configuration:
 #0: stdout all=warning uptime,level,tags
 #1: stderr all=off uptime,level,tags

Environment Variables:
JAVA_HOME=C:\Program Files\Java\jdk-12.0.2
PATH=C:\MinGW\bin;C:\Windows\system32;C:\Windows;C:\Windows\System32\Wbem;C:\Windows\System32\WindowsPowerShell\v1.0\;C:\Windows\System32\OpenSSH\;C:\Program Files\Java\jdk-12.0.2\bin;C:\Program Files\nodejs\;C:\Program Files\Polyspace\R2020a\runtime\win64;C:\Program Files\Polyspace\R2020a\bin;C:\Program Files\Polyspace\R2020a\polyspace\bin;C:\Program Files (x86)\NVIDIA Corporation\PhysX\Common;C:\WINDOWS\system32;C:\WINDOWS;C:\WINDOWS\System32\Wbem;C:\WINDOWS\System32\WindowsPowerShell\v1.0\;C:\WINDOWS\System32\OpenSSH\;C:\Program Files\Git\cmd;C:\Program Files\NVIDIA Corporation\Nsight Compute 2019.1\;D:\runtime\win64;D:\bin;D:\polyspace\bin;C:\Program Files\dotnet\;C:\Program Files\Git LFS;C:\Program Files\PuTTY\;C:\Program Files (x86)\STMicroelectronics\STM32 ST-LINK Utility\ST-LINK Utility;C:\MinGW\bin;C:\Users\user\AppData\Local\Programs\Python\Python310\Scripts\;C:\Users\user\AppData\Local\Programs\Python\Python310\;C:\Users\user\AppData\Local\Programs\Python\Python39\Scripts\;C:\Users\user\AppData\Local\Programs\Python\Python39\;C:\Users\user\AppData\Local\Programs\Python\Python36\Scripts\;C:\Users\user\AppData\Local\Programs\Python\Python36\;C:\Users\user\anaconda3;C:\Users\user\anaconda3\Library\mingw-w64\bin;C:\Users\user\anaconda3\Library\usr\bin;C:\Users\user\anaconda3\Library\bin;C:\Users\user\anaconda3\Scripts;C:\Users\user\AppData\Roaming\npm;C:\Users\user\AppData\Local\Programs\Microsoft VS Code\bin;C:\Users\user\AppData\Local\Microsoft\WindowsApps;C:\Users\user\Desktop\goruntuisleme\protoc\bin;
USERNAME=user
OS=Windows_NT
PROCESSOR_IDENTIFIER=AMD64 Family 23 Model 17 Stepping 0, AuthenticAMD



---------------  S Y S T E M  ---------------

OS: Windows 10 , 64 bit Build 19041 (10.0.19041.3636)

CPU:total 8 (initial active 8) (8 cores per cpu, 2 threads per core) family 23 model 17 stepping 0, cmov, cx8, fxsr, mmx, sse, sse2, sse3, ssse3, sse4.1, sse4.2, popcnt, avx, avx2, aes, clmul, mmxext, 3dnowpref, lzcnt, sse4a, ht, tsc, tscinvbit, tscinv, bmi1, bmi2, adx, sha, fma

Memory: 4k page, system-wide physical 7068M (476M free)
TotalPageFile size 28572M (AvailPageFile size 1M)
current process WorkingSet (physical memory assigned to process): 481M, peak: 481M
current process commit charge ("private bytes"): 529M, peak: 529M

vm_info: Java HotSpot(TM) 64-Bit Server VM (12.0.2+10) for windows-amd64 JRE (12.0.2+10), built on Jul 16 2019 01:56:17 by "mach5one" with MS VC++ 15.5 (VS2017)

END.
